 ENC
 ENC bytes 0
 0:   SWcycles : 169450   HWcycles : 17996
 1:   SWcycles : 11905   HWcycles : 210
 2:   SWcycles : 11900   HWcycles : 206
 3:   SWcycles : 11885   HWcycles : 206
 4:   SWcycles : 11885   HWcycles : 206
 5:   SWcycles : 11885   HWcycles : 206
 6:   SWcycles : 11885   HWcycles : 206
 7:   SWcycles : 11885   HWcycles : 206
 8:   SWcycles : 11885   HWcycles : 206
 9:   SWcycles : 11885   HWcycles : 206
 10:   SWcycles : 11885   HWcycles : 206
 11:   SWcycles : 11885   HWcycles : 206
 12:   SWcycles : 11885   HWcycles : 206
 13:   SWcycles : 11885   HWcycles : 206
 14:   SWcycles : 11885   HWcycles : 206
 15:   SWcycles : 11885   HWcycles : 206
 16:   SWcycles : 11885   HWcycles : 206
 17:   SWcycles : 11885   HWcycles : 206
 18:   SWcycles : 11885   HWcycles : 206
 19:   SWcycles : 11885   HWcycles : 206
 20:   SWcycles : 11885   HWcycles : 206
 21:   SWcycles : 11885   HWcycles : 206
 22:   SWcycles : 11885   HWcycles : 206
 23:   SWcycles : 11885   HWcycles : 206
 24:   SWcycles : 11885   HWcycles : 206
 25:   SWcycles : 11885   HWcycles : 206
 26:   SWcycles : 11885   HWcycles : 206
 27:   SWcycles : 11885   HWcycles : 206
 28:   SWcycles : 11885   HWcycles : 206
 29:   SWcycles : 11885   HWcycles : 206
 ENC bytes 8
 0:   SWcycles : 19451   HWcycles : 222
 1:   SWcycles : 14864   HWcycles : 224
 2:   SWcycles : 14849   HWcycles : 224
 3:   SWcycles : 14849   HWcycles : 220
 4:   SWcycles : 14849   HWcycles : 224
 5:   SWcycles : 14849   HWcycles : 224
 6:   SWcycles : 14849   HWcycles : 224
 7:   SWcycles : 14849   HWcycles : 224
 8:   SWcycles : 14849   HWcycles : 224
 9:   SWcycles : 14849   HWcycles : 224
 10:   SWcycles : 14849   HWcycles : 224
 11:   SWcycles : 14849   HWcycles : 224
 12:   SWcycles : 14849   HWcycles : 224
 13:   SWcycles : 14849   HWcycles : 224
 14:   SWcycles : 14849   HWcycles : 224
 15:   SWcycles : 14849   HWcycles : 224
 16:   SWcycles : 14849   HWcycles : 224
 17:   SWcycles : 14849   HWcycles : 224
 18:   SWcycles : 14849   HWcycles : 224
 19:   SWcycles : 14849   HWcycles : 224
 20:   SWcycles : 14849   HWcycles : 224
 21:   SWcycles : 14849   HWcycles : 224
 22:   SWcycles : 14849   HWcycles : 224
 23:   SWcycles : 14849   HWcycles : 224
 24:   SWcycles : 14849   HWcycles : 224
 25:   SWcycles : 14849   HWcycles : 224
 26:   SWcycles : 14849   HWcycles : 224
 27:   SWcycles : 14849   HWcycles : 224
 28:   SWcycles : 14849   HWcycles : 224
 29:   SWcycles : 14849   HWcycles : 224
 ENC bytes 96
 0:   SWcycles : 47487   HWcycles : 376
 1:   SWcycles : 47474   HWcycles : 374
 2:   SWcycles : 47470   HWcycles : 374
 3:   SWcycles : 47470   HWcycles : 378
 4:   SWcycles : 47470   HWcycles : 374
 5:   SWcycles : 47470   HWcycles : 374
 6:   SWcycles : 47470   HWcycles : 374
 7:   SWcycles : 47470   HWcycles : 374
 8:   SWcycles : 47470   HWcycles : 374
 9:   SWcycles : 47470   HWcycles : 374
 10:   SWcycles : 47470   HWcycles : 374
 11:   SWcycles : 47470   HWcycles : 374
 12:   SWcycles : 47470   HWcycles : 374
 13:   SWcycles : 47470   HWcycles : 374
 14:   SWcycles : 47470   HWcycles : 374
 15:   SWcycles : 47470   HWcycles : 374
 16:   SWcycles : 47470   HWcycles : 374
 17:   SWcycles : 47470   HWcycles : 374
 18:   SWcycles : 47470   HWcycles : 374
 19:   SWcycles : 47470   HWcycles : 374
 20:   SWcycles : 47470   HWcycles : 374
 21:   SWcycles : 47470   HWcycles : 374
 22:   SWcycles : 47470   HWcycles : 374
 23:   SWcycles : 47470   HWcycles : 374
 24:   SWcycles : 47470   HWcycles : 374
 25:   SWcycles : 47470   HWcycles : 374
 26:   SWcycles : 47470   HWcycles : 374
 27:   SWcycles : 47470   HWcycles : 374
 28:   SWcycles : 47470   HWcycles : 374
 29:   SWcycles : 47470   HWcycles : 374
 ENC bytes 496
 0:   SWcycles : 195732   HWcycles : 1076
 1:   SWcycles : 195724   HWcycles : 1074
 2:   SWcycles : 195720   HWcycles : 1074
 3:   SWcycles : 195720   HWcycles : 1078
 4:   SWcycles : 195720   HWcycles : 1074
 5:   SWcycles : 195720   HWcycles : 1074
 6:   SWcycles : 195720   HWcycles : 1074
 7:   SWcycles : 195720   HWcycles : 1074
 8:   SWcycles : 195720   HWcycles : 1074
 9:   SWcycles : 195720   HWcycles : 1074
 10:   SWcycles : 195720   HWcycles : 1074
 11:   SWcycles : 195720   HWcycles : 1074
 12:   SWcycles : 195720   HWcycles : 1074
 13:   SWcycles : 195720   HWcycles : 1074
 14:   SWcycles : 195720   HWcycles : 1074
 15:   SWcycles : 195720   HWcycles : 1074
 16:   SWcycles : 195720   HWcycles : 1074
 17:   SWcycles : 195720   HWcycles : 1074
 18:   SWcycles : 195720   HWcycles : 1074
 19:   SWcycles : 195720   HWcycles : 1074
 20:   SWcycles : 195720   HWcycles : 1074
 21:   SWcycles : 195720   HWcycles : 1074
 22:   SWcycles : 195720   HWcycles : 1074
 23:   SWcycles : 195720   HWcycles : 1074
 24:   SWcycles : 195720   HWcycles : 1074
 25:   SWcycles : 195720   HWcycles : 1074
 26:   SWcycles : 195720   HWcycles : 1074
 27:   SWcycles : 195720   HWcycles : 1074
 28:   SWcycles : 195720   HWcycles : 1074
 29:   SWcycles : 195720   HWcycles : 1074
 ENC bytes 1000
 0:   SWcycles : 382530   HWcycles : 1958
 1:   SWcycles : 382519   HWcycles : 1956
 2:   SWcycles : 382515   HWcycles : 1956
 3:   SWcycles : 382515   HWcycles : 1960
 4:   SWcycles : 382515   HWcycles : 1956
 5:   SWcycles : 382515   HWcycles : 1956
 6:   SWcycles : 382515   HWcycles : 1956
 7:   SWcycles : 382515   HWcycles : 1956
 8:   SWcycles : 382515   HWcycles : 1956
 9:   SWcycles : 382515   HWcycles : 1956
 10:   SWcycles : 382515   HWcycles : 1956
 11:   SWcycles : 382515   HWcycles : 1956
 12:   SWcycles : 382515   HWcycles : 1956
 13:   SWcycles : 382515   HWcycles : 1956
 14:   SWcycles : 382515   HWcycles : 1956
 15:   SWcycles : 382515   HWcycles : 1956
 16:   SWcycles : 382515   HWcycles : 1956
 17:   SWcycles : 382515   HWcycles : 1956
 18:   SWcycles : 382515   HWcycles : 1956
 19:   SWcycles : 382515   HWcycles : 1956
 20:   SWcycles : 382515   HWcycles : 1956
 21:   SWcycles : 382515   HWcycles : 1956
 22:   SWcycles : 382515   HWcycles : 1956
 23:   SWcycles : 382515   HWcycles : 1956
 24:   SWcycles : 382515   HWcycles : 1956
 25:   SWcycles : 382515   HWcycles : 1956
 26:   SWcycles : 382515   HWcycles : 1956
 27:   SWcycles : 382515   HWcycles : 1956
 28:   SWcycles : 382515   HWcycles : 1956
 29:   SWcycles : 382515   HWcycles : 1956
 ENC bytes 5000
 0:   SWcycles : 1865030   HWcycles : 8958
 1:   SWcycles : 1865018   HWcycles : 8956
 2:   SWcycles : 1865015   HWcycles : 8956
 3:   SWcycles : 1865015   HWcycles : 8960
 4:   SWcycles : 1865015   HWcycles : 8956
 5:   SWcycles : 1865015   HWcycles : 8956
 6:   SWcycles : 1865015   HWcycles : 8956
 7:   SWcycles : 1865015   HWcycles : 8956
 8:   SWcycles : 1865015   HWcycles : 8956
 9:   SWcycles : 1865015   HWcycles : 8956
 10:   SWcycles : 1865015   HWcycles : 8956
 11:   SWcycles : 1865015   HWcycles : 8956
 12:   SWcycles : 1865015   HWcycles : 8956
 13:   SWcycles : 1865015   HWcycles : 8956
 14:   SWcycles : 1865015   HWcycles : 8956
 15:   SWcycles : 1865015   HWcycles : 8956
 16:   SWcycles : 1865015   HWcycles : 8956
 17:   SWcycles : 1865015   HWcycles : 8956
 18:   SWcycles : 1865015   HWcycles : 8956
 19:   SWcycles : 1865015   HWcycles : 8956
 20:   SWcycles : 1865015   HWcycles : 8956
 21:   SWcycles : 1865015   HWcycles : 8956
 22:   SWcycles : 1865015   HWcycles : 8956
 23:   SWcycles : 1865015   HWcycles : 8956
 24:   SWcycles : 1865015   HWcycles : 8956
 25:   SWcycles : 1865015   HWcycles : 8956
 26:   SWcycles : 1865015   HWcycles : 8956
 27:   SWcycles : 1865015   HWcycles : 8956
 28:   SWcycles : 1865015   HWcycles : 8956
 29:   SWcycles : 1865015   HWcycles : 8956
 ENC bytes 10000
 0:   SWcycles : 3718155   HWcycles : 17708
 1:   SWcycles : 3718144   HWcycles : 17706
 2:   SWcycles : 3718140   HWcycles : 17706
 3:   SWcycles : 3718140   HWcycles : 17710
 4:   SWcycles : 3718140   HWcycles : 17706
 5:   SWcycles : 3718140   HWcycles : 17706
 6:   SWcycles : 3718140   HWcycles : 17706
 7:   SWcycles : 3718140   HWcycles : 17706
 8:   SWcycles : 3718140   HWcycles : 17706
 9:   SWcycles : 3718140   HWcycles : 17706
 10:   SWcycles : 3718140   HWcycles : 17706
 11:   SWcycles : 3718140   HWcycles : 17706
 12:   SWcycles : 3718140   HWcycles : 17706
 13:   SWcycles : 3718140   HWcycles : 17706
 14:   SWcycles : 3718140   HWcycles : 17706
 15:   SWcycles : 3718140   HWcycles : 17706
 16:   SWcycles : 3718140   HWcycles : 17706
 17:   SWcycles : 3718140   HWcycles : 17706
 18:   SWcycles : 3718140   HWcycles : 17706
 19:   SWcycles : 3718140   HWcycles : 17706
 20:   SWcycles : 3718140   HWcycles : 17706
 21:   SWcycles : 3718140   HWcycles : 17706
 22:   SWcycles : 3718140   HWcycles : 17706
 23:   SWcycles : 3718140   HWcycles : 17706
 24:   SWcycles : 3718140   HWcycles : 17706
 25:   SWcycles : 3718140   HWcycles : 17706
 26:   SWcycles : 3718140   HWcycles : 17706
 27:   SWcycles : 3718140   HWcycles : 17706
 28:   SWcycles : 3718140   HWcycles : 17706
 29:   SWcycles : 3718140   HWcycles : 17706
 ENC 100 A
 ENC 100 A bytes 0
 0:   SWcycles : 16494   HWcycles : 204
 1:   SWcycles : 11894   HWcycles : 204
 2:   SWcycles : 11885   HWcycles : 204
 3:   SWcycles : 11885   HWcycles : 201
 4:   SWcycles : 11885   HWcycles : 204
 5:   SWcycles : 11885   HWcycles : 201
 6:   SWcycles : 11885   HWcycles : 201
 7:   SWcycles : 11885   HWcycles : 201
 8:   SWcycles : 11885   HWcycles : 201
 9:   SWcycles : 11885   HWcycles : 201
 10:   SWcycles : 11885   HWcycles : 201
 11:   SWcycles : 11885   HWcycles : 201
 12:   SWcycles : 11885   HWcycles : 201
 13:   SWcycles : 11885   HWcycles : 201
 14:   SWcycles : 11885   HWcycles : 201
 15:   SWcycles : 11885   HWcycles : 201
 16:   SWcycles : 11885   HWcycles : 201
 17:   SWcycles : 11885   HWcycles : 201
 18:   SWcycles : 11885   HWcycles : 201
 19:   SWcycles : 11885   HWcycles : 201
 20:   SWcycles : 11885   HWcycles : 201
 21:   SWcycles : 11885   HWcycles : 201
 22:   SWcycles : 11885   HWcycles : 201
 23:   SWcycles : 11885   HWcycles : 201
 24:   SWcycles : 11885   HWcycles : 201
 25:   SWcycles : 11885   HWcycles : 201
 26:   SWcycles : 11885   HWcycles : 201
 27:   SWcycles : 11885   HWcycles : 201
 28:   SWcycles : 11885   HWcycles : 201
 29:   SWcycles : 11885   HWcycles : 201
 ENC 100 A bytes 8
 0:   SWcycles : 35327   HWcycles : 224
 1:   SWcycles : 17793   HWcycles : 224
 2:   SWcycles : 17787   HWcycles : 224
 3:   SWcycles : 17787   HWcycles : 221
 4:   SWcycles : 17787   HWcycles : 224
 5:   SWcycles : 17787   HWcycles : 224
 6:   SWcycles : 17787   HWcycles : 224
 7:   SWcycles : 17787   HWcycles : 224
 8:   SWcycles : 17787   HWcycles : 224
 9:   SWcycles : 17787   HWcycles : 224
 10:   SWcycles : 17787   HWcycles : 224
 11:   SWcycles : 17787   HWcycles : 224
 12:   SWcycles : 17787   HWcycles : 224
 13:   SWcycles : 17787   HWcycles : 224
 14:   SWcycles : 17787   HWcycles : 224
 15:   SWcycles : 17787   HWcycles : 224
 16:   SWcycles : 17787   HWcycles : 224
 17:   SWcycles : 17787   HWcycles : 224
 18:   SWcycles : 17787   HWcycles : 224
 19:   SWcycles : 17787   HWcycles : 224
 20:   SWcycles : 17787   HWcycles : 224
 21:   SWcycles : 17787   HWcycles : 224
 22:   SWcycles : 17787   HWcycles : 224
 23:   SWcycles : 17787   HWcycles : 224
 24:   SWcycles : 17787   HWcycles : 224
 25:   SWcycles : 17787   HWcycles : 224
 26:   SWcycles : 17787   HWcycles : 224
 27:   SWcycles : 17787   HWcycles : 224
 28:   SWcycles : 17787   HWcycles : 224
 29:   SWcycles : 17787   HWcycles : 224
 ENC 100 A bytes 96
 0:   SWcycles : 50249   HWcycles : 367
 1:   SWcycles : 50257   HWcycles : 367
 2:   SWcycles : 50235   HWcycles : 367
 3:   SWcycles : 50232   HWcycles : 364
 4:   SWcycles : 50232   HWcycles : 367
 5:   SWcycles : 50232   HWcycles : 367
 6:   SWcycles : 50232   HWcycles : 367
 7:   SWcycles : 50232   HWcycles : 367
 8:   SWcycles : 50232   HWcycles : 367
 9:   SWcycles : 50232   HWcycles : 367
 10:   SWcycles : 50232   HWcycles : 367
 11:   SWcycles : 50232   HWcycles : 367
 12:   SWcycles : 50232   HWcycles : 367
 13:   SWcycles : 50232   HWcycles : 367
 14:   SWcycles : 50232   HWcycles : 367
 15:   SWcycles : 50232   HWcycles : 367
 16:   SWcycles : 50232   HWcycles : 367
 17:   SWcycles : 50232   HWcycles : 367
 18:   SWcycles : 50232   HWcycles : 367
 19:   SWcycles : 50232   HWcycles : 367
 20:   SWcycles : 50232   HWcycles : 367
 21:   SWcycles : 50232   HWcycles : 367
 22:   SWcycles : 50232   HWcycles : 367
 23:   SWcycles : 50232   HWcycles : 367
 24:   SWcycles : 50232   HWcycles : 367
 25:   SWcycles : 50232   HWcycles : 367
 26:   SWcycles : 50232   HWcycles : 367
 27:   SWcycles : 50232   HWcycles : 367
 28:   SWcycles : 50232   HWcycles : 367
 29:   SWcycles : 50232   HWcycles : 367
 ENC 100 A bytes 496
 0:   SWcycles : 197693   HWcycles : 1017
 1:   SWcycles : 197682   HWcycles : 1017
 2:   SWcycles : 197682   HWcycles : 1017
 3:   SWcycles : 197682   HWcycles : 1014
 4:   SWcycles : 197682   HWcycles : 1017
 5:   SWcycles : 197682   HWcycles : 1017
 6:   SWcycles : 197682   HWcycles : 1017
 7:   SWcycles : 197682   HWcycles : 1017
 8:   SWcycles : 197682   HWcycles : 1017
 9:   SWcycles : 197682   HWcycles : 1017
 10:   SWcycles : 197682   HWcycles : 1017
 11:   SWcycles : 197682   HWcycles : 1017
 12:   SWcycles : 197682   HWcycles : 1017
 13:   SWcycles : 197682   HWcycles : 1017
 14:   SWcycles : 197682   HWcycles : 1017
 15:   SWcycles : 197682   HWcycles : 1017
 16:   SWcycles : 197682   HWcycles : 1017
 17:   SWcycles : 197682   HWcycles : 1017
 18:   SWcycles : 197682   HWcycles : 1017
 19:   SWcycles : 197682   HWcycles : 1017
 20:   SWcycles : 197682   HWcycles : 1017
 21:   SWcycles : 197682   HWcycles : 1017
 22:   SWcycles : 197682   HWcycles : 1017
 23:   SWcycles : 197682   HWcycles : 1017
 24:   SWcycles : 197682   HWcycles : 1017
 25:   SWcycles : 197682   HWcycles : 1017
 26:   SWcycles : 197682   HWcycles : 1017
 27:   SWcycles : 197682   HWcycles : 1017
 28:   SWcycles : 197682   HWcycles : 1017
 29:   SWcycles : 197682   HWcycles : 1017
 ENC 100 A bytes 1000
 0:   SWcycles : 383476   HWcycles : 1836
 1:   SWcycles : 383470   HWcycles : 1836
 2:   SWcycles : 383470   HWcycles : 1836
 3:   SWcycles : 383470   HWcycles : 1833
 4:   SWcycles : 383470   HWcycles : 1836
 5:   SWcycles : 383470   HWcycles : 1836
 6:   SWcycles : 383470   HWcycles : 1836
 7:   SWcycles : 383470   HWcycles : 1836
 8:   SWcycles : 383470   HWcycles : 1836
 9:   SWcycles : 383470   HWcycles : 1836
 10:   SWcycles : 383470   HWcycles : 1836
 11:   SWcycles : 383470   HWcycles : 1836
 12:   SWcycles : 383470   HWcycles : 1836
 13:   SWcycles : 383470   HWcycles : 1836
 14:   SWcycles : 383470   HWcycles : 1836
 15:   SWcycles : 383470   HWcycles : 1836
 16:   SWcycles : 383470   HWcycles : 1836
 17:   SWcycles : 383470   HWcycles : 1836
 18:   SWcycles : 383470   HWcycles : 1836
 19:   SWcycles : 383470   HWcycles : 1836
 20:   SWcycles : 383470   HWcycles : 1836
 21:   SWcycles : 383470   HWcycles : 1836
 22:   SWcycles : 383470   HWcycles : 1836
 23:   SWcycles : 383470   HWcycles : 1836
 24:   SWcycles : 383470   HWcycles : 1836
 25:   SWcycles : 383470   HWcycles : 1836
 26:   SWcycles : 383470   HWcycles : 1836
 27:   SWcycles : 383470   HWcycles : 1836
 28:   SWcycles : 383470   HWcycles : 1836
 29:   SWcycles : 383470   HWcycles : 1836
 ENC 100 A bytes 5000
 0:   SWcycles : 1857976   HWcycles : 8336
 1:   SWcycles : 1857970   HWcycles : 8336
 2:   SWcycles : 1857970   HWcycles : 8336
 3:   SWcycles : 1857970   HWcycles : 8333
 4:   SWcycles : 1857970   HWcycles : 8336
 5:   SWcycles : 1857970   HWcycles : 8336
 6:   SWcycles : 1857970   HWcycles : 8336
 7:   SWcycles : 1857970   HWcycles : 8336
 8:   SWcycles : 1857970   HWcycles : 8336
 9:   SWcycles : 1857970   HWcycles : 8336
 10:   SWcycles : 1857970   HWcycles : 8336
 11:   SWcycles : 1857970   HWcycles : 8336
 12:   SWcycles : 1857970   HWcycles : 8336
 13:   SWcycles : 1857970   HWcycles : 8336
 14:   SWcycles : 1857970   HWcycles : 8336
 15:   SWcycles : 1857970   HWcycles : 8336
 16:   SWcycles : 1857970   HWcycles : 8336
 17:   SWcycles : 1857970   HWcycles : 8336
 18:   SWcycles : 1857970   HWcycles : 8336
 19:   SWcycles : 1857970   HWcycles : 8336
 20:   SWcycles : 1857970   HWcycles : 8336
 21:   SWcycles : 1857970   HWcycles : 8336
 22:   SWcycles : 1857970   HWcycles : 8336
 23:   SWcycles : 1857970   HWcycles : 8336
 24:   SWcycles : 1857970   HWcycles : 8336
 25:   SWcycles : 1857970   HWcycles : 8336
 26:   SWcycles : 1857970   HWcycles : 8336
 27:   SWcycles : 1857970   HWcycles : 8336
 28:   SWcycles : 1857970   HWcycles : 8336
 29:   SWcycles : 1857970   HWcycles : 8336
 ENC 100 A bytes 10000
 0:   SWcycles : 3701101   HWcycles : 16461
 1:   SWcycles : 3701094   HWcycles : 16461
 2:   SWcycles : 3701094   HWcycles : 16461
 3:   SWcycles : 3701094   HWcycles : 16458
 4:   SWcycles : 3701094   HWcycles : 16461
 5:   SWcycles : 3701094   HWcycles : 16461
 6:   SWcycles : 3701094   HWcycles : 16461
 7:   SWcycles : 3701094   HWcycles : 16461
 8:   SWcycles : 3701094   HWcycles : 16461
 9:   SWcycles : 3701094   HWcycles : 16461
 10:   SWcycles : 3701094   HWcycles : 16461
 11:   SWcycles : 3701094   HWcycles : 16461
 12:   SWcycles : 3701094   HWcycles : 16461
 13:   SWcycles : 3701094   HWcycles : 16461
 14:   SWcycles : 3701094   HWcycles : 16461
 15:   SWcycles : 3701094   HWcycles : 16461
 16:   SWcycles : 3701094   HWcycles : 16461
 17:   SWcycles : 3701094   HWcycles : 16461
 18:   SWcycles : 3701094   HWcycles : 16461
 19:   SWcycles : 3701094   HWcycles : 16461
 20:   SWcycles : 3701094   HWcycles : 16461
 21:   SWcycles : 3701094   HWcycles : 16461
 22:   SWcycles : 3701094   HWcycles : 16461
 23:   SWcycles : 3701094   HWcycles : 16461
 24:   SWcycles : 3701094   HWcycles : 16461
 25:   SWcycles : 3701094   HWcycles : 16461
 26:   SWcycles : 3701094   HWcycles : 16461
 27:   SWcycles : 3701094   HWcycles : 16461
 28:   SWcycles : 3701094   HWcycles : 16461
 29:   SWcycles : 3701094   HWcycles : 16461
 DEC
 DEC bytes 0
 0:   SWcycles : 82186   HWcycles : 26597
 1:   SWcycles : 11869   HWcycles : 220
 2:   SWcycles : 11866   HWcycles : 223
 3:   SWcycles : 11866   HWcycles : 223
 4:   SWcycles : 11866   HWcycles : 220
 5:   SWcycles : 11866   HWcycles : 220
 6:   SWcycles : 11866   HWcycles : 220
 7:   SWcycles : 11866   HWcycles : 223
 8:   SWcycles : 11866   HWcycles : 223
 9:   SWcycles : 11866   HWcycles : 220
 10:   SWcycles : 11866   HWcycles : 220
 11:   SWcycles : 11866   HWcycles : 220
 12:   SWcycles : 11866   HWcycles : 223
 13:   SWcycles : 11866   HWcycles : 223
 14:   SWcycles : 11866   HWcycles : 220
 15:   SWcycles : 11866   HWcycles : 220
 16:   SWcycles : 11866   HWcycles : 220
 17:   SWcycles : 11866   HWcycles : 223
 18:   SWcycles : 11866   HWcycles : 223
 19:   SWcycles : 11866   HWcycles : 220
 20:   SWcycles : 11866   HWcycles : 220
 21:   SWcycles : 11866   HWcycles : 220
 22:   SWcycles : 11866   HWcycles : 223
 23:   SWcycles : 11866   HWcycles : 223
 24:   SWcycles : 11866   HWcycles : 220
 25:   SWcycles : 11866   HWcycles : 220
 26:   SWcycles : 11866   HWcycles : 220
 27:   SWcycles : 11866   HWcycles : 223
 28:   SWcycles : 11866   HWcycles : 223
 29:   SWcycles : 11866   HWcycles : 220
 DEC bytes 8
 0:   SWcycles : 19435   HWcycles : 238
 1:   SWcycles : 14838   HWcycles : 234
 2:   SWcycles : 14832   HWcycles : 234
 3:   SWcycles : 14832   HWcycles : 234
 4:   SWcycles : 14832   HWcycles : 234
 5:   SWcycles : 14832   HWcycles : 234
 6:   SWcycles : 14832   HWcycles : 234
 7:   SWcycles : 14832   HWcycles : 234
 8:   SWcycles : 14832   HWcycles : 234
 9:   SWcycles : 14832   HWcycles : 234
 10:   SWcycles : 14832   HWcycles : 234
 11:   SWcycles : 14832   HWcycles : 234
 12:   SWcycles : 14832   HWcycles : 234
 13:   SWcycles : 14832   HWcycles : 234
 14:   SWcycles : 14832   HWcycles : 234
 15:   SWcycles : 14832   HWcycles : 234
 16:   SWcycles : 14832   HWcycles : 234
 17:   SWcycles : 14832   HWcycles : 234
 18:   SWcycles : 14832   HWcycles : 234
 19:   SWcycles : 14832   HWcycles : 234
 20:   SWcycles : 14832   HWcycles : 234
 21:   SWcycles : 14832   HWcycles : 234
 22:   SWcycles : 14832   HWcycles : 234
 23:   SWcycles : 14832   HWcycles : 234
 24:   SWcycles : 14832   HWcycles : 234
 25:   SWcycles : 14832   HWcycles : 234
 26:   SWcycles : 14832   HWcycles : 234
 27:   SWcycles : 14832   HWcycles : 234
 28:   SWcycles : 14832   HWcycles : 234
 29:   SWcycles : 14832   HWcycles : 234
 DEC bytes 96
 0:   SWcycles : 47474   HWcycles : 392
 1:   SWcycles : 47468   HWcycles : 388
 2:   SWcycles : 47465   HWcycles : 388
 3:   SWcycles : 47465   HWcycles : 388
 4:   SWcycles : 47465   HWcycles : 391
 5:   SWcycles : 47465   HWcycles : 388
 6:   SWcycles : 47465   HWcycles : 388
 7:   SWcycles : 47465   HWcycles : 388
 8:   SWcycles : 47465   HWcycles : 388
 9:   SWcycles : 47465   HWcycles : 388
 10:   SWcycles : 47465   HWcycles : 388
 11:   SWcycles : 47465   HWcycles : 388
 12:   SWcycles : 47465   HWcycles : 388
 13:   SWcycles : 47465   HWcycles : 388
 14:   SWcycles : 47465   HWcycles : 388
 15:   SWcycles : 47465   HWcycles : 388
 16:   SWcycles : 47465   HWcycles : 388
 17:   SWcycles : 47465   HWcycles : 388
 18:   SWcycles : 47465   HWcycles : 388
 19:   SWcycles : 47465   HWcycles : 388
 20:   SWcycles : 47465   HWcycles : 388
 21:   SWcycles : 47465   HWcycles : 388
 22:   SWcycles : 47465   HWcycles : 388
 23:   SWcycles : 47465   HWcycles : 388
 24:   SWcycles : 47465   HWcycles : 388
 25:   SWcycles : 47465   HWcycles : 388
 26:   SWcycles : 47465   HWcycles : 388
 27:   SWcycles : 47465   HWcycles : 388
 28:   SWcycles : 47465   HWcycles : 388
 29:   SWcycles : 47465   HWcycles : 388
 DEC bytes 496
 0:   SWcycles : 195772   HWcycles : 1092
 1:   SWcycles : 195765   HWcycles : 1088
 2:   SWcycles : 195765   HWcycles : 1088
 3:   SWcycles : 195765   HWcycles : 1088
 4:   SWcycles : 195765   HWcycles : 1091
 5:   SWcycles : 195765   HWcycles : 1088
 6:   SWcycles : 195765   HWcycles : 1088
 7:   SWcycles : 195765   HWcycles : 1088
 8:   SWcycles : 195765   HWcycles : 1088
 9:   SWcycles : 195765   HWcycles : 1088
 10:   SWcycles : 195765   HWcycles : 1088
 11:   SWcycles : 195765   HWcycles : 1088
 12:   SWcycles : 195765   HWcycles : 1088
 13:   SWcycles : 195765   HWcycles : 1088
 14:   SWcycles : 195765   HWcycles : 1088
 15:   SWcycles : 195765   HWcycles : 1088
 16:   SWcycles : 195765   HWcycles : 1088
 17:   SWcycles : 195765   HWcycles : 1088
 18:   SWcycles : 195765   HWcycles : 1088
 19:   SWcycles : 195765   HWcycles : 1088
 20:   SWcycles : 195765   HWcycles : 1088
 21:   SWcycles : 195765   HWcycles : 1088
 22:   SWcycles : 195765   HWcycles : 1088
 23:   SWcycles : 195765   HWcycles : 1088
 24:   SWcycles : 195765   HWcycles : 1088
 25:   SWcycles : 195765   HWcycles : 1088
 26:   SWcycles : 195765   HWcycles : 1088
 27:   SWcycles : 195765   HWcycles : 1088
 28:   SWcycles : 195765   HWcycles : 1088
 29:   SWcycles : 195765   HWcycles : 1088
 DEC bytes 1000
 0:   SWcycles : 382630   HWcycles : 1974
 1:   SWcycles : 382623   HWcycles : 1970
 2:   SWcycles : 382623   HWcycles : 1970
 3:   SWcycles : 382623   HWcycles : 1970
 4:   SWcycles : 382623   HWcycles : 1973
 5:   SWcycles : 382623   HWcycles : 1970
 6:   SWcycles : 382623   HWcycles : 1970
 7:   SWcycles : 382623   HWcycles : 1970
 8:   SWcycles : 382623   HWcycles : 1970
 9:   SWcycles : 382623   HWcycles : 1970
 10:   SWcycles : 382623   HWcycles : 1970
 11:   SWcycles : 382623   HWcycles : 1970
 12:   SWcycles : 382623   HWcycles : 1970
 13:   SWcycles : 382623   HWcycles : 1970
 14:   SWcycles : 382623   HWcycles : 1970
 15:   SWcycles : 382623   HWcycles : 1970
 16:   SWcycles : 382623   HWcycles : 1970
 17:   SWcycles : 382623   HWcycles : 1970
 18:   SWcycles : 382623   HWcycles : 1970
 19:   SWcycles : 382623   HWcycles : 1970
 20:   SWcycles : 382623   HWcycles : 1970
 21:   SWcycles : 382623   HWcycles : 1970
 22:   SWcycles : 382623   HWcycles : 1970
 23:   SWcycles : 382623   HWcycles : 1970
 24:   SWcycles : 382623   HWcycles : 1970
 25:   SWcycles : 382623   HWcycles : 1970
 26:   SWcycles : 382623   HWcycles : 1970
 27:   SWcycles : 382623   HWcycles : 1970
 28:   SWcycles : 382623   HWcycles : 1970
 29:   SWcycles : 382623   HWcycles : 1970
 DEC bytes 5000
 0:   SWcycles : 1865630   HWcycles : 8974
 1:   SWcycles : 1865623   HWcycles : 8970
 2:   SWcycles : 1865623   HWcycles : 8970
 3:   SWcycles : 1865623   HWcycles : 8970
 4:   SWcycles : 1865623   HWcycles : 8970
 5:   SWcycles : 1865623   HWcycles : 8970
 6:   SWcycles : 1865623   HWcycles : 8970
 7:   SWcycles : 1865623   HWcycles : 8970
 8:   SWcycles : 1865623   HWcycles : 8970
 9:   SWcycles : 1865623   HWcycles : 8970
 10:   SWcycles : 1865623   HWcycles : 8970
 11:   SWcycles : 1865623   HWcycles : 8970
 12:   SWcycles : 1865623   HWcycles : 8970
 13:   SWcycles : 1865623   HWcycles : 8970
 14:   SWcycles : 1865623   HWcycles : 8970
 15:   SWcycles : 1865623   HWcycles : 8970
 16:   SWcycles : 1865623   HWcycles : 8970
 17:   SWcycles : 1865623   HWcycles : 8970
 18:   SWcycles : 1865623   HWcycles : 8970
 19:   SWcycles : 1865623   HWcycles : 8970
 20:   SWcycles : 1865623   HWcycles : 8970
 21:   SWcycles : 1865623   HWcycles : 8970
 22:   SWcycles : 1865623   HWcycles : 8970
 23:   SWcycles : 1865623   HWcycles : 8970
 24:   SWcycles : 1865623   HWcycles : 8970
 25:   SWcycles : 1865623   HWcycles : 8970
 26:   SWcycles : 1865623   HWcycles : 8970
 27:   SWcycles : 1865623   HWcycles : 8970
 28:   SWcycles : 1865623   HWcycles : 8970
 29:   SWcycles : 1865623   HWcycles : 8970
 DEC bytes 10000
 0:   SWcycles : 3719380   HWcycles : 17724
 1:   SWcycles : 3719373   HWcycles : 17720
 2:   SWcycles : 3719373   HWcycles : 17720
 3:   SWcycles : 3719373   HWcycles : 17720
 4:   SWcycles : 3719373   HWcycles : 17720
 5:   SWcycles : 3719373   HWcycles : 17720
 6:   SWcycles : 3719373   HWcycles : 17720
 7:   SWcycles : 3719373   HWcycles : 17720
 8:   SWcycles : 3719373   HWcycles : 17720
 9:   SWcycles : 3719373   HWcycles : 17720
 10:   SWcycles : 3719373   HWcycles : 17720
 11:   SWcycles : 3719373   HWcycles : 17720
 12:   SWcycles : 3719373   HWcycles : 17720
 13:   SWcycles : 3719373   HWcycles : 17720
 14:   SWcycles : 3719373   HWcycles : 17720
 15:   SWcycles : 3719373   HWcycles : 17720
 16:   SWcycles : 3719373   HWcycles : 17720
 17:   SWcycles : 3719373   HWcycles : 17720
 18:   SWcycles : 3719373   HWcycles : 17720
 19:   SWcycles : 3719373   HWcycles : 17720
 20:   SWcycles : 3719373   HWcycles : 17720
 21:   SWcycles : 3719373   HWcycles : 17720
 22:   SWcycles : 3719373   HWcycles : 17720
 23:   SWcycles : 3719373   HWcycles : 17720
 24:   SWcycles : 3719373   HWcycles : 17720
 25:   SWcycles : 3719373   HWcycles : 17720
 26:   SWcycles : 3719373   HWcycles : 17720
 27:   SWcycles : 3719373   HWcycles : 17720
 28:   SWcycles : 3719373   HWcycles : 17720
 29:   SWcycles : 3719373   HWcycles : 17720
 DEC 100 A
 DEC 100 A bytes 0
 0:   SWcycles : 16466   HWcycles : 4815
 1:   SWcycles : 11869   HWcycles : 223
 2:   SWcycles : 11865   HWcycles : 220
 3:   SWcycles : 11865   HWcycles : 220
 4:   SWcycles : 11865   HWcycles : 220
 5:   SWcycles : 11865   HWcycles : 220
 6:   SWcycles : 11865   HWcycles : 220
 7:   SWcycles : 11865   HWcycles : 220
 8:   SWcycles : 11865   HWcycles : 220
 9:   SWcycles : 11865   HWcycles : 220
 10:   SWcycles : 11865   HWcycles : 220
 11:   SWcycles : 11865   HWcycles : 220
 12:   SWcycles : 11865   HWcycles : 220
 13:   SWcycles : 11865   HWcycles : 220
 14:   SWcycles : 11865   HWcycles : 220
 15:   SWcycles : 11865   HWcycles : 220
 16:   SWcycles : 11865   HWcycles : 220
 17:   SWcycles : 11865   HWcycles : 220
 18:   SWcycles : 11865   HWcycles : 220
 19:   SWcycles : 11865   HWcycles : 220
 20:   SWcycles : 11865   HWcycles : 220
 21:   SWcycles : 11865   HWcycles : 220
 22:   SWcycles : 11865   HWcycles : 220
 23:   SWcycles : 11865   HWcycles : 220
 24:   SWcycles : 11865   HWcycles : 220
 25:   SWcycles : 11865   HWcycles : 220
 26:   SWcycles : 11865   HWcycles : 220
 27:   SWcycles : 11865   HWcycles : 220
 28:   SWcycles : 11865   HWcycles : 220
 29:   SWcycles : 11865   HWcycles : 220
 DEC 100 A bytes 8
 0:   SWcycles : 35870   HWcycles : 244
 1:   SWcycles : 17780   HWcycles : 243
 2:   SWcycles : 17767   HWcycles : 243
 3:   SWcycles : 17766   HWcycles : 243
 4:   SWcycles : 17766   HWcycles : 243
 5:   SWcycles : 17766   HWcycles : 240
 6:   SWcycles : 17766   HWcycles : 240
 7:   SWcycles : 17766   HWcycles : 240
 8:   SWcycles : 17766   HWcycles : 240
 9:   SWcycles : 17766   HWcycles : 240
 10:   SWcycles : 17766   HWcycles : 240
 11:   SWcycles : 17766   HWcycles : 240
 12:   SWcycles : 17766   HWcycles : 240
 13:   SWcycles : 17766   HWcycles : 240
 14:   SWcycles : 17766   HWcycles : 240
 15:   SWcycles : 17766   HWcycles : 240
 16:   SWcycles : 17766   HWcycles : 240
 17:   SWcycles : 17766   HWcycles : 240
 18:   SWcycles : 17766   HWcycles : 240
 19:   SWcycles : 17766   HWcycles : 240
 20:   SWcycles : 17766   HWcycles : 240
 21:   SWcycles : 17766   HWcycles : 240
 22:   SWcycles : 17766   HWcycles : 240
 23:   SWcycles : 17766   HWcycles : 240
 24:   SWcycles : 17766   HWcycles : 240
 25:   SWcycles : 17766   HWcycles : 240
 26:   SWcycles : 17766   HWcycles : 240
 27:   SWcycles : 17766   HWcycles : 240
 28:   SWcycles : 17766   HWcycles : 240
 29:   SWcycles : 17766   HWcycles : 240
 DEC 100 A bytes 96
 0:   SWcycles : 50233   HWcycles : 387
 1:   SWcycles : 50218   HWcycles : 386
 2:   SWcycles : 50212   HWcycles : 386
 3:   SWcycles : 50212   HWcycles : 386
 4:   SWcycles : 50212   HWcycles : 383
 5:   SWcycles : 50212   HWcycles : 383
 6:   SWcycles : 50212   HWcycles : 383
 7:   SWcycles : 50212   HWcycles : 383
 8:   SWcycles : 50212   HWcycles : 383
 9:   SWcycles : 50212   HWcycles : 383
 10:   SWcycles : 50212   HWcycles : 383
 11:   SWcycles : 50212   HWcycles : 383
 12:   SWcycles : 50212   HWcycles : 383
 13:   SWcycles : 50212   HWcycles : 383
 14:   SWcycles : 50212   HWcycles : 383
 15:   SWcycles : 50212   HWcycles : 383
 16:   SWcycles : 50212   HWcycles : 383
 17:   SWcycles : 50212   HWcycles : 383
 18:   SWcycles : 50212   HWcycles : 383
 19:   SWcycles : 50212   HWcycles : 383
 20:   SWcycles : 50212   HWcycles : 383
 21:   SWcycles : 50212   HWcycles : 383
 22:   SWcycles : 50212   HWcycles : 383
 23:   SWcycles : 50212   HWcycles : 383
 24:   SWcycles : 50212   HWcycles : 383
 25:   SWcycles : 50212   HWcycles : 383
 26:   SWcycles : 50212   HWcycles : 383
 27:   SWcycles : 50212   HWcycles : 383
 28:   SWcycles : 50212   HWcycles : 383
 29:   SWcycles : 50212   HWcycles : 383
 DEC 100 A bytes 496
 0:   SWcycles : 197685   HWcycles : 1037
 1:   SWcycles : 197662   HWcycles : 1036
 2:   SWcycles : 197662   HWcycles : 1036
 3:   SWcycles : 197662   HWcycles : 1036
 4:   SWcycles : 197662   HWcycles : 1033
 5:   SWcycles : 197662   HWcycles : 1033
 6:   SWcycles : 197662   HWcycles : 1033
 7:   SWcycles : 197662   HWcycles : 1033
 8:   SWcycles : 197662   HWcycles : 1033
 9:   SWcycles : 197662   HWcycles : 1033
 10:   SWcycles : 197662   HWcycles : 1033
 11:   SWcycles : 197662   HWcycles : 1033
 12:   SWcycles : 197662   HWcycles : 1033
 13:   SWcycles : 197662   HWcycles : 1033
 14:   SWcycles : 197662   HWcycles : 1033
 15:   SWcycles : 197662   HWcycles : 1033
 16:   SWcycles : 197662   HWcycles : 1033
 17:   SWcycles : 197662   HWcycles : 1033
 18:   SWcycles : 197662   HWcycles : 1033
 19:   SWcycles : 197662   HWcycles : 1033
 20:   SWcycles : 197662   HWcycles : 1033
 21:   SWcycles : 197662   HWcycles : 1033
 22:   SWcycles : 197662   HWcycles : 1033
 23:   SWcycles : 197662   HWcycles : 1033
 24:   SWcycles : 197662   HWcycles : 1033
 25:   SWcycles : 197662   HWcycles : 1033
 26:   SWcycles : 197662   HWcycles : 1033
 27:   SWcycles : 197662   HWcycles : 1033
 28:   SWcycles : 197662   HWcycles : 1033
 29:   SWcycles : 197662   HWcycles : 1033
 DEC 100 A bytes 1000
 0:   SWcycles : 383469   HWcycles : 1856
 1:   SWcycles : 383449   HWcycles : 1855
 2:   SWcycles : 383449   HWcycles : 1855
 3:   SWcycles : 383449   HWcycles : 1852
 4:   SWcycles : 383449   HWcycles : 1852
 5:   SWcycles : 383449   HWcycles : 1852
 6:   SWcycles : 383449   HWcycles : 1852
 7:   SWcycles : 383449   HWcycles : 1852
 8:   SWcycles : 383449   HWcycles : 1852
 9:   SWcycles : 383449   HWcycles : 1852
 10:   SWcycles : 383449   HWcycles : 1852
 11:   SWcycles : 383449   HWcycles : 1852
 12:   SWcycles : 383449   HWcycles : 1852
 13:   SWcycles : 383449   HWcycles : 1852
 14:   SWcycles : 383449   HWcycles : 1852
 15:   SWcycles : 383449   HWcycles : 1852
 16:   SWcycles : 383449   HWcycles : 1852
 17:   SWcycles : 383449   HWcycles : 1852
 18:   SWcycles : 383449   HWcycles : 1852
 19:   SWcycles : 383449   HWcycles : 1852
 20:   SWcycles : 383449   HWcycles : 1852
 21:   SWcycles : 383449   HWcycles : 1852
 22:   SWcycles : 383449   HWcycles : 1852
 23:   SWcycles : 383449   HWcycles : 1852
 24:   SWcycles : 383449   HWcycles : 1852
 25:   SWcycles : 383449   HWcycles : 1852
 26:   SWcycles : 383449   HWcycles : 1852
 27:   SWcycles : 383449   HWcycles : 1852
 28:   SWcycles : 383449   HWcycles : 1852
 29:   SWcycles : 383449   HWcycles : 1852
 DEC 100 A bytes 5000
 0:   SWcycles : 1857972   HWcycles : 8356
 1:   SWcycles : 1857949   HWcycles : 8355
 2:   SWcycles : 1857949   HWcycles : 8355
 3:   SWcycles : 1857949   HWcycles : 8352
 4:   SWcycles : 1857949   HWcycles : 8352
 5:   SWcycles : 1857949   HWcycles : 8352
 6:   SWcycles : 1857949   HWcycles : 8352
 7:   SWcycles : 1857949   HWcycles : 8352
 8:   SWcycles : 1857949   HWcycles : 8352
 9:   SWcycles : 1857949   HWcycles : 8352
 10:   SWcycles : 1857949   HWcycles : 8352
 11:   SWcycles : 1857949   HWcycles : 8352
 12:   SWcycles : 1857949   HWcycles : 8352
 13:   SWcycles : 1857949   HWcycles : 8352
 14:   SWcycles : 1857949   HWcycles : 8352
 15:   SWcycles : 1857949   HWcycles : 8352
 16:   SWcycles : 1857949   HWcycles : 8352
 17:   SWcycles : 1857949   HWcycles : 8352
 18:   SWcycles : 1857949   HWcycles : 8352
 19:   SWcycles : 1857949   HWcycles : 8352
 20:   SWcycles : 1857949   HWcycles : 8352
 21:   SWcycles : 1857949   HWcycles : 8352
 22:   SWcycles : 1857949   HWcycles : 8352
 23:   SWcycles : 1857949   HWcycles : 8352
 24:   SWcycles : 1857949   HWcycles : 8352
 25:   SWcycles : 1857949   HWcycles : 8352
 26:   SWcycles : 1857949   HWcycles : 8352
 27:   SWcycles : 1857949   HWcycles : 8352
 28:   SWcycles : 1857949   HWcycles : 8352
 29:   SWcycles : 1857949   HWcycles : 8352
 DEC 100 A bytes 10000
 0:   SWcycles : 3701097   HWcycles : 16481
 1:   SWcycles : 3701074   HWcycles : 16480
 2:   SWcycles : 3701074   HWcycles : 16480
 3:   SWcycles : 3701074   HWcycles : 16477
 4:   SWcycles : 3701074   HWcycles : 16477
 5:   SWcycles : 3701074   HWcycles : 16477
 6:   SWcycles : 3701074   HWcycles : 16477
 7:   SWcycles : 3701074   HWcycles : 16477
 8:   SWcycles : 3701074   HWcycles : 16477
 9:   SWcycles : 3701074   HWcycles : 16477
 10:   SWcycles : 3701074   HWcycles : 16477
 11:   SWcycles : 3701074   HWcycles : 16477
 12:   SWcycles : 3701074   HWcycles : 16477
 13:   SWcycles : 3701074   HWcycles : 16477
 14:   SWcycles : 3701074   HWcycles : 16477
 15:   SWcycles : 3701074   HWcycles : 16477
 16:   SWcycles : 3701074   HWcycles : 16477
 17:   SWcycles : 3701074   HWcycles : 16477
 18:   SWcycles : 3701074   HWcycles : 16477
 19:   SWcycles : 3701074   HWcycles : 16477
 20:   SWcycles : 3701074   HWcycles : 16477
 21:   SWcycles : 3701074   HWcycles : 16477
 22:   SWcycles : 3701074   HWcycles : 16477
 23:   SWcycles : 3701074   HWcycles : 16477
 24:   SWcycles : 3701074   HWcycles : 16477
 25:   SWcycles : 3701074   HWcycles : 16477
 26:   SWcycles : 3701074   HWcycles : 16477
 27:   SWcycles : 3701074   HWcycles : 16477
 28:   SWcycles : 3701074   HWcycles : 16477
 29:   SWcycles : 3701074   HWcycles : 16477
 HASH
 HASH 100 A bytes 0
 0:   SWcycles : 41490   HWcycles : 4727
 1:   SWcycles : 23420   HWcycles : 133
 2:   SWcycles : 23407   HWcycles : 136
 3:   SWcycles : 23407   HWcycles : 136
 4:   SWcycles : 23407   HWcycles : 133
 5:   SWcycles : 23407   HWcycles : 133
 6:   SWcycles : 23407   HWcycles : 133
 7:   SWcycles : 23407   HWcycles : 136
 8:   SWcycles : 23407   HWcycles : 136
 9:   SWcycles : 23407   HWcycles : 133
 10:   SWcycles : 23407   HWcycles : 133
 11:   SWcycles : 23407   HWcycles : 133
 12:   SWcycles : 23407   HWcycles : 136
 13:   SWcycles : 23407   HWcycles : 136
 14:   SWcycles : 23407   HWcycles : 133
 15:   SWcycles : 23407   HWcycles : 133
 16:   SWcycles : 23407   HWcycles : 133
 17:   SWcycles : 23407   HWcycles : 136
 18:   SWcycles : 23407   HWcycles : 136
 19:   SWcycles : 23407   HWcycles : 133
 20:   SWcycles : 23407   HWcycles : 133
 21:   SWcycles : 23407   HWcycles : 133
 22:   SWcycles : 23407   HWcycles : 136
 23:   SWcycles : 23407   HWcycles : 136
 24:   SWcycles : 23407   HWcycles : 133
 25:   SWcycles : 23407   HWcycles : 133
 26:   SWcycles : 23407   HWcycles : 133
 27:   SWcycles : 23407   HWcycles : 136
 28:   SWcycles : 23407   HWcycles : 136
 29:   SWcycles : 23407   HWcycles : 133
 HASH 100 A bytes 8
 0:   SWcycles : 52604   HWcycles : 163
 1:   SWcycles : 35091   HWcycles : 163
 2:   SWcycles : 35075   HWcycles : 163
 3:   SWcycles : 35075   HWcycles : 163
 4:   SWcycles : 35075   HWcycles : 163
 5:   SWcycles : 35075   HWcycles : 160
 6:   SWcycles : 35075   HWcycles : 160
 7:   SWcycles : 35075   HWcycles : 160
 8:   SWcycles : 35075   HWcycles : 160
 9:   SWcycles : 35075   HWcycles : 160
 10:   SWcycles : 35075   HWcycles : 160
 11:   SWcycles : 35075   HWcycles : 160
 12:   SWcycles : 35075   HWcycles : 160
 13:   SWcycles : 35075   HWcycles : 160
 14:   SWcycles : 35075   HWcycles : 160
 15:   SWcycles : 35075   HWcycles : 160
 16:   SWcycles : 35075   HWcycles : 160
 17:   SWcycles : 35075   HWcycles : 160
 18:   SWcycles : 35075   HWcycles : 160
 19:   SWcycles : 35075   HWcycles : 160
 20:   SWcycles : 35075   HWcycles : 160
 21:   SWcycles : 35075   HWcycles : 160
 22:   SWcycles : 35075   HWcycles : 160
 23:   SWcycles : 35075   HWcycles : 160
 24:   SWcycles : 35075   HWcycles : 160
 25:   SWcycles : 35075   HWcycles : 160
 26:   SWcycles : 35075   HWcycles : 160
 27:   SWcycles : 35075   HWcycles : 160
 28:   SWcycles : 35075   HWcycles : 160
 29:   SWcycles : 35075   HWcycles : 160
 HASH 100 A bytes 96
 0:   SWcycles : 99274   HWcycles : 339
 1:   SWcycles : 99259   HWcycles : 339
 2:   SWcycles : 99255   HWcycles : 339
 3:   SWcycles : 99255   HWcycles : 339
 4:   SWcycles : 99255   HWcycles : 336
 5:   SWcycles : 99255   HWcycles : 336
 6:   SWcycles : 99255   HWcycles : 336
 7:   SWcycles : 99255   HWcycles : 336
 8:   SWcycles : 99255   HWcycles : 336
 9:   SWcycles : 99255   HWcycles : 336
 10:   SWcycles : 99255   HWcycles : 336
 11:   SWcycles : 99255   HWcycles : 336
 12:   SWcycles : 99255   HWcycles : 336
 13:   SWcycles : 99255   HWcycles : 336
 14:   SWcycles : 99255   HWcycles : 336
 15:   SWcycles : 99255   HWcycles : 336
 16:   SWcycles : 99255   HWcycles : 336
 17:   SWcycles : 99255   HWcycles : 336
 18:   SWcycles : 99255   HWcycles : 336
 19:   SWcycles : 99255   HWcycles : 336
 20:   SWcycles : 99255   HWcycles : 336
 21:   SWcycles : 99255   HWcycles : 336
 22:   SWcycles : 99255   HWcycles : 336
 23:   SWcycles : 99255   HWcycles : 336
 24:   SWcycles : 99255   HWcycles : 336
 25:   SWcycles : 99255   HWcycles : 336
 26:   SWcycles : 99255   HWcycles : 336
 27:   SWcycles : 99255   HWcycles : 336
 28:   SWcycles : 99255   HWcycles : 336
 29:   SWcycles : 99255   HWcycles : 336
 HASH 100 A bytes 496
 0:   SWcycles : 390967   HWcycles : 1139
 1:   SWcycles : 390959   HWcycles : 1139
 2:   SWcycles : 390955   HWcycles : 1139
 3:   SWcycles : 390955   HWcycles : 1139
 4:   SWcycles : 390955   HWcycles : 1136
 5:   SWcycles : 390955   HWcycles : 1136
 6:   SWcycles : 390955   HWcycles : 1136
 7:   SWcycles : 390955   HWcycles : 1136
 8:   SWcycles : 390955   HWcycles : 1136
 9:   SWcycles : 390955   HWcycles : 1136
 10:   SWcycles : 390955   HWcycles : 1136
 11:   SWcycles : 390955   HWcycles : 1136
 12:   SWcycles : 390955   HWcycles : 1136
 13:   SWcycles : 390955   HWcycles : 1136
 14:   SWcycles : 390955   HWcycles : 1136
 15:   SWcycles : 390955   HWcycles : 1136
 16:   SWcycles : 390955   HWcycles : 1136
 17:   SWcycles : 390955   HWcycles : 1136
 18:   SWcycles : 390955   HWcycles : 1136
 19:   SWcycles : 390955   HWcycles : 1136
 20:   SWcycles : 390955   HWcycles : 1136
 21:   SWcycles : 390955   HWcycles : 1136
 22:   SWcycles : 390955   HWcycles : 1136
 23:   SWcycles : 390955   HWcycles : 1136
 24:   SWcycles : 390955   HWcycles : 1136
 25:   SWcycles : 390955   HWcycles : 1136
 26:   SWcycles : 390955   HWcycles : 1136
 27:   SWcycles : 390955   HWcycles : 1136
 28:   SWcycles : 390955   HWcycles : 1136
 29:   SWcycles : 390955   HWcycles : 1136
 HASH 100 A bytes 1000
 0:   SWcycles : 758507   HWcycles : 2147
 1:   SWcycles : 758502   HWcycles : 2147
 2:   SWcycles : 758498   HWcycles : 2147
 3:   SWcycles : 758498   HWcycles : 2147
 4:   SWcycles : 758498   HWcycles : 2144
 5:   SWcycles : 758498   HWcycles : 2144
 6:   SWcycles : 758498   HWcycles : 2144
 7:   SWcycles : 758498   HWcycles : 2144
 8:   SWcycles : 758498   HWcycles : 2144
 9:   SWcycles : 758498   HWcycles : 2144
 10:   SWcycles : 758498   HWcycles : 2144
 11:   SWcycles : 758498   HWcycles : 2144
 12:   SWcycles : 758498   HWcycles : 2144
 13:   SWcycles : 758498   HWcycles : 2144
 14:   SWcycles : 758498   HWcycles : 2144
 15:   SWcycles : 758498   HWcycles : 2144
 16:   SWcycles : 758498   HWcycles : 2144
 17:   SWcycles : 758498   HWcycles : 2144
 18:   SWcycles : 758498   HWcycles : 2144
 19:   SWcycles : 758498   HWcycles : 2144
 20:   SWcycles : 758498   HWcycles : 2144
 21:   SWcycles : 758498   HWcycles : 2144
 22:   SWcycles : 758498   HWcycles : 2144
 23:   SWcycles : 758498   HWcycles : 2144
 24:   SWcycles : 758498   HWcycles : 2144
 25:   SWcycles : 758498   HWcycles : 2144
 26:   SWcycles : 758498   HWcycles : 2144
 27:   SWcycles : 758498   HWcycles : 2144
 28:   SWcycles : 758498   HWcycles : 2144
 29:   SWcycles : 758498   HWcycles : 2144
 HASH 100 A bytes 5000
 0:   SWcycles : 3675505   HWcycles : 10147
 1:   SWcycles : 3675501   HWcycles : 10147
 2:   SWcycles : 3675498   HWcycles : 10147
 3:   SWcycles : 3675498   HWcycles : 10147
 4:   SWcycles : 3675498   HWcycles : 10144
 5:   SWcycles : 3675498   HWcycles : 10144
 6:   SWcycles : 3675498   HWcycles : 10144
 7:   SWcycles : 3675498   HWcycles : 10144
 8:   SWcycles : 3675498   HWcycles : 10144
 9:   SWcycles : 3675498   HWcycles : 10144
 10:   SWcycles : 3675498   HWcycles : 10144
 11:   SWcycles : 3675498   HWcycles : 10144
 12:   SWcycles : 3675498   HWcycles : 10144
 13:   SWcycles : 3675498   HWcycles : 10144
 14:   SWcycles : 3675498   HWcycles : 10144
 15:   SWcycles : 3675498   HWcycles : 10144
 16:   SWcycles : 3675498   HWcycles : 10144
 17:   SWcycles : 3675498   HWcycles : 10144
 18:   SWcycles : 3675498   HWcycles : 10144
 19:   SWcycles : 3675498   HWcycles : 10144
 20:   SWcycles : 3675498   HWcycles : 10144
 21:   SWcycles : 3675498   HWcycles : 10144
 22:   SWcycles : 3675498   HWcycles : 10144
 23:   SWcycles : 3675498   HWcycles : 10144
 24:   SWcycles : 3675498   HWcycles : 10144
 25:   SWcycles : 3675498   HWcycles : 10144
 26:   SWcycles : 3675498   HWcycles : 10144
 27:   SWcycles : 3675498   HWcycles : 10144
 28:   SWcycles : 3675498   HWcycles : 10144
 29:   SWcycles : 3675498   HWcycles : 10144
 HASH 100 A bytes 10000
 0:   SWcycles : 7321755   HWcycles : 20147
 1:   SWcycles : 7321751   HWcycles : 20147
 2:   SWcycles : 7321748   HWcycles : 20147
 3:   SWcycles : 7321748   HWcycles : 20147
 4:   SWcycles : 7321748   HWcycles : 20144
 5:   SWcycles : 7321748   HWcycles : 20144
 6:   SWcycles : 7321748   HWcycles : 20144
 7:   SWcycles : 7321748   HWcycles : 20144
 8:   SWcycles : 7321748   HWcycles : 20144
 9:   SWcycles : 7321748   HWcycles : 20144
 10:   SWcycles : 7321748   HWcycles : 20144
 11:   SWcycles : 7321748   HWcycles : 20144
 12:   SWcycles : 7321748   HWcycles : 20144
 13:   SWcycles : 7321748   HWcycles : 20144
 14:   SWcycles : 7321748   HWcycles : 20144
 15:   SWcycles : 7321748   HWcycles : 20144
 16:   SWcycles : 7321748   HWcycles : 20144
 17:   SWcycles : 7321748   HWcycles : 20144
 18:   SWcycles : 7321748   HWcycles : 20144
 19:   SWcycles : 7321748   HWcycles : 20144
 20:   SWcycles : 7321748   HWcycles : 20144
 21:   SWcycles : 7321748   HWcycles : 20144
 22:   SWcycles : 7321748   HWcycles : 20144
 23:   SWcycles : 7321748   HWcycles : 20144
 24:   SWcycles : 7321748   HWcycles : 20144
 25:   SWcycles : 7321748   HWcycles : 20144
 26:   SWcycles : 7321748   HWcycles : 20144
 27:   SWcycles : 7321748   HWcycles : 20144
 28:   SWcycles : 7321748   HWcycles : 20144
 29:   SWcycles : 7321748   HWcycles : 20144
 Random
 RANDOM bytes 0
 0:   SWcycles : 29470   HWcycles : 79
 1:   SWcycles : 11678   HWcycles : 68
 2:   SWcycles : 11674   HWcycles : 65
 3:   SWcycles : 11674   HWcycles : 65
 4:   SWcycles : 11678   HWcycles : 62
 5:   SWcycles : 11674   HWcycles : 65
 6:   SWcycles : 11674   HWcycles : 62
 7:   SWcycles : 11678   HWcycles : 65
 8:   SWcycles : 11674   HWcycles : 62
 9:   SWcycles : 11674   HWcycles : 65
 10:   SWcycles : 11678   HWcycles : 62
 11:   SWcycles : 11674   HWcycles : 65
 12:   SWcycles : 11674   HWcycles : 62
 13:   SWcycles : 11678   HWcycles : 65
 14:   SWcycles : 11674   HWcycles : 62
 15:   SWcycles : 11674   HWcycles : 65
 16:   SWcycles : 11678   HWcycles : 62
 17:   SWcycles : 11674   HWcycles : 65
 18:   SWcycles : 11674   HWcycles : 62
 19:   SWcycles : 11678   HWcycles : 65
 20:   SWcycles : 11674   HWcycles : 62
 21:   SWcycles : 11674   HWcycles : 65
 22:   SWcycles : 11678   HWcycles : 62
 23:   SWcycles : 11674   HWcycles : 65
 24:   SWcycles : 11674   HWcycles : 62
 25:   SWcycles : 11678   HWcycles : 65
 26:   SWcycles : 11674   HWcycles : 62
 27:   SWcycles : 11674   HWcycles : 65
 28:   SWcycles : 11678   HWcycles : 62
 29:   SWcycles : 11674   HWcycles : 65
 RANDOM bytes 1
 0:   SWcycles : 22136   HWcycles : 123
 1:   SWcycles : 17545   HWcycles : 125
 2:   SWcycles : 17555   HWcycles : 119
 3:   SWcycles : 17552   HWcycles : 125
 4:   SWcycles : 17552   HWcycles : 119
 5:   SWcycles : 17552   HWcycles : 119
 6:   SWcycles : 17552   HWcycles : 119
 7:   SWcycles : 17552   HWcycles : 119
 8:   SWcycles : 17552   HWcycles : 119
 9:   SWcycles : 17552   HWcycles : 119
 10:   SWcycles : 17552   HWcycles : 119
 11:   SWcycles : 17552   HWcycles : 119
 12:   SWcycles : 17552   HWcycles : 119
 13:   SWcycles : 17552   HWcycles : 119
 14:   SWcycles : 17552   HWcycles : 119
 15:   SWcycles : 17552   HWcycles : 119
 16:   SWcycles : 17552   HWcycles : 119
 17:   SWcycles : 17552   HWcycles : 119
 18:   SWcycles : 17552   HWcycles : 119
 19:   SWcycles : 17552   HWcycles : 119
 20:   SWcycles : 17552   HWcycles : 119
 21:   SWcycles : 17552   HWcycles : 119
 22:   SWcycles : 17552   HWcycles : 119
 23:   SWcycles : 17552   HWcycles : 119
 24:   SWcycles : 17552   HWcycles : 119
 25:   SWcycles : 17552   HWcycles : 119
 26:   SWcycles : 17552   HWcycles : 119
 27:   SWcycles : 17552   HWcycles : 119
 28:   SWcycles : 17552   HWcycles : 119
 29:   SWcycles : 17552   HWcycles : 119
 RANDOM bytes 12
 0:   SWcycles : 81659   HWcycles : 233
 1:   SWcycles : 81648   HWcycles : 229
 2:   SWcycles : 81645   HWcycles : 229
 3:   SWcycles : 81645   HWcycles : 232
 4:   SWcycles : 81645   HWcycles : 229
 5:   SWcycles : 81645   HWcycles : 229
 6:   SWcycles : 81645   HWcycles : 232
 7:   SWcycles : 81645   HWcycles : 229
 8:   SWcycles : 81645   HWcycles : 229
 9:   SWcycles : 81645   HWcycles : 232
 10:   SWcycles : 81645   HWcycles : 229
 11:   SWcycles : 81645   HWcycles : 229
 12:   SWcycles : 81645   HWcycles : 232
 13:   SWcycles : 81645   HWcycles : 229
 14:   SWcycles : 81645   HWcycles : 229
 15:   SWcycles : 81645   HWcycles : 232
 16:   SWcycles : 81645   HWcycles : 229
 17:   SWcycles : 81645   HWcycles : 229
 18:   SWcycles : 81645   HWcycles : 232
 19:   SWcycles : 81645   HWcycles : 229
 20:   SWcycles : 81645   HWcycles : 229
 21:   SWcycles : 81645   HWcycles : 232
 22:   SWcycles : 81645   HWcycles : 229
 23:   SWcycles : 81645   HWcycles : 229
 24:   SWcycles : 81645   HWcycles : 232
 25:   SWcycles : 81645   HWcycles : 229
 26:   SWcycles : 81645   HWcycles : 229
 27:   SWcycles : 81645   HWcycles : 232
 28:   SWcycles : 81645   HWcycles : 229
 29:   SWcycles : 81645   HWcycles : 229
 RANDOM bytes 62
 0:   SWcycles : 373001   HWcycles : 733
 1:   SWcycles : 372995   HWcycles : 729
 2:   SWcycles : 372995   HWcycles : 729
 3:   SWcycles : 372995   HWcycles : 732
 4:   SWcycles : 372995   HWcycles : 729
 5:   SWcycles : 372995   HWcycles : 729
 6:   SWcycles : 372995   HWcycles : 732
 7:   SWcycles : 372995   HWcycles : 729
 8:   SWcycles : 372995   HWcycles : 729
 9:   SWcycles : 372995   HWcycles : 732
 10:   SWcycles : 372995   HWcycles : 729
 11:   SWcycles : 372995   HWcycles : 729
 12:   SWcycles : 372995   HWcycles : 732
 13:   SWcycles : 372995   HWcycles : 729
 14:   SWcycles : 372995   HWcycles : 729
 15:   SWcycles : 372995   HWcycles : 732
 16:   SWcycles : 372995   HWcycles : 729
 17:   SWcycles : 372995   HWcycles : 729
 18:   SWcycles : 372995   HWcycles : 732
 19:   SWcycles : 372995   HWcycles : 729
 20:   SWcycles : 372995   HWcycles : 729
 21:   SWcycles : 372995   HWcycles : 732
 22:   SWcycles : 372995   HWcycles : 729
 23:   SWcycles : 372995   HWcycles : 729
 24:   SWcycles : 372995   HWcycles : 732
 25:   SWcycles : 372995   HWcycles : 729
 26:   SWcycles : 372995   HWcycles : 729
 27:   SWcycles : 372995   HWcycles : 732
 28:   SWcycles : 372995   HWcycles : 729
 29:   SWcycles : 372995   HWcycles : 729
 RANDOM bytes 125
 0:   SWcycles : 740102   HWcycles : 1363
 1:   SWcycles : 740096   HWcycles : 1359
 2:   SWcycles : 740096   HWcycles : 1359
 3:   SWcycles : 740096   HWcycles : 1362
 4:   SWcycles : 740096   HWcycles : 1359
 5:   SWcycles : 740096   HWcycles : 1359
 6:   SWcycles : 740096   HWcycles : 1362
 7:   SWcycles : 740096   HWcycles : 1359
 8:   SWcycles : 740096   HWcycles : 1359
 9:   SWcycles : 740096   HWcycles : 1362
 10:   SWcycles : 740096   HWcycles : 1359
 11:   SWcycles : 740096   HWcycles : 1359
 12:   SWcycles : 740096   HWcycles : 1362
 13:   SWcycles : 740096   HWcycles : 1359
 14:   SWcycles : 740096   HWcycles : 1359
 15:   SWcycles : 740096   HWcycles : 1362
 16:   SWcycles : 740096   HWcycles : 1359
 17:   SWcycles : 740096   HWcycles : 1359
 18:   SWcycles : 740096   HWcycles : 1362
 19:   SWcycles : 740096   HWcycles : 1359
 20:   SWcycles : 740096   HWcycles : 1359
 21:   SWcycles : 740096   HWcycles : 1362
 22:   SWcycles : 740096   HWcycles : 1359
 23:   SWcycles : 740096   HWcycles : 1359
 24:   SWcycles : 740096   HWcycles : 1362
 25:   SWcycles : 740096   HWcycles : 1359
 26:   SWcycles : 740096   HWcycles : 1359
 27:   SWcycles : 740096   HWcycles : 1362
 28:   SWcycles : 740096   HWcycles : 1359
 29:   SWcycles : 740096   HWcycles : 1359
 RANDOM bytes 625
 0:   SWcycles : 3653602   HWcycles : 6363
 1:   SWcycles : 3653596   HWcycles : 6359
 2:   SWcycles : 3653596   HWcycles : 6359
 3:   SWcycles : 3653596   HWcycles : 6362
 4:   SWcycles : 3653596   HWcycles : 6359
 5:   SWcycles : 3653596   HWcycles : 6359
 6:   SWcycles : 3653596   HWcycles : 6362
 7:   SWcycles : 3653596   HWcycles : 6359
 8:   SWcycles : 3653596   HWcycles : 6359
 9:   SWcycles : 3653596   HWcycles : 6362
 10:   SWcycles : 3653596   HWcycles : 6359
 11:   SWcycles : 3653596   HWcycles : 6359
 12:   SWcycles : 3653596   HWcycles : 6362
 13:   SWcycles : 3653596   HWcycles : 6359
 14:   SWcycles : 3653596   HWcycles : 6359
 15:   SWcycles : 3653596   HWcycles : 6362
 16:   SWcycles : 3653596   HWcycles : 6359
 17:   SWcycles : 3653596   HWcycles : 6359
 18:   SWcycles : 3653596   HWcycles : 6362
 19:   SWcycles : 3653596   HWcycles : 6359
 20:   SWcycles : 3653596   HWcycles : 6359
 21:   SWcycles : 3653596   HWcycles : 6362
 22:   SWcycles : 3653596   HWcycles : 6359
 23:   SWcycles : 3653596   HWcycles : 6359
 24:   SWcycles : 3653596   HWcycles : 6362
 25:   SWcycles : 3653596   HWcycles : 6359
 26:   SWcycles : 3653596   HWcycles : 6359
 27:   SWcycles : 3653596   HWcycles : 6362
 28:   SWcycles : 3653596   HWcycles : 6359
 29:   SWcycles : 3653596   HWcycles : 6359
 RANDOM bytes 1250
 0:   SWcycles : 7295477   HWcycles : 12613
 1:   SWcycles : 7295471   HWcycles : 12609
 2:   SWcycles : 7295471   HWcycles : 12609
 3:   SWcycles : 7295471   HWcycles : 12612
 4:   SWcycles : 7295471   HWcycles : 12609
 5:   SWcycles : 7295471   HWcycles : 12609
 6:   SWcycles : 7295471   HWcycles : 12612
 7:   SWcycles : 7295471   HWcycles : 12609
 8:   SWcycles : 7295471   HWcycles : 12609
 9:   SWcycles : 7295471   HWcycles : 12612
 10:   SWcycles : 7295471   HWcycles : 12609
 11:   SWcycles : 7295471   HWcycles : 12609
 12:   SWcycles : 7295471   HWcycles : 12612
 13:   SWcycles : 7295471   HWcycles : 12609
 14:   SWcycles : 7295471   HWcycles : 12609
 15:   SWcycles : 7295471   HWcycles : 12612
 16:   SWcycles : 7295471   HWcycles : 12609
 17:   SWcycles : 7295471   HWcycles : 12609
 18:   SWcycles : 7295471   HWcycles : 12612
 19:   SWcycles : 7295471   HWcycles : 12609
 20:   SWcycles : 7295471   HWcycles : 12609
 21:   SWcycles : 7295471   HWcycles : 12612
 22:   SWcycles : 7295471   HWcycles : 12609
 23:   SWcycles : 7295471   HWcycles : 12609
 24:   SWcycles : 7295471   HWcycles : 12612
 25:   SWcycles : 7295471   HWcycles : 12609
 26:   SWcycles : 7295471   HWcycles : 12609
 27:   SWcycles : 7295471   HWcycles : 12612
 28:   SWcycles : 7295471   HWcycles : 12609
 29:   SWcycles : 7295471   HWcycles : 12609