 ENC
 ENC bytes 0
 0:   SWcycles : 169450   HWcycles : 17992
 1:   SWcycles : 11905   HWcycles : 206
 2:   SWcycles : 11900   HWcycles : 202
 3:   SWcycles : 11885   HWcycles : 202
 4:   SWcycles : 11885   HWcycles : 202
 5:   SWcycles : 11885   HWcycles : 202
 6:   SWcycles : 11885   HWcycles : 202
 7:   SWcycles : 11885   HWcycles : 202
 8:   SWcycles : 11885   HWcycles : 202
 9:   SWcycles : 11885   HWcycles : 202
 10:   SWcycles : 11885   HWcycles : 202
 11:   SWcycles : 11885   HWcycles : 202
 12:   SWcycles : 11885   HWcycles : 202
 13:   SWcycles : 11885   HWcycles : 202
 14:   SWcycles : 11885   HWcycles : 202
 15:   SWcycles : 11885   HWcycles : 202
 16:   SWcycles : 11885   HWcycles : 202
 17:   SWcycles : 11885   HWcycles : 202
 18:   SWcycles : 11885   HWcycles : 202
 19:   SWcycles : 11885   HWcycles : 202
 20:   SWcycles : 11885   HWcycles : 202
 21:   SWcycles : 11885   HWcycles : 202
 22:   SWcycles : 11885   HWcycles : 202
 23:   SWcycles : 11885   HWcycles : 202
 24:   SWcycles : 11885   HWcycles : 202
 25:   SWcycles : 11885   HWcycles : 202
 26:   SWcycles : 11885   HWcycles : 202
 27:   SWcycles : 11885   HWcycles : 202
 28:   SWcycles : 11885   HWcycles : 202
 29:   SWcycles : 11885   HWcycles : 202
 ENC bytes 8
 0:   SWcycles : 19451   HWcycles : 218
 1:   SWcycles : 14864   HWcycles : 220
 2:   SWcycles : 14849   HWcycles : 220
 3:   SWcycles : 14849   HWcycles : 216
 4:   SWcycles : 14849   HWcycles : 220
 5:   SWcycles : 14849   HWcycles : 220
 6:   SWcycles : 14849   HWcycles : 220
 7:   SWcycles : 14849   HWcycles : 220
 8:   SWcycles : 14849   HWcycles : 220
 9:   SWcycles : 14849   HWcycles : 220
 10:   SWcycles : 14849   HWcycles : 220
 11:   SWcycles : 14849   HWcycles : 220
 12:   SWcycles : 14849   HWcycles : 220
 13:   SWcycles : 14849   HWcycles : 220
 14:   SWcycles : 14849   HWcycles : 220
 15:   SWcycles : 14849   HWcycles : 220
 16:   SWcycles : 14849   HWcycles : 220
 17:   SWcycles : 14849   HWcycles : 220
 18:   SWcycles : 14849   HWcycles : 220
 19:   SWcycles : 14849   HWcycles : 220
 20:   SWcycles : 14849   HWcycles : 220
 21:   SWcycles : 14849   HWcycles : 220
 22:   SWcycles : 14849   HWcycles : 220
 23:   SWcycles : 14849   HWcycles : 220
 24:   SWcycles : 14849   HWcycles : 220
 25:   SWcycles : 14849   HWcycles : 220
 26:   SWcycles : 14849   HWcycles : 220
 27:   SWcycles : 14849   HWcycles : 220
 28:   SWcycles : 14849   HWcycles : 220
 29:   SWcycles : 14849   HWcycles : 220
 ENC bytes 96
 0:   SWcycles : 47487   HWcycles : 372
 1:   SWcycles : 47474   HWcycles : 370
 2:   SWcycles : 47470   HWcycles : 370
 3:   SWcycles : 47470   HWcycles : 374
 4:   SWcycles : 47470   HWcycles : 370
 5:   SWcycles : 47470   HWcycles : 370
 6:   SWcycles : 47470   HWcycles : 370
 7:   SWcycles : 47470   HWcycles : 370
 8:   SWcycles : 47470   HWcycles : 370
 9:   SWcycles : 47470   HWcycles : 370
 10:   SWcycles : 47470   HWcycles : 370
 11:   SWcycles : 47470   HWcycles : 370
 12:   SWcycles : 47470   HWcycles : 370
 13:   SWcycles : 47470   HWcycles : 370
 14:   SWcycles : 47470   HWcycles : 370
 15:   SWcycles : 47470   HWcycles : 370
 16:   SWcycles : 47470   HWcycles : 370
 17:   SWcycles : 47470   HWcycles : 370
 18:   SWcycles : 47470   HWcycles : 370
 19:   SWcycles : 47470   HWcycles : 370
 20:   SWcycles : 47470   HWcycles : 370
 21:   SWcycles : 47470   HWcycles : 370
 22:   SWcycles : 47470   HWcycles : 370
 23:   SWcycles : 47470   HWcycles : 370
 24:   SWcycles : 47470   HWcycles : 370
 25:   SWcycles : 47470   HWcycles : 370
 26:   SWcycles : 47470   HWcycles : 370
 27:   SWcycles : 47470   HWcycles : 370
 28:   SWcycles : 47470   HWcycles : 370
 29:   SWcycles : 47470   HWcycles : 370
 ENC bytes 496
 0:   SWcycles : 195732   HWcycles : 1072
 1:   SWcycles : 195724   HWcycles : 1070
 2:   SWcycles : 195720   HWcycles : 1070
 3:   SWcycles : 195720   HWcycles : 1074
 4:   SWcycles : 195720   HWcycles : 1070
 5:   SWcycles : 195720   HWcycles : 1070
 6:   SWcycles : 195720   HWcycles : 1070
 7:   SWcycles : 195720   HWcycles : 1070
 8:   SWcycles : 195720   HWcycles : 1070
 9:   SWcycles : 195720   HWcycles : 1070
 10:   SWcycles : 195720   HWcycles : 1070
 11:   SWcycles : 195720   HWcycles : 1070
 12:   SWcycles : 195720   HWcycles : 1070
 13:   SWcycles : 195720   HWcycles : 1070
 14:   SWcycles : 195720   HWcycles : 1070
 15:   SWcycles : 195720   HWcycles : 1070
 16:   SWcycles : 195720   HWcycles : 1070
 17:   SWcycles : 195720   HWcycles : 1070
 18:   SWcycles : 195720   HWcycles : 1070
 19:   SWcycles : 195720   HWcycles : 1070
 20:   SWcycles : 195720   HWcycles : 1070
 21:   SWcycles : 195720   HWcycles : 1070
 22:   SWcycles : 195720   HWcycles : 1070
 23:   SWcycles : 195720   HWcycles : 1070
 24:   SWcycles : 195720   HWcycles : 1070
 25:   SWcycles : 195720   HWcycles : 1070
 26:   SWcycles : 195720   HWcycles : 1070
 27:   SWcycles : 195720   HWcycles : 1070
 28:   SWcycles : 195720   HWcycles : 1070
 29:   SWcycles : 195720   HWcycles : 1070
 ENC bytes 1000
 0:   SWcycles : 382530   HWcycles : 1954
 1:   SWcycles : 382519   HWcycles : 1952
 2:   SWcycles : 382515   HWcycles : 1952
 3:   SWcycles : 382515   HWcycles : 1956
 4:   SWcycles : 382515   HWcycles : 1952
 5:   SWcycles : 382515   HWcycles : 1952
 6:   SWcycles : 382515   HWcycles : 1952
 7:   SWcycles : 382515   HWcycles : 1952
 8:   SWcycles : 382515   HWcycles : 1952
 9:   SWcycles : 382515   HWcycles : 1952
 10:   SWcycles : 382515   HWcycles : 1952
 11:   SWcycles : 382515   HWcycles : 1952
 12:   SWcycles : 382515   HWcycles : 1952
 13:   SWcycles : 382515   HWcycles : 1952
 14:   SWcycles : 382515   HWcycles : 1952
 15:   SWcycles : 382515   HWcycles : 1952
 16:   SWcycles : 382515   HWcycles : 1952
 17:   SWcycles : 382515   HWcycles : 1952
 18:   SWcycles : 382515   HWcycles : 1952
 19:   SWcycles : 382515   HWcycles : 1952
 20:   SWcycles : 382515   HWcycles : 1952
 21:   SWcycles : 382515   HWcycles : 1952
 22:   SWcycles : 382515   HWcycles : 1952
 23:   SWcycles : 382515   HWcycles : 1952
 24:   SWcycles : 382515   HWcycles : 1952
 25:   SWcycles : 382515   HWcycles : 1952
 26:   SWcycles : 382515   HWcycles : 1952
 27:   SWcycles : 382515   HWcycles : 1952
 28:   SWcycles : 382515   HWcycles : 1952
 29:   SWcycles : 382515   HWcycles : 1952
 ENC bytes 5000
 0:   SWcycles : 1865030   HWcycles : 8954
 1:   SWcycles : 1865018   HWcycles : 8952
 2:   SWcycles : 1865015   HWcycles : 8952
 3:   SWcycles : 1865015   HWcycles : 8956
 4:   SWcycles : 1865015   HWcycles : 8952
 5:   SWcycles : 1865015   HWcycles : 8952
 6:   SWcycles : 1865015   HWcycles : 8952
 7:   SWcycles : 1865015   HWcycles : 8952
 8:   SWcycles : 1865015   HWcycles : 8952
 9:   SWcycles : 1865015   HWcycles : 8952
 10:   SWcycles : 1865015   HWcycles : 8952
 11:   SWcycles : 1865015   HWcycles : 8952
 12:   SWcycles : 1865015   HWcycles : 8952
 13:   SWcycles : 1865015   HWcycles : 8952
 14:   SWcycles : 1865015   HWcycles : 8952
 15:   SWcycles : 1865015   HWcycles : 8952
 16:   SWcycles : 1865015   HWcycles : 8952
 17:   SWcycles : 1865015   HWcycles : 8952
 18:   SWcycles : 1865015   HWcycles : 8952
 19:   SWcycles : 1865015   HWcycles : 8952
 20:   SWcycles : 1865015   HWcycles : 8952
 21:   SWcycles : 1865015   HWcycles : 8952
 22:   SWcycles : 1865015   HWcycles : 8952
 23:   SWcycles : 1865015   HWcycles : 8952
 24:   SWcycles : 1865015   HWcycles : 8952
 25:   SWcycles : 1865015   HWcycles : 8952
 26:   SWcycles : 1865015   HWcycles : 8952
 27:   SWcycles : 1865015   HWcycles : 8952
 28:   SWcycles : 1865015   HWcycles : 8952
 29:   SWcycles : 1865015   HWcycles : 8952
 ENC bytes 10000
 0:   SWcycles : 3718155   HWcycles : 17704
 1:   SWcycles : 3718144   HWcycles : 17702
 2:   SWcycles : 3718140   HWcycles : 17702
 3:   SWcycles : 3718140   HWcycles : 17706
 4:   SWcycles : 3718140   HWcycles : 17702
 5:   SWcycles : 3718140   HWcycles : 17702
 6:   SWcycles : 3718140   HWcycles : 17702
 7:   SWcycles : 3718140   HWcycles : 17702
 8:   SWcycles : 3718140   HWcycles : 17702
 9:   SWcycles : 3718140   HWcycles : 17702
 10:   SWcycles : 3718140   HWcycles : 17702
 11:   SWcycles : 3718140   HWcycles : 17702
 12:   SWcycles : 3718140   HWcycles : 17702
 13:   SWcycles : 3718140   HWcycles : 17702
 14:   SWcycles : 3718140   HWcycles : 17702
 15:   SWcycles : 3718140   HWcycles : 17702
 16:   SWcycles : 3718140   HWcycles : 17702
 17:   SWcycles : 3718140   HWcycles : 17702
 18:   SWcycles : 3718140   HWcycles : 17702
 19:   SWcycles : 3718140   HWcycles : 17702
 20:   SWcycles : 3718140   HWcycles : 17702
 21:   SWcycles : 3718140   HWcycles : 17702
 22:   SWcycles : 3718140   HWcycles : 17702
 23:   SWcycles : 3718140   HWcycles : 17702
 24:   SWcycles : 3718140   HWcycles : 17702
 25:   SWcycles : 3718140   HWcycles : 17702
 26:   SWcycles : 3718140   HWcycles : 17702
 27:   SWcycles : 3718140   HWcycles : 17702
 28:   SWcycles : 3718140   HWcycles : 17702
 29:   SWcycles : 3718140   HWcycles : 17702
 ENC 100 A
 ENC 100 A bytes 0
 0:   SWcycles : 16494   HWcycles : 200
 1:   SWcycles : 11894   HWcycles : 200
 2:   SWcycles : 11885   HWcycles : 200
 3:   SWcycles : 11885   HWcycles : 197
 4:   SWcycles : 11885   HWcycles : 200
 5:   SWcycles : 11885   HWcycles : 197
 6:   SWcycles : 11885   HWcycles : 197
 7:   SWcycles : 11885   HWcycles : 197
 8:   SWcycles : 11885   HWcycles : 197
 9:   SWcycles : 11885   HWcycles : 197
 10:   SWcycles : 11885   HWcycles : 197
 11:   SWcycles : 11885   HWcycles : 197
 12:   SWcycles : 11885   HWcycles : 197
 13:   SWcycles : 11885   HWcycles : 197
 14:   SWcycles : 11885   HWcycles : 197
 15:   SWcycles : 11885   HWcycles : 197
 16:   SWcycles : 11885   HWcycles : 197
 17:   SWcycles : 11885   HWcycles : 197
 18:   SWcycles : 11885   HWcycles : 197
 19:   SWcycles : 11885   HWcycles : 197
 20:   SWcycles : 11885   HWcycles : 197
 21:   SWcycles : 11885   HWcycles : 197
 22:   SWcycles : 11885   HWcycles : 197
 23:   SWcycles : 11885   HWcycles : 197
 24:   SWcycles : 11885   HWcycles : 197
 25:   SWcycles : 11885   HWcycles : 197
 26:   SWcycles : 11885   HWcycles : 197
 27:   SWcycles : 11885   HWcycles : 197
 28:   SWcycles : 11885   HWcycles : 197
 29:   SWcycles : 11885   HWcycles : 197
 ENC 100 A bytes 8
 0:   SWcycles : 35327   HWcycles : 218
 1:   SWcycles : 17793   HWcycles : 218
 2:   SWcycles : 17787   HWcycles : 218
 3:   SWcycles : 17787   HWcycles : 215
 4:   SWcycles : 17787   HWcycles : 218
 5:   SWcycles : 17787   HWcycles : 218
 6:   SWcycles : 17787   HWcycles : 218
 7:   SWcycles : 17787   HWcycles : 218
 8:   SWcycles : 17787   HWcycles : 218
 9:   SWcycles : 17787   HWcycles : 218
 10:   SWcycles : 17787   HWcycles : 218
 11:   SWcycles : 17787   HWcycles : 218
 12:   SWcycles : 17787   HWcycles : 218
 13:   SWcycles : 17787   HWcycles : 218
 14:   SWcycles : 17787   HWcycles : 218
 15:   SWcycles : 17787   HWcycles : 218
 16:   SWcycles : 17787   HWcycles : 218
 17:   SWcycles : 17787   HWcycles : 218
 18:   SWcycles : 17787   HWcycles : 218
 19:   SWcycles : 17787   HWcycles : 218
 20:   SWcycles : 17787   HWcycles : 218
 21:   SWcycles : 17787   HWcycles : 218
 22:   SWcycles : 17787   HWcycles : 218
 23:   SWcycles : 17787   HWcycles : 218
 24:   SWcycles : 17787   HWcycles : 218
 25:   SWcycles : 17787   HWcycles : 218
 26:   SWcycles : 17787   HWcycles : 218
 27:   SWcycles : 17787   HWcycles : 218
 28:   SWcycles : 17787   HWcycles : 218
 29:   SWcycles : 17787   HWcycles : 218
 ENC 100 A bytes 96
 0:   SWcycles : 50249   HWcycles : 350
 1:   SWcycles : 50257   HWcycles : 350
 2:   SWcycles : 50235   HWcycles : 350
 3:   SWcycles : 50232   HWcycles : 347
 4:   SWcycles : 50232   HWcycles : 350
 5:   SWcycles : 50232   HWcycles : 350
 6:   SWcycles : 50232   HWcycles : 350
 7:   SWcycles : 50232   HWcycles : 350
 8:   SWcycles : 50232   HWcycles : 350
 9:   SWcycles : 50232   HWcycles : 350
 10:   SWcycles : 50232   HWcycles : 350
 11:   SWcycles : 50232   HWcycles : 350
 12:   SWcycles : 50232   HWcycles : 350
 13:   SWcycles : 50232   HWcycles : 350
 14:   SWcycles : 50232   HWcycles : 350
 15:   SWcycles : 50232   HWcycles : 350
 16:   SWcycles : 50232   HWcycles : 350
 17:   SWcycles : 50232   HWcycles : 350
 18:   SWcycles : 50232   HWcycles : 350
 19:   SWcycles : 50232   HWcycles : 350
 20:   SWcycles : 50232   HWcycles : 350
 21:   SWcycles : 50232   HWcycles : 350
 22:   SWcycles : 50232   HWcycles : 350
 23:   SWcycles : 50232   HWcycles : 350
 24:   SWcycles : 50232   HWcycles : 350
 25:   SWcycles : 50232   HWcycles : 350
 26:   SWcycles : 50232   HWcycles : 350
 27:   SWcycles : 50232   HWcycles : 350
 28:   SWcycles : 50232   HWcycles : 350
 29:   SWcycles : 50232   HWcycles : 350
 ENC 100 A bytes 496
 0:   SWcycles : 197693   HWcycles : 950
 1:   SWcycles : 197682   HWcycles : 950
 2:   SWcycles : 197682   HWcycles : 950
 3:   SWcycles : 197682   HWcycles : 947
 4:   SWcycles : 197682   HWcycles : 950
 5:   SWcycles : 197682   HWcycles : 950
 6:   SWcycles : 197682   HWcycles : 950
 7:   SWcycles : 197682   HWcycles : 950
 8:   SWcycles : 197682   HWcycles : 950
 9:   SWcycles : 197682   HWcycles : 950
 10:   SWcycles : 197682   HWcycles : 950
 11:   SWcycles : 197682   HWcycles : 950
 12:   SWcycles : 197682   HWcycles : 950
 13:   SWcycles : 197682   HWcycles : 950
 14:   SWcycles : 197682   HWcycles : 950
 15:   SWcycles : 197682   HWcycles : 950
 16:   SWcycles : 197682   HWcycles : 950
 17:   SWcycles : 197682   HWcycles : 950
 18:   SWcycles : 197682   HWcycles : 950
 19:   SWcycles : 197682   HWcycles : 950
 20:   SWcycles : 197682   HWcycles : 950
 21:   SWcycles : 197682   HWcycles : 950
 22:   SWcycles : 197682   HWcycles : 950
 23:   SWcycles : 197682   HWcycles : 950
 24:   SWcycles : 197682   HWcycles : 950
 25:   SWcycles : 197682   HWcycles : 950
 26:   SWcycles : 197682   HWcycles : 950
 27:   SWcycles : 197682   HWcycles : 950
 28:   SWcycles : 197682   HWcycles : 950
 29:   SWcycles : 197682   HWcycles : 950
 ENC 100 A bytes 1000
 0:   SWcycles : 383476   HWcycles : 1706
 1:   SWcycles : 383469   HWcycles : 1706
 2:   SWcycles : 383469   HWcycles : 1706
 3:   SWcycles : 383469   HWcycles : 1703
 4:   SWcycles : 383469   HWcycles : 1706
 5:   SWcycles : 383469   HWcycles : 1706
 6:   SWcycles : 383469   HWcycles : 1706
 7:   SWcycles : 383469   HWcycles : 1706
 8:   SWcycles : 383469   HWcycles : 1706
 9:   SWcycles : 383469   HWcycles : 1706
 10:   SWcycles : 383469   HWcycles : 1706
 11:   SWcycles : 383469   HWcycles : 1706
 12:   SWcycles : 383469   HWcycles : 1706
 13:   SWcycles : 383469   HWcycles : 1706
 14:   SWcycles : 383469   HWcycles : 1706
 15:   SWcycles : 383469   HWcycles : 1706
 16:   SWcycles : 383469   HWcycles : 1706
 17:   SWcycles : 383469   HWcycles : 1706
 18:   SWcycles : 383469   HWcycles : 1706
 19:   SWcycles : 383469   HWcycles : 1706
 20:   SWcycles : 383469   HWcycles : 1706
 21:   SWcycles : 383469   HWcycles : 1706
 22:   SWcycles : 383469   HWcycles : 1706
 23:   SWcycles : 383469   HWcycles : 1706
 24:   SWcycles : 383469   HWcycles : 1706
 25:   SWcycles : 383469   HWcycles : 1706
 26:   SWcycles : 383469   HWcycles : 1706
 27:   SWcycles : 383469   HWcycles : 1706
 28:   SWcycles : 383469   HWcycles : 1706
 29:   SWcycles : 383469   HWcycles : 1706
 ENC 100 A bytes 5000
 0:   SWcycles : 1857976   HWcycles : 7706
 1:   SWcycles : 1857970   HWcycles : 7706
 2:   SWcycles : 1857970   HWcycles : 7706
 3:   SWcycles : 1857970   HWcycles : 7703
 4:   SWcycles : 1857970   HWcycles : 7706
 5:   SWcycles : 1857970   HWcycles : 7706
 6:   SWcycles : 1857970   HWcycles : 7706
 7:   SWcycles : 1857970   HWcycles : 7706
 8:   SWcycles : 1857970   HWcycles : 7706
 9:   SWcycles : 1857970   HWcycles : 7706
 10:   SWcycles : 1857970   HWcycles : 7706
 11:   SWcycles : 1857970   HWcycles : 7706
 12:   SWcycles : 1857970   HWcycles : 7706
 13:   SWcycles : 1857970   HWcycles : 7706
 14:   SWcycles : 1857970   HWcycles : 7706
 15:   SWcycles : 1857970   HWcycles : 7706
 16:   SWcycles : 1857970   HWcycles : 7706
 17:   SWcycles : 1857970   HWcycles : 7706
 18:   SWcycles : 1857970   HWcycles : 7706
 19:   SWcycles : 1857970   HWcycles : 7706
 20:   SWcycles : 1857970   HWcycles : 7706
 21:   SWcycles : 1857970   HWcycles : 7706
 22:   SWcycles : 1857970   HWcycles : 7706
 23:   SWcycles : 1857970   HWcycles : 7706
 24:   SWcycles : 1857970   HWcycles : 7706
 25:   SWcycles : 1857970   HWcycles : 7706
 26:   SWcycles : 1857970   HWcycles : 7706
 27:   SWcycles : 1857970   HWcycles : 7706
 28:   SWcycles : 1857970   HWcycles : 7706
 29:   SWcycles : 1857970   HWcycles : 7706
 ENC 100 A bytes 10000
 0:   SWcycles : 3701101   HWcycles : 15206
 1:   SWcycles : 3701095   HWcycles : 15206
 2:   SWcycles : 3701095   HWcycles : 15206
 3:   SWcycles : 3701095   HWcycles : 15203
 4:   SWcycles : 3701095   HWcycles : 15206
 5:   SWcycles : 3701095   HWcycles : 15206
 6:   SWcycles : 3701095   HWcycles : 15206
 7:   SWcycles : 3701095   HWcycles : 15206
 8:   SWcycles : 3701095   HWcycles : 15206
 9:   SWcycles : 3701095   HWcycles : 15206
 10:   SWcycles : 3701095   HWcycles : 15206
 11:   SWcycles : 3701095   HWcycles : 15206
 12:   SWcycles : 3701095   HWcycles : 15206
 13:   SWcycles : 3701095   HWcycles : 15206
 14:   SWcycles : 3701095   HWcycles : 15206
 15:   SWcycles : 3701095   HWcycles : 15206
 16:   SWcycles : 3701095   HWcycles : 15206
 17:   SWcycles : 3701095   HWcycles : 15206
 18:   SWcycles : 3701095   HWcycles : 15206
 19:   SWcycles : 3701095   HWcycles : 15206
 20:   SWcycles : 3701095   HWcycles : 15206
 21:   SWcycles : 3701095   HWcycles : 15206
 22:   SWcycles : 3701095   HWcycles : 15206
 23:   SWcycles : 3701095   HWcycles : 15206
 24:   SWcycles : 3701095   HWcycles : 15206
 25:   SWcycles : 3701095   HWcycles : 15206
 26:   SWcycles : 3701095   HWcycles : 15206
 27:   SWcycles : 3701095   HWcycles : 15206
 28:   SWcycles : 3701095   HWcycles : 15206
 29:   SWcycles : 3701095   HWcycles : 15206
 DEC
 DEC bytes 0
 0:   SWcycles : 82186   HWcycles : 26597
 1:   SWcycles : 11869   HWcycles : 216
 2:   SWcycles : 11866   HWcycles : 219
 3:   SWcycles : 11866   HWcycles : 219
 4:   SWcycles : 11866   HWcycles : 216
 5:   SWcycles : 11866   HWcycles : 216
 6:   SWcycles : 11866   HWcycles : 216
 7:   SWcycles : 11866   HWcycles : 219
 8:   SWcycles : 11866   HWcycles : 219
 9:   SWcycles : 11866   HWcycles : 216
 10:   SWcycles : 11866   HWcycles : 216
 11:   SWcycles : 11866   HWcycles : 216
 12:   SWcycles : 11866   HWcycles : 219
 13:   SWcycles : 11866   HWcycles : 219
 14:   SWcycles : 11866   HWcycles : 216
 15:   SWcycles : 11866   HWcycles : 216
 16:   SWcycles : 11866   HWcycles : 216
 17:   SWcycles : 11866   HWcycles : 219
 18:   SWcycles : 11866   HWcycles : 219
 19:   SWcycles : 11866   HWcycles : 216
 20:   SWcycles : 11866   HWcycles : 216
 21:   SWcycles : 11866   HWcycles : 216
 22:   SWcycles : 11866   HWcycles : 219
 23:   SWcycles : 11866   HWcycles : 219
 24:   SWcycles : 11866   HWcycles : 216
 25:   SWcycles : 11866   HWcycles : 216
 26:   SWcycles : 11866   HWcycles : 216
 27:   SWcycles : 11866   HWcycles : 219
 28:   SWcycles : 11866   HWcycles : 219
 29:   SWcycles : 11866   HWcycles : 216
 DEC bytes 8
 0:   SWcycles : 19435   HWcycles : 234
 1:   SWcycles : 14838   HWcycles : 230
 2:   SWcycles : 14832   HWcycles : 230
 3:   SWcycles : 14832   HWcycles : 230
 4:   SWcycles : 14832   HWcycles : 230
 5:   SWcycles : 14832   HWcycles : 230
 6:   SWcycles : 14832   HWcycles : 230
 7:   SWcycles : 14832   HWcycles : 230
 8:   SWcycles : 14832   HWcycles : 230
 9:   SWcycles : 14832   HWcycles : 230
 10:   SWcycles : 14832   HWcycles : 230
 11:   SWcycles : 14832   HWcycles : 230
 12:   SWcycles : 14832   HWcycles : 230
 13:   SWcycles : 14832   HWcycles : 230
 14:   SWcycles : 14832   HWcycles : 230
 15:   SWcycles : 14832   HWcycles : 230
 16:   SWcycles : 14832   HWcycles : 230
 17:   SWcycles : 14832   HWcycles : 230
 18:   SWcycles : 14832   HWcycles : 230
 19:   SWcycles : 14832   HWcycles : 230
 20:   SWcycles : 14832   HWcycles : 230
 21:   SWcycles : 14832   HWcycles : 230
 22:   SWcycles : 14832   HWcycles : 230
 23:   SWcycles : 14832   HWcycles : 230
 24:   SWcycles : 14832   HWcycles : 230
 25:   SWcycles : 14832   HWcycles : 230
 26:   SWcycles : 14832   HWcycles : 230
 27:   SWcycles : 14832   HWcycles : 230
 28:   SWcycles : 14832   HWcycles : 230
 29:   SWcycles : 14832   HWcycles : 230
 DEC bytes 96
 0:   SWcycles : 47474   HWcycles : 388
 1:   SWcycles : 47468   HWcycles : 384
 2:   SWcycles : 47465   HWcycles : 384
 3:   SWcycles : 47465   HWcycles : 384
 4:   SWcycles : 47465   HWcycles : 387
 5:   SWcycles : 47465   HWcycles : 384
 6:   SWcycles : 47465   HWcycles : 384
 7:   SWcycles : 47465   HWcycles : 384
 8:   SWcycles : 47465   HWcycles : 384
 9:   SWcycles : 47465   HWcycles : 384
 10:   SWcycles : 47465   HWcycles : 384
 11:   SWcycles : 47465   HWcycles : 384
 12:   SWcycles : 47465   HWcycles : 384
 13:   SWcycles : 47465   HWcycles : 384
 14:   SWcycles : 47465   HWcycles : 384
 15:   SWcycles : 47465   HWcycles : 384
 16:   SWcycles : 47465   HWcycles : 384
 17:   SWcycles : 47465   HWcycles : 384
 18:   SWcycles : 47465   HWcycles : 384
 19:   SWcycles : 47465   HWcycles : 384
 20:   SWcycles : 47465   HWcycles : 384
 21:   SWcycles : 47465   HWcycles : 384
 22:   SWcycles : 47465   HWcycles : 384
 23:   SWcycles : 47465   HWcycles : 384
 24:   SWcycles : 47465   HWcycles : 384
 25:   SWcycles : 47465   HWcycles : 384
 26:   SWcycles : 47465   HWcycles : 384
 27:   SWcycles : 47465   HWcycles : 384
 28:   SWcycles : 47465   HWcycles : 384
 29:   SWcycles : 47465   HWcycles : 384
 DEC bytes 496
 0:   SWcycles : 195772   HWcycles : 1088
 1:   SWcycles : 195765   HWcycles : 1084
 2:   SWcycles : 195765   HWcycles : 1084
 3:   SWcycles : 195765   HWcycles : 1084
 4:   SWcycles : 195765   HWcycles : 1087
 5:   SWcycles : 195765   HWcycles : 1084
 6:   SWcycles : 195765   HWcycles : 1084
 7:   SWcycles : 195765   HWcycles : 1084
 8:   SWcycles : 195765   HWcycles : 1084
 9:   SWcycles : 195765   HWcycles : 1084
 10:   SWcycles : 195765   HWcycles : 1084
 11:   SWcycles : 195765   HWcycles : 1084
 12:   SWcycles : 195765   HWcycles : 1084
 13:   SWcycles : 195765   HWcycles : 1084
 14:   SWcycles : 195765   HWcycles : 1084
 15:   SWcycles : 195765   HWcycles : 1084
 16:   SWcycles : 195765   HWcycles : 1084
 17:   SWcycles : 195765   HWcycles : 1084
 18:   SWcycles : 195765   HWcycles : 1084
 19:   SWcycles : 195765   HWcycles : 1084
 20:   SWcycles : 195765   HWcycles : 1084
 21:   SWcycles : 195765   HWcycles : 1084
 22:   SWcycles : 195765   HWcycles : 1084
 23:   SWcycles : 195765   HWcycles : 1084
 24:   SWcycles : 195765   HWcycles : 1084
 25:   SWcycles : 195765   HWcycles : 1084
 26:   SWcycles : 195765   HWcycles : 1084
 27:   SWcycles : 195765   HWcycles : 1084
 28:   SWcycles : 195765   HWcycles : 1084
 29:   SWcycles : 195765   HWcycles : 1084
 DEC bytes 1000
 0:   SWcycles : 382630   HWcycles : 1970
 1:   SWcycles : 382623   HWcycles : 1966
 2:   SWcycles : 382623   HWcycles : 1966
 3:   SWcycles : 382623   HWcycles : 1966
 4:   SWcycles : 382623   HWcycles : 1969
 5:   SWcycles : 382623   HWcycles : 1966
 6:   SWcycles : 382623   HWcycles : 1966
 7:   SWcycles : 382623   HWcycles : 1966
 8:   SWcycles : 382623   HWcycles : 1966
 9:   SWcycles : 382623   HWcycles : 1966
 10:   SWcycles : 382623   HWcycles : 1966
 11:   SWcycles : 382623   HWcycles : 1966
 12:   SWcycles : 382623   HWcycles : 1966
 13:   SWcycles : 382623   HWcycles : 1966
 14:   SWcycles : 382623   HWcycles : 1966
 15:   SWcycles : 382623   HWcycles : 1966
 16:   SWcycles : 382623   HWcycles : 1966
 17:   SWcycles : 382623   HWcycles : 1966
 18:   SWcycles : 382623   HWcycles : 1966
 19:   SWcycles : 382623   HWcycles : 1966
 20:   SWcycles : 382623   HWcycles : 1966
 21:   SWcycles : 382623   HWcycles : 1966
 22:   SWcycles : 382623   HWcycles : 1966
 23:   SWcycles : 382623   HWcycles : 1966
 24:   SWcycles : 382623   HWcycles : 1966
 25:   SWcycles : 382623   HWcycles : 1966
 26:   SWcycles : 382623   HWcycles : 1966
 27:   SWcycles : 382623   HWcycles : 1966
 28:   SWcycles : 382623   HWcycles : 1966
 29:   SWcycles : 382623   HWcycles : 1966
 DEC bytes 5000
 0:   SWcycles : 1865630   HWcycles : 8970
 1:   SWcycles : 1865623   HWcycles : 8966
 2:   SWcycles : 1865623   HWcycles : 8966
 3:   SWcycles : 1865623   HWcycles : 8966
 4:   SWcycles : 1865623   HWcycles : 8966
 5:   SWcycles : 1865623   HWcycles : 8966
 6:   SWcycles : 1865623   HWcycles : 8966
 7:   SWcycles : 1865623   HWcycles : 8966
 8:   SWcycles : 1865623   HWcycles : 8966
 9:   SWcycles : 1865623   HWcycles : 8966
 10:   SWcycles : 1865623   HWcycles : 8966
 11:   SWcycles : 1865623   HWcycles : 8966
 12:   SWcycles : 1865623   HWcycles : 8966
 13:   SWcycles : 1865623   HWcycles : 8966
 14:   SWcycles : 1865623   HWcycles : 8966
 15:   SWcycles : 1865623   HWcycles : 8966
 16:   SWcycles : 1865623   HWcycles : 8966
 17:   SWcycles : 1865623   HWcycles : 8966
 18:   SWcycles : 1865623   HWcycles : 8966
 19:   SWcycles : 1865623   HWcycles : 8966
 20:   SWcycles : 1865623   HWcycles : 8966
 21:   SWcycles : 1865623   HWcycles : 8966
 22:   SWcycles : 1865623   HWcycles : 8966
 23:   SWcycles : 1865623   HWcycles : 8966
 24:   SWcycles : 1865623   HWcycles : 8966
 25:   SWcycles : 1865623   HWcycles : 8966
 26:   SWcycles : 1865623   HWcycles : 8966
 27:   SWcycles : 1865623   HWcycles : 8966
 28:   SWcycles : 1865623   HWcycles : 8966
 29:   SWcycles : 1865623   HWcycles : 8966
 DEC bytes 10000
 0:   SWcycles : 3719380   HWcycles : 17720
 1:   SWcycles : 3719373   HWcycles : 17716
 2:   SWcycles : 3719373   HWcycles : 17716
 3:   SWcycles : 3719373   HWcycles : 17716
 4:   SWcycles : 3719373   HWcycles : 17716
 5:   SWcycles : 3719373   HWcycles : 17716
 6:   SWcycles : 3719373   HWcycles : 17716
 7:   SWcycles : 3719373   HWcycles : 17716
 8:   SWcycles : 3719373   HWcycles : 17716
 9:   SWcycles : 3719373   HWcycles : 17716
 10:   SWcycles : 3719373   HWcycles : 17716
 11:   SWcycles : 3719373   HWcycles : 17716
 12:   SWcycles : 3719373   HWcycles : 17716
 13:   SWcycles : 3719373   HWcycles : 17716
 14:   SWcycles : 3719373   HWcycles : 17716
 15:   SWcycles : 3719373   HWcycles : 17716
 16:   SWcycles : 3719373   HWcycles : 17716
 17:   SWcycles : 3719373   HWcycles : 17716
 18:   SWcycles : 3719373   HWcycles : 17716
 19:   SWcycles : 3719373   HWcycles : 17716
 20:   SWcycles : 3719373   HWcycles : 17716
 21:   SWcycles : 3719373   HWcycles : 17716
 22:   SWcycles : 3719373   HWcycles : 17716
 23:   SWcycles : 3719373   HWcycles : 17716
 24:   SWcycles : 3719373   HWcycles : 17716
 25:   SWcycles : 3719373   HWcycles : 17716
 26:   SWcycles : 3719373   HWcycles : 17716
 27:   SWcycles : 3719373   HWcycles : 17716
 28:   SWcycles : 3719373   HWcycles : 17716
 29:   SWcycles : 3719373   HWcycles : 17716
 DEC 100 A
 DEC 100 A bytes 0
 0:   SWcycles : 16466   HWcycles : 4811
 1:   SWcycles : 11869   HWcycles : 219
 2:   SWcycles : 11865   HWcycles : 216
 3:   SWcycles : 11865   HWcycles : 216
 4:   SWcycles : 11865   HWcycles : 216
 5:   SWcycles : 11865   HWcycles : 216
 6:   SWcycles : 11865   HWcycles : 216
 7:   SWcycles : 11865   HWcycles : 216
 8:   SWcycles : 11865   HWcycles : 216
 9:   SWcycles : 11865   HWcycles : 216
 10:   SWcycles : 11865   HWcycles : 216
 11:   SWcycles : 11865   HWcycles : 216
 12:   SWcycles : 11865   HWcycles : 216
 13:   SWcycles : 11865   HWcycles : 216
 14:   SWcycles : 11865   HWcycles : 216
 15:   SWcycles : 11865   HWcycles : 216
 16:   SWcycles : 11865   HWcycles : 216
 17:   SWcycles : 11865   HWcycles : 216
 18:   SWcycles : 11865   HWcycles : 216
 19:   SWcycles : 11865   HWcycles : 216
 20:   SWcycles : 11865   HWcycles : 216
 21:   SWcycles : 11865   HWcycles : 216
 22:   SWcycles : 11865   HWcycles : 216
 23:   SWcycles : 11865   HWcycles : 216
 24:   SWcycles : 11865   HWcycles : 216
 25:   SWcycles : 11865   HWcycles : 216
 26:   SWcycles : 11865   HWcycles : 216
 27:   SWcycles : 11865   HWcycles : 216
 28:   SWcycles : 11865   HWcycles : 216
 29:   SWcycles : 11865   HWcycles : 216
 DEC 100 A bytes 8
 0:   SWcycles : 35870   HWcycles : 238
 1:   SWcycles : 17780   HWcycles : 237
 2:   SWcycles : 17767   HWcycles : 237
 3:   SWcycles : 17766   HWcycles : 237
 4:   SWcycles : 17766   HWcycles : 237
 5:   SWcycles : 17766   HWcycles : 234
 6:   SWcycles : 17766   HWcycles : 234
 7:   SWcycles : 17766   HWcycles : 234
 8:   SWcycles : 17766   HWcycles : 234
 9:   SWcycles : 17766   HWcycles : 234
 10:   SWcycles : 17766   HWcycles : 234
 11:   SWcycles : 17766   HWcycles : 234
 12:   SWcycles : 17766   HWcycles : 234
 13:   SWcycles : 17766   HWcycles : 234
 14:   SWcycles : 17766   HWcycles : 234
 15:   SWcycles : 17766   HWcycles : 234
 16:   SWcycles : 17766   HWcycles : 234
 17:   SWcycles : 17766   HWcycles : 234
 18:   SWcycles : 17766   HWcycles : 234
 19:   SWcycles : 17766   HWcycles : 234
 20:   SWcycles : 17766   HWcycles : 234
 21:   SWcycles : 17766   HWcycles : 234
 22:   SWcycles : 17766   HWcycles : 234
 23:   SWcycles : 17766   HWcycles : 234
 24:   SWcycles : 17766   HWcycles : 234
 25:   SWcycles : 17766   HWcycles : 234
 26:   SWcycles : 17766   HWcycles : 234
 27:   SWcycles : 17766   HWcycles : 234
 28:   SWcycles : 17766   HWcycles : 234
 29:   SWcycles : 17766   HWcycles : 234
 DEC 100 A bytes 96
 0:   SWcycles : 50233   HWcycles : 370
 1:   SWcycles : 50218   HWcycles : 369
 2:   SWcycles : 50212   HWcycles : 369
 3:   SWcycles : 50212   HWcycles : 369
 4:   SWcycles : 50212   HWcycles : 366
 5:   SWcycles : 50212   HWcycles : 366
 6:   SWcycles : 50212   HWcycles : 366
 7:   SWcycles : 50212   HWcycles : 366
 8:   SWcycles : 50212   HWcycles : 366
 9:   SWcycles : 50212   HWcycles : 366
 10:   SWcycles : 50212   HWcycles : 366
 11:   SWcycles : 50212   HWcycles : 366
 12:   SWcycles : 50212   HWcycles : 366
 13:   SWcycles : 50212   HWcycles : 366
 14:   SWcycles : 50212   HWcycles : 366
 15:   SWcycles : 50212   HWcycles : 366
 16:   SWcycles : 50212   HWcycles : 366
 17:   SWcycles : 50212   HWcycles : 366
 18:   SWcycles : 50212   HWcycles : 366
 19:   SWcycles : 50212   HWcycles : 366
 20:   SWcycles : 50212   HWcycles : 366
 21:   SWcycles : 50212   HWcycles : 366
 22:   SWcycles : 50212   HWcycles : 366
 23:   SWcycles : 50212   HWcycles : 366
 24:   SWcycles : 50212   HWcycles : 366
 25:   SWcycles : 50212   HWcycles : 366
 26:   SWcycles : 50212   HWcycles : 366
 27:   SWcycles : 50212   HWcycles : 366
 28:   SWcycles : 50212   HWcycles : 366
 29:   SWcycles : 50212   HWcycles : 366
 DEC 100 A bytes 496
 0:   SWcycles : 197685   HWcycles : 970
 1:   SWcycles : 197662   HWcycles : 969
 2:   SWcycles : 197662   HWcycles : 969
 3:   SWcycles : 197662   HWcycles : 969
 4:   SWcycles : 197662   HWcycles : 966
 5:   SWcycles : 197662   HWcycles : 966
 6:   SWcycles : 197662   HWcycles : 966
 7:   SWcycles : 197662   HWcycles : 966
 8:   SWcycles : 197662   HWcycles : 966
 9:   SWcycles : 197662   HWcycles : 966
 10:   SWcycles : 197662   HWcycles : 966
 11:   SWcycles : 197662   HWcycles : 966
 12:   SWcycles : 197662   HWcycles : 966
 13:   SWcycles : 197662   HWcycles : 966
 14:   SWcycles : 197662   HWcycles : 966
 15:   SWcycles : 197662   HWcycles : 966
 16:   SWcycles : 197662   HWcycles : 966
 17:   SWcycles : 197662   HWcycles : 966
 18:   SWcycles : 197662   HWcycles : 966
 19:   SWcycles : 197662   HWcycles : 966
 20:   SWcycles : 197662   HWcycles : 966
 21:   SWcycles : 197662   HWcycles : 966
 22:   SWcycles : 197662   HWcycles : 966
 23:   SWcycles : 197662   HWcycles : 966
 24:   SWcycles : 197662   HWcycles : 966
 25:   SWcycles : 197662   HWcycles : 966
 26:   SWcycles : 197662   HWcycles : 966
 27:   SWcycles : 197662   HWcycles : 966
 28:   SWcycles : 197662   HWcycles : 966
 29:   SWcycles : 197662   HWcycles : 966
 DEC 100 A bytes 1000
 0:   SWcycles : 383469   HWcycles : 1726
 1:   SWcycles : 383449   HWcycles : 1725
 2:   SWcycles : 383449   HWcycles : 1725
 3:   SWcycles : 383449   HWcycles : 1725
 4:   SWcycles : 383449   HWcycles : 1722
 5:   SWcycles : 383449   HWcycles : 1722
 6:   SWcycles : 383449   HWcycles : 1722
 7:   SWcycles : 383449   HWcycles : 1722
 8:   SWcycles : 383449   HWcycles : 1722
 9:   SWcycles : 383449   HWcycles : 1722
 10:   SWcycles : 383449   HWcycles : 1722
 11:   SWcycles : 383449   HWcycles : 1722
 12:   SWcycles : 383449   HWcycles : 1722
 13:   SWcycles : 383449   HWcycles : 1722
 14:   SWcycles : 383449   HWcycles : 1722
 15:   SWcycles : 383449   HWcycles : 1722
 16:   SWcycles : 383449   HWcycles : 1722
 17:   SWcycles : 383449   HWcycles : 1722
 18:   SWcycles : 383449   HWcycles : 1722
 19:   SWcycles : 383449   HWcycles : 1722
 20:   SWcycles : 383449   HWcycles : 1722
 21:   SWcycles : 383449   HWcycles : 1722
 22:   SWcycles : 383449   HWcycles : 1722
 23:   SWcycles : 383449   HWcycles : 1722
 24:   SWcycles : 383449   HWcycles : 1722
 25:   SWcycles : 383449   HWcycles : 1722
 26:   SWcycles : 383449   HWcycles : 1722
 27:   SWcycles : 383449   HWcycles : 1722
 28:   SWcycles : 383449   HWcycles : 1722
 29:   SWcycles : 383449   HWcycles : 1722
 DEC 100 A bytes 5000
 0:   SWcycles : 1857972   HWcycles : 7726
 1:   SWcycles : 1857949   HWcycles : 7725
 2:   SWcycles : 1857949   HWcycles : 7725
 3:   SWcycles : 1857949   HWcycles : 7722
 4:   SWcycles : 1857949   HWcycles : 7722
 5:   SWcycles : 1857949   HWcycles : 7722
 6:   SWcycles : 1857949   HWcycles : 7722
 7:   SWcycles : 1857949   HWcycles : 7722
 8:   SWcycles : 1857949   HWcycles : 7722
 9:   SWcycles : 1857949   HWcycles : 7722
 10:   SWcycles : 1857949   HWcycles : 7722
 11:   SWcycles : 1857949   HWcycles : 7722
 12:   SWcycles : 1857949   HWcycles : 7722
 13:   SWcycles : 1857949   HWcycles : 7722
 14:   SWcycles : 1857949   HWcycles : 7722
 15:   SWcycles : 1857949   HWcycles : 7722
 16:   SWcycles : 1857949   HWcycles : 7722
 17:   SWcycles : 1857949   HWcycles : 7722
 18:   SWcycles : 1857949   HWcycles : 7722
 19:   SWcycles : 1857949   HWcycles : 7722
 20:   SWcycles : 1857949   HWcycles : 7722
 21:   SWcycles : 1857949   HWcycles : 7722
 22:   SWcycles : 1857949   HWcycles : 7722
 23:   SWcycles : 1857949   HWcycles : 7722
 24:   SWcycles : 1857949   HWcycles : 7722
 25:   SWcycles : 1857949   HWcycles : 7722
 26:   SWcycles : 1857949   HWcycles : 7722
 27:   SWcycles : 1857949   HWcycles : 7722
 28:   SWcycles : 1857949   HWcycles : 7722
 29:   SWcycles : 1857949   HWcycles : 7722
 DEC 100 A bytes 10000
 0:   SWcycles : 3701097   HWcycles : 15226
 1:   SWcycles : 3701074   HWcycles : 15225
 2:   SWcycles : 3701074   HWcycles : 15225
 3:   SWcycles : 3701074   HWcycles : 15222
 4:   SWcycles : 3701074   HWcycles : 15222
 5:   SWcycles : 3701074   HWcycles : 15222
 6:   SWcycles : 3701074   HWcycles : 15222
 7:   SWcycles : 3701074   HWcycles : 15222
 8:   SWcycles : 3701074   HWcycles : 15222
 9:   SWcycles : 3701074   HWcycles : 15222
 10:   SWcycles : 3701074   HWcycles : 15222
 11:   SWcycles : 3701074   HWcycles : 15222
 12:   SWcycles : 3701074   HWcycles : 15222
 13:   SWcycles : 3701074   HWcycles : 15222
 14:   SWcycles : 3701074   HWcycles : 15222
 15:   SWcycles : 3701074   HWcycles : 15222
 16:   SWcycles : 3701074   HWcycles : 15222
 17:   SWcycles : 3701074   HWcycles : 15222
 18:   SWcycles : 3701074   HWcycles : 15222
 19:   SWcycles : 3701074   HWcycles : 15222
 20:   SWcycles : 3701074   HWcycles : 15222
 21:   SWcycles : 3701074   HWcycles : 15222
 22:   SWcycles : 3701074   HWcycles : 15222
 23:   SWcycles : 3701074   HWcycles : 15222
 24:   SWcycles : 3701074   HWcycles : 15222
 25:   SWcycles : 3701074   HWcycles : 15222
 26:   SWcycles : 3701074   HWcycles : 15222
 27:   SWcycles : 3701074   HWcycles : 15222
 28:   SWcycles : 3701074   HWcycles : 15222
 29:   SWcycles : 3701074   HWcycles : 15222
 HASH
 HASH 100 A bytes 0
 0:   SWcycles : 41490   HWcycles : 4719
 1:   SWcycles : 23420   HWcycles : 125
 2:   SWcycles : 23407   HWcycles : 128
 3:   SWcycles : 23407   HWcycles : 128
 4:   SWcycles : 23407   HWcycles : 125
 5:   SWcycles : 23407   HWcycles : 125
 6:   SWcycles : 23407   HWcycles : 125
 7:   SWcycles : 23407   HWcycles : 128
 8:   SWcycles : 23407   HWcycles : 128
 9:   SWcycles : 23407   HWcycles : 125
 10:   SWcycles : 23407   HWcycles : 125
 11:   SWcycles : 23407   HWcycles : 125
 12:   SWcycles : 23407   HWcycles : 128
 13:   SWcycles : 23407   HWcycles : 128
 14:   SWcycles : 23407   HWcycles : 125
 15:   SWcycles : 23407   HWcycles : 125
 16:   SWcycles : 23407   HWcycles : 125
 17:   SWcycles : 23407   HWcycles : 128
 18:   SWcycles : 23407   HWcycles : 128
 19:   SWcycles : 23407   HWcycles : 125
 20:   SWcycles : 23407   HWcycles : 125
 21:   SWcycles : 23407   HWcycles : 125
 22:   SWcycles : 23407   HWcycles : 128
 23:   SWcycles : 23407   HWcycles : 128
 24:   SWcycles : 23407   HWcycles : 125
 25:   SWcycles : 23407   HWcycles : 125
 26:   SWcycles : 23407   HWcycles : 125
 27:   SWcycles : 23407   HWcycles : 128
 28:   SWcycles : 23407   HWcycles : 128
 29:   SWcycles : 23407   HWcycles : 125
 HASH 100 A bytes 8
 0:   SWcycles : 52604   HWcycles : 151
 1:   SWcycles : 35091   HWcycles : 151
 2:   SWcycles : 35075   HWcycles : 151
 3:   SWcycles : 35075   HWcycles : 151
 4:   SWcycles : 35075   HWcycles : 151
 5:   SWcycles : 35075   HWcycles : 148
 6:   SWcycles : 35075   HWcycles : 148
 7:   SWcycles : 35075   HWcycles : 148
 8:   SWcycles : 35075   HWcycles : 148
 9:   SWcycles : 35075   HWcycles : 148
 10:   SWcycles : 35075   HWcycles : 148
 11:   SWcycles : 35075   HWcycles : 148
 12:   SWcycles : 35075   HWcycles : 148
 13:   SWcycles : 35075   HWcycles : 148
 14:   SWcycles : 35075   HWcycles : 148
 15:   SWcycles : 35075   HWcycles : 148
 16:   SWcycles : 35075   HWcycles : 148
 17:   SWcycles : 35075   HWcycles : 148
 18:   SWcycles : 35075   HWcycles : 148
 19:   SWcycles : 35075   HWcycles : 148
 20:   SWcycles : 35075   HWcycles : 148
 21:   SWcycles : 35075   HWcycles : 148
 22:   SWcycles : 35075   HWcycles : 148
 23:   SWcycles : 35075   HWcycles : 148
 24:   SWcycles : 35075   HWcycles : 148
 25:   SWcycles : 35075   HWcycles : 148
 26:   SWcycles : 35075   HWcycles : 148
 27:   SWcycles : 35075   HWcycles : 148
 28:   SWcycles : 35075   HWcycles : 148
 29:   SWcycles : 35075   HWcycles : 148
 HASH 100 A bytes 96
 0:   SWcycles : 99274   HWcycles : 305
 1:   SWcycles : 99259   HWcycles : 305
 2:   SWcycles : 99255   HWcycles : 305
 3:   SWcycles : 99255   HWcycles : 305
 4:   SWcycles : 99255   HWcycles : 302
 5:   SWcycles : 99255   HWcycles : 302
 6:   SWcycles : 99255   HWcycles : 302
 7:   SWcycles : 99255   HWcycles : 302
 8:   SWcycles : 99255   HWcycles : 302
 9:   SWcycles : 99255   HWcycles : 302
 10:   SWcycles : 99255   HWcycles : 302
 11:   SWcycles : 99255   HWcycles : 302
 12:   SWcycles : 99255   HWcycles : 302
 13:   SWcycles : 99255   HWcycles : 302
 14:   SWcycles : 99255   HWcycles : 302
 15:   SWcycles : 99255   HWcycles : 302
 16:   SWcycles : 99255   HWcycles : 302
 17:   SWcycles : 99255   HWcycles : 302
 18:   SWcycles : 99255   HWcycles : 302
 19:   SWcycles : 99255   HWcycles : 302
 20:   SWcycles : 99255   HWcycles : 302
 21:   SWcycles : 99255   HWcycles : 302
 22:   SWcycles : 99255   HWcycles : 302
 23:   SWcycles : 99255   HWcycles : 302
 24:   SWcycles : 99255   HWcycles : 302
 25:   SWcycles : 99255   HWcycles : 302
 26:   SWcycles : 99255   HWcycles : 302
 27:   SWcycles : 99255   HWcycles : 302
 28:   SWcycles : 99255   HWcycles : 302
 29:   SWcycles : 99255   HWcycles : 302
 HASH 100 A bytes 496
 0:   SWcycles : 390967   HWcycles : 1005
 1:   SWcycles : 390959   HWcycles : 1005
 2:   SWcycles : 390955   HWcycles : 1005
 3:   SWcycles : 390955   HWcycles : 1005
 4:   SWcycles : 390955   HWcycles : 1002
 5:   SWcycles : 390955   HWcycles : 1002
 6:   SWcycles : 390955   HWcycles : 1002
 7:   SWcycles : 390955   HWcycles : 1002
 8:   SWcycles : 390955   HWcycles : 1002
 9:   SWcycles : 390955   HWcycles : 1002
 10:   SWcycles : 390955   HWcycles : 1002
 11:   SWcycles : 390955   HWcycles : 1002
 12:   SWcycles : 390955   HWcycles : 1002
 13:   SWcycles : 390955   HWcycles : 1002
 14:   SWcycles : 390955   HWcycles : 1002
 15:   SWcycles : 390955   HWcycles : 1002
 16:   SWcycles : 390955   HWcycles : 1002
 17:   SWcycles : 390955   HWcycles : 1002
 18:   SWcycles : 390955   HWcycles : 1002
 19:   SWcycles : 390955   HWcycles : 1002
 20:   SWcycles : 390955   HWcycles : 1002
 21:   SWcycles : 390955   HWcycles : 1002
 22:   SWcycles : 390955   HWcycles : 1002
 23:   SWcycles : 390955   HWcycles : 1002
 24:   SWcycles : 390955   HWcycles : 1002
 25:   SWcycles : 390955   HWcycles : 1002
 26:   SWcycles : 390955   HWcycles : 1002
 27:   SWcycles : 390955   HWcycles : 1002
 28:   SWcycles : 390955   HWcycles : 1002
 29:   SWcycles : 390955   HWcycles : 1002
 HASH 100 A bytes 1000
 0:   SWcycles : 758507   HWcycles : 1887
 1:   SWcycles : 758502   HWcycles : 1887
 2:   SWcycles : 758498   HWcycles : 1887
 3:   SWcycles : 758498   HWcycles : 1887
 4:   SWcycles : 758498   HWcycles : 1884
 5:   SWcycles : 758498   HWcycles : 1884
 6:   SWcycles : 758498   HWcycles : 1884
 7:   SWcycles : 758498   HWcycles : 1884
 8:   SWcycles : 758498   HWcycles : 1884
 9:   SWcycles : 758498   HWcycles : 1884
 10:   SWcycles : 758498   HWcycles : 1884
 11:   SWcycles : 758498   HWcycles : 1884
 12:   SWcycles : 758498   HWcycles : 1884
 13:   SWcycles : 758498   HWcycles : 1884
 14:   SWcycles : 758498   HWcycles : 1884
 15:   SWcycles : 758498   HWcycles : 1884
 16:   SWcycles : 758498   HWcycles : 1884
 17:   SWcycles : 758498   HWcycles : 1884
 18:   SWcycles : 758498   HWcycles : 1884
 19:   SWcycles : 758498   HWcycles : 1884
 20:   SWcycles : 758498   HWcycles : 1884
 21:   SWcycles : 758498   HWcycles : 1884
 22:   SWcycles : 758498   HWcycles : 1884
 23:   SWcycles : 758498   HWcycles : 1884
 24:   SWcycles : 758498   HWcycles : 1884
 25:   SWcycles : 758498   HWcycles : 1884
 26:   SWcycles : 758498   HWcycles : 1884
 27:   SWcycles : 758498   HWcycles : 1884
 28:   SWcycles : 758498   HWcycles : 1884
 29:   SWcycles : 758498   HWcycles : 1884
 HASH 100 A bytes 5000
 0:   SWcycles : 3675505   HWcycles : 8887
 1:   SWcycles : 3675501   HWcycles : 8887
 2:   SWcycles : 3675498   HWcycles : 8887
 3:   SWcycles : 3675498   HWcycles : 8887
 4:   SWcycles : 3675498   HWcycles : 8884
 5:   SWcycles : 3675498   HWcycles : 8884
 6:   SWcycles : 3675498   HWcycles : 8884
 7:   SWcycles : 3675498   HWcycles : 8884
 8:   SWcycles : 3675498   HWcycles : 8884
 9:   SWcycles : 3675498   HWcycles : 8884
 10:   SWcycles : 3675498   HWcycles : 8884
 11:   SWcycles : 3675498   HWcycles : 8884
 12:   SWcycles : 3675498   HWcycles : 8884
 13:   SWcycles : 3675498   HWcycles : 8884
 14:   SWcycles : 3675498   HWcycles : 8884
 15:   SWcycles : 3675498   HWcycles : 8884
 16:   SWcycles : 3675498   HWcycles : 8884
 17:   SWcycles : 3675498   HWcycles : 8884
 18:   SWcycles : 3675498   HWcycles : 8884
 19:   SWcycles : 3675498   HWcycles : 8884
 20:   SWcycles : 3675498   HWcycles : 8884
 21:   SWcycles : 3675498   HWcycles : 8884
 22:   SWcycles : 3675498   HWcycles : 8884
 23:   SWcycles : 3675498   HWcycles : 8884
 24:   SWcycles : 3675498   HWcycles : 8884
 25:   SWcycles : 3675498   HWcycles : 8884
 26:   SWcycles : 3675498   HWcycles : 8884
 27:   SWcycles : 3675498   HWcycles : 8884
 28:   SWcycles : 3675498   HWcycles : 8884
 29:   SWcycles : 3675498   HWcycles : 8884
 HASH 100 A bytes 10000
 0:   SWcycles : 7321755   HWcycles : 17637
 1:   SWcycles : 7321751   HWcycles : 17637
 2:   SWcycles : 7321748   HWcycles : 17637
 3:   SWcycles : 7321748   HWcycles : 17637
 4:   SWcycles : 7321748   HWcycles : 17634
 5:   SWcycles : 7321748   HWcycles : 17634
 6:   SWcycles : 7321748   HWcycles : 17634
 7:   SWcycles : 7321748   HWcycles : 17634
 8:   SWcycles : 7321748   HWcycles : 17634
 9:   SWcycles : 7321748   HWcycles : 17634
 10:   SWcycles : 7321748   HWcycles : 17634
 11:   SWcycles : 7321748   HWcycles : 17634
 12:   SWcycles : 7321748   HWcycles : 17634
 13:   SWcycles : 7321748   HWcycles : 17634
 14:   SWcycles : 7321748   HWcycles : 17634
 15:   SWcycles : 7321748   HWcycles : 17634
 16:   SWcycles : 7321748   HWcycles : 17634
 17:   SWcycles : 7321748   HWcycles : 17634
 18:   SWcycles : 7321748   HWcycles : 17634
 19:   SWcycles : 7321748   HWcycles : 17634
 20:   SWcycles : 7321748   HWcycles : 17634
 21:   SWcycles : 7321748   HWcycles : 17634
 22:   SWcycles : 7321748   HWcycles : 17634
 23:   SWcycles : 7321748   HWcycles : 17634
 24:   SWcycles : 7321748   HWcycles : 17634
 25:   SWcycles : 7321748   HWcycles : 17634
 26:   SWcycles : 7321748   HWcycles : 17634
 27:   SWcycles : 7321748   HWcycles : 17634
 28:   SWcycles : 7321748   HWcycles : 17634
 29:   SWcycles : 7321748   HWcycles : 17634
 Random
 RANDOM bytes 0
 0:   SWcycles : 29470   HWcycles : 75
 1:   SWcycles : 11678   HWcycles : 66
 2:   SWcycles : 11674   HWcycles : 63
 3:   SWcycles : 11674   HWcycles : 63
 4:   SWcycles : 11678   HWcycles : 60
 5:   SWcycles : 11674   HWcycles : 63
 6:   SWcycles : 11674   HWcycles : 60
 7:   SWcycles : 11678   HWcycles : 63
 8:   SWcycles : 11674   HWcycles : 60
 9:   SWcycles : 11674   HWcycles : 63
 10:   SWcycles : 11678   HWcycles : 60
 11:   SWcycles : 11674   HWcycles : 63
 12:   SWcycles : 11674   HWcycles : 60
 13:   SWcycles : 11678   HWcycles : 63
 14:   SWcycles : 11674   HWcycles : 60
 15:   SWcycles : 11674   HWcycles : 63
 16:   SWcycles : 11678   HWcycles : 60
 17:   SWcycles : 11674   HWcycles : 63
 18:   SWcycles : 11674   HWcycles : 60
 19:   SWcycles : 11678   HWcycles : 63
 20:   SWcycles : 11674   HWcycles : 60
 21:   SWcycles : 11674   HWcycles : 63
 22:   SWcycles : 11678   HWcycles : 60
 23:   SWcycles : 11674   HWcycles : 63
 24:   SWcycles : 11674   HWcycles : 60
 25:   SWcycles : 11678   HWcycles : 63
 26:   SWcycles : 11674   HWcycles : 60
 27:   SWcycles : 11674   HWcycles : 63
 28:   SWcycles : 11678   HWcycles : 60
 29:   SWcycles : 11674   HWcycles : 63
 RANDOM bytes 1
 0:   SWcycles : 22136   HWcycles : 119
 1:   SWcycles : 17545   HWcycles : 121
 2:   SWcycles : 17555   HWcycles : 115
 3:   SWcycles : 17552   HWcycles : 121
 4:   SWcycles : 17552   HWcycles : 115
 5:   SWcycles : 17552   HWcycles : 115
 6:   SWcycles : 17552   HWcycles : 115
 7:   SWcycles : 17552   HWcycles : 115
 8:   SWcycles : 17552   HWcycles : 115
 9:   SWcycles : 17552   HWcycles : 115
 10:   SWcycles : 17552   HWcycles : 115
 11:   SWcycles : 17552   HWcycles : 115
 12:   SWcycles : 17552   HWcycles : 115
 13:   SWcycles : 17552   HWcycles : 115
 14:   SWcycles : 17552   HWcycles : 115
 15:   SWcycles : 17552   HWcycles : 115
 16:   SWcycles : 17552   HWcycles : 115
 17:   SWcycles : 17552   HWcycles : 115
 18:   SWcycles : 17552   HWcycles : 115
 19:   SWcycles : 17552   HWcycles : 115
 20:   SWcycles : 17552   HWcycles : 115
 21:   SWcycles : 17552   HWcycles : 115
 22:   SWcycles : 17552   HWcycles : 115
 23:   SWcycles : 17552   HWcycles : 115
 24:   SWcycles : 17552   HWcycles : 115
 25:   SWcycles : 17552   HWcycles : 115
 26:   SWcycles : 17552   HWcycles : 115
 27:   SWcycles : 17552   HWcycles : 115
 28:   SWcycles : 17552   HWcycles : 115
 29:   SWcycles : 17552   HWcycles : 115
 RANDOM bytes 12
 0:   SWcycles : 81659   HWcycles : 207
 1:   SWcycles : 81648   HWcycles : 203
 2:   SWcycles : 81645   HWcycles : 203
 3:   SWcycles : 81645   HWcycles : 206
 4:   SWcycles : 81645   HWcycles : 203
 5:   SWcycles : 81645   HWcycles : 203
 6:   SWcycles : 81645   HWcycles : 206
 7:   SWcycles : 81645   HWcycles : 203
 8:   SWcycles : 81645   HWcycles : 203
 9:   SWcycles : 81645   HWcycles : 206
 10:   SWcycles : 81645   HWcycles : 203
 11:   SWcycles : 81645   HWcycles : 203
 12:   SWcycles : 81645   HWcycles : 206
 13:   SWcycles : 81645   HWcycles : 203
 14:   SWcycles : 81645   HWcycles : 203
 15:   SWcycles : 81645   HWcycles : 206
 16:   SWcycles : 81645   HWcycles : 203
 17:   SWcycles : 81645   HWcycles : 203
 18:   SWcycles : 81645   HWcycles : 206
 19:   SWcycles : 81645   HWcycles : 203
 20:   SWcycles : 81645   HWcycles : 203
 21:   SWcycles : 81645   HWcycles : 206
 22:   SWcycles : 81645   HWcycles : 203
 23:   SWcycles : 81645   HWcycles : 203
 24:   SWcycles : 81645   HWcycles : 206
 25:   SWcycles : 81645   HWcycles : 203
 26:   SWcycles : 81645   HWcycles : 203
 27:   SWcycles : 81645   HWcycles : 206
 28:   SWcycles : 81645   HWcycles : 203
 29:   SWcycles : 81645   HWcycles : 203
 RANDOM bytes 62
 0:   SWcycles : 373001   HWcycles : 607
 1:   SWcycles : 372995   HWcycles : 603
 2:   SWcycles : 372995   HWcycles : 603
 3:   SWcycles : 372995   HWcycles : 606
 4:   SWcycles : 372995   HWcycles : 603
 5:   SWcycles : 372995   HWcycles : 603
 6:   SWcycles : 372995   HWcycles : 606
 7:   SWcycles : 372995   HWcycles : 603
 8:   SWcycles : 372995   HWcycles : 603
 9:   SWcycles : 372995   HWcycles : 606
 10:   SWcycles : 372995   HWcycles : 603
 11:   SWcycles : 372995   HWcycles : 603
 12:   SWcycles : 372995   HWcycles : 606
 13:   SWcycles : 372995   HWcycles : 603
 14:   SWcycles : 372995   HWcycles : 603
 15:   SWcycles : 372995   HWcycles : 606
 16:   SWcycles : 372995   HWcycles : 603
 17:   SWcycles : 372995   HWcycles : 603
 18:   SWcycles : 372995   HWcycles : 606
 19:   SWcycles : 372995   HWcycles : 603
 20:   SWcycles : 372995   HWcycles : 603
 21:   SWcycles : 372995   HWcycles : 606
 22:   SWcycles : 372995   HWcycles : 603
 23:   SWcycles : 372995   HWcycles : 603
 24:   SWcycles : 372995   HWcycles : 606
 25:   SWcycles : 372995   HWcycles : 603
 26:   SWcycles : 372995   HWcycles : 603
 27:   SWcycles : 372995   HWcycles : 606
 28:   SWcycles : 372995   HWcycles : 603
 29:   SWcycles : 372995   HWcycles : 603
 RANDOM bytes 125
 0:   SWcycles : 740102   HWcycles : 1111
 1:   SWcycles : 740097   HWcycles : 1107
 2:   SWcycles : 740097   HWcycles : 1107
 3:   SWcycles : 740097   HWcycles : 1110
 4:   SWcycles : 740097   HWcycles : 1107
 5:   SWcycles : 740097   HWcycles : 1107
 6:   SWcycles : 740097   HWcycles : 1110
 7:   SWcycles : 740097   HWcycles : 1107
 8:   SWcycles : 740097   HWcycles : 1107
 9:   SWcycles : 740097   HWcycles : 1110
 10:   SWcycles : 740097   HWcycles : 1107
 11:   SWcycles : 740097   HWcycles : 1107
 12:   SWcycles : 740097   HWcycles : 1110
 13:   SWcycles : 740097   HWcycles : 1107
 14:   SWcycles : 740097   HWcycles : 1107
 15:   SWcycles : 740097   HWcycles : 1110
 16:   SWcycles : 740097   HWcycles : 1107
 17:   SWcycles : 740097   HWcycles : 1107
 18:   SWcycles : 740097   HWcycles : 1110
 19:   SWcycles : 740097   HWcycles : 1107
 20:   SWcycles : 740097   HWcycles : 1107
 21:   SWcycles : 740097   HWcycles : 1110
 22:   SWcycles : 740097   HWcycles : 1107
 23:   SWcycles : 740097   HWcycles : 1107
 24:   SWcycles : 740097   HWcycles : 1110
 25:   SWcycles : 740097   HWcycles : 1107
 26:   SWcycles : 740097   HWcycles : 1107
 27:   SWcycles : 740097   HWcycles : 1110
 28:   SWcycles : 740097   HWcycles : 1107
 29:   SWcycles : 740097   HWcycles : 1107
 RANDOM bytes 625
 0:   SWcycles : 3653602   HWcycles : 5111
 1:   SWcycles : 3653596   HWcycles : 5107
 2:   SWcycles : 3653596   HWcycles : 5107
 3:   SWcycles : 3653596   HWcycles : 5110
 4:   SWcycles : 3653596   HWcycles : 5107
 5:   SWcycles : 3653596   HWcycles : 5107
 6:   SWcycles : 3653596   HWcycles : 5110
 7:   SWcycles : 3653596   HWcycles : 5107
 8:   SWcycles : 3653596   HWcycles : 5107
 9:   SWcycles : 3653596   HWcycles : 5110
 10:   SWcycles : 3653596   HWcycles : 5107
 11:   SWcycles : 3653596   HWcycles : 5107
 12:   SWcycles : 3653596   HWcycles : 5110
 13:   SWcycles : 3653596   HWcycles : 5107
 14:   SWcycles : 3653596   HWcycles : 5107
 15:   SWcycles : 3653596   HWcycles : 5110
 16:   SWcycles : 3653596   HWcycles : 5107
 17:   SWcycles : 3653596   HWcycles : 5107
 18:   SWcycles : 3653596   HWcycles : 5110
 19:   SWcycles : 3653596   HWcycles : 5107
 20:   SWcycles : 3653596   HWcycles : 5107
 21:   SWcycles : 3653596   HWcycles : 5110
 22:   SWcycles : 3653596   HWcycles : 5107
 23:   SWcycles : 3653596   HWcycles : 5107
 24:   SWcycles : 3653596   HWcycles : 5110
 25:   SWcycles : 3653596   HWcycles : 5107
 26:   SWcycles : 3653596   HWcycles : 5107
 27:   SWcycles : 3653596   HWcycles : 5110
 28:   SWcycles : 3653596   HWcycles : 5107
 29:   SWcycles : 3653596   HWcycles : 5107
 RANDOM bytes 1250
 0:   SWcycles : 7295477   HWcycles : 10111
 1:   SWcycles : 7295471   HWcycles : 10107
 2:   SWcycles : 7295471   HWcycles : 10107
 3:   SWcycles : 7295471   HWcycles : 10110
 4:   SWcycles : 7295471   HWcycles : 10107
 5:   SWcycles : 7295471   HWcycles : 10107
 6:   SWcycles : 7295471   HWcycles : 10110
 7:   SWcycles : 7295471   HWcycles : 10107
 8:   SWcycles : 7295471   HWcycles : 10107
 9:   SWcycles : 7295471   HWcycles : 10110
 10:   SWcycles : 7295471   HWcycles : 10107
 11:   SWcycles : 7295471   HWcycles : 10107
 12:   SWcycles : 7295471   HWcycles : 10110
 13:   SWcycles : 7295471   HWcycles : 10107
 14:   SWcycles : 7295471   HWcycles : 10107
 15:   SWcycles : 7295471   HWcycles : 10110
 16:   SWcycles : 7295471   HWcycles : 10107
 17:   SWcycles : 7295471   HWcycles : 10107
 18:   SWcycles : 7295471   HWcycles : 10110
 19:   SWcycles : 7295471   HWcycles : 10107
 20:   SWcycles : 7295471   HWcycles : 10107
 21:   SWcycles : 7295471   HWcycles : 10110
 22:   SWcycles : 7295471   HWcycles : 10107
 23:   SWcycles : 7295471   HWcycles : 10107
 24:   SWcycles : 7295471   HWcycles : 10110
 25:   SWcycles : 7295471   HWcycles : 10107
 26:   SWcycles : 7295471   HWcycles : 10107
 27:   SWcycles : 7295471   HWcycles : 10110
 28:   SWcycles : 7295471   HWcycles : 10107
 29:   SWcycles : 7295471   HWcycles : 10107