 ENC
 ENC bytes 0
 0:   SWcycles : 157092
 1:   SWcycles : 11902
 2:   SWcycles : 11898
 3:   SWcycles : 11884
 4:   SWcycles : 11884
 5:   SWcycles : 11884
 6:   SWcycles : 11884
 7:   SWcycles : 11884
 8:   SWcycles : 11884
 9:   SWcycles : 11884
 10:   SWcycles : 11884
 11:   SWcycles : 11884
 12:   SWcycles : 11884
 13:   SWcycles : 11884
 14:   SWcycles : 11884
 15:   SWcycles : 11884
 16:   SWcycles : 11884
 17:   SWcycles : 11884
 18:   SWcycles : 11884
 19:   SWcycles : 11884
 20:   SWcycles : 11884
 21:   SWcycles : 11884
 22:   SWcycles : 11884
 23:   SWcycles : 11884
 24:   SWcycles : 11884
 25:   SWcycles : 11884
 26:   SWcycles : 11884
 27:   SWcycles : 11884
 28:   SWcycles : 11884
 29:   SWcycles : 11884
 ENC bytes 8
 0:   SWcycles : 58892
 1:   SWcycles : 14856
 2:   SWcycles : 14848
 3:   SWcycles : 14849
 4:   SWcycles : 14849
 5:   SWcycles : 14849
 6:   SWcycles : 14849
 7:   SWcycles : 14849
 8:   SWcycles : 14849
 9:   SWcycles : 14849
 10:   SWcycles : 14849
 11:   SWcycles : 14849
 12:   SWcycles : 14849
 13:   SWcycles : 14849
 14:   SWcycles : 14849
 15:   SWcycles : 14849
 16:   SWcycles : 14849
 17:   SWcycles : 14849
 18:   SWcycles : 14849
 19:   SWcycles : 14849
 20:   SWcycles : 14849
 21:   SWcycles : 14849
 22:   SWcycles : 14849
 23:   SWcycles : 14849
 24:   SWcycles : 14849
 25:   SWcycles : 14849
 26:   SWcycles : 14849
 27:   SWcycles : 14849
 28:   SWcycles : 14849
 29:   SWcycles : 14849
 ENC bytes 96
 0:   SWcycles : 59230
 1:   SWcycles : 47476
 2:   SWcycles : 47470
 3:   SWcycles : 47470
 4:   SWcycles : 47470
 5:   SWcycles : 47470
 6:   SWcycles : 47470
 7:   SWcycles : 47470
 8:   SWcycles : 47470
 9:   SWcycles : 47470
 10:   SWcycles : 47470
 11:   SWcycles : 47470
 12:   SWcycles : 47470
 13:   SWcycles : 47470
 14:   SWcycles : 47470
 15:   SWcycles : 47470
 16:   SWcycles : 47470
 17:   SWcycles : 47470
 18:   SWcycles : 47470
 19:   SWcycles : 47470
 20:   SWcycles : 47470
 21:   SWcycles : 47470
 22:   SWcycles : 47470
 23:   SWcycles : 47470
 24:   SWcycles : 47470
 25:   SWcycles : 47470
 26:   SWcycles : 47470
 27:   SWcycles : 47470
 28:   SWcycles : 47470
 29:   SWcycles : 47470
 ENC bytes 496
 0:   SWcycles : 202950
 1:   SWcycles : 195724
 2:   SWcycles : 195721
 3:   SWcycles : 195721
 4:   SWcycles : 195721
 5:   SWcycles : 195721
 6:   SWcycles : 195721
 7:   SWcycles : 195721
 8:   SWcycles : 195721
 9:   SWcycles : 195721
 10:   SWcycles : 195721
 11:   SWcycles : 195721
 12:   SWcycles : 195721
 13:   SWcycles : 195721
 14:   SWcycles : 195721
 15:   SWcycles : 195721
 16:   SWcycles : 195721
 17:   SWcycles : 195721
 18:   SWcycles : 195721
 19:   SWcycles : 195721
 20:   SWcycles : 195721
 21:   SWcycles : 195721
 22:   SWcycles : 195721
 23:   SWcycles : 195721
 24:   SWcycles : 195721
 25:   SWcycles : 195721
 26:   SWcycles : 195721
 27:   SWcycles : 195721
 28:   SWcycles : 195721
 29:   SWcycles : 195721
 ENC bytes 1000
 0:   SWcycles : 382521
 1:   SWcycles : 382519
 2:   SWcycles : 382516
 3:   SWcycles : 382516
 4:   SWcycles : 382516
 5:   SWcycles : 382516
 6:   SWcycles : 382516
 7:   SWcycles : 382516
 8:   SWcycles : 382516
 9:   SWcycles : 382516
 10:   SWcycles : 382516
 11:   SWcycles : 382516
 12:   SWcycles : 382516
 13:   SWcycles : 382516
 14:   SWcycles : 382516
 15:   SWcycles : 382516
 16:   SWcycles : 382516
 17:   SWcycles : 382516
 18:   SWcycles : 382516
 19:   SWcycles : 382516
 20:   SWcycles : 382516
 21:   SWcycles : 382516
 22:   SWcycles : 382516
 23:   SWcycles : 382516
 24:   SWcycles : 382516
 25:   SWcycles : 382516
 26:   SWcycles : 382516
 27:   SWcycles : 382516
 28:   SWcycles : 382516
 29:   SWcycles : 382516
 ENC bytes 5000
 0:   SWcycles : 1865021
 1:   SWcycles : 1865018
 2:   SWcycles : 1865015
 3:   SWcycles : 1865015
 4:   SWcycles : 1865015
 5:   SWcycles : 1865015
 6:   SWcycles : 1865015
 7:   SWcycles : 1865015
 8:   SWcycles : 1865015
 9:   SWcycles : 1865015
 10:   SWcycles : 1865015
 11:   SWcycles : 1865015
 12:   SWcycles : 1865015
 13:   SWcycles : 1865015
 14:   SWcycles : 1865015
 15:   SWcycles : 1865015
 16:   SWcycles : 1865015
 17:   SWcycles : 1865015
 18:   SWcycles : 1865015
 19:   SWcycles : 1865015
 20:   SWcycles : 1865015
 21:   SWcycles : 1865015
 22:   SWcycles : 1865015
 23:   SWcycles : 1865015
 24:   SWcycles : 1865015
 25:   SWcycles : 1865015
 26:   SWcycles : 1865015
 27:   SWcycles : 1865015
 28:   SWcycles : 1865015
 29:   SWcycles : 1865015
 ENC bytes 10000
 0:   SWcycles : 3718146
 1:   SWcycles : 3718143
 2:   SWcycles : 3718140
 3:   SWcycles : 3718140
 4:   SWcycles : 3718140
 5:   SWcycles : 3718140
 6:   SWcycles : 3718140
 7:   SWcycles : 3718140
 8:   SWcycles : 3718140
 9:   SWcycles : 3718140
 10:   SWcycles : 3718140
 11:   SWcycles : 3718140
 12:   SWcycles : 3718140
 13:   SWcycles : 3718140
 14:   SWcycles : 3718140
 15:   SWcycles : 3718140
 16:   SWcycles : 3718140
 17:   SWcycles : 3718140
 18:   SWcycles : 3718140
 19:   SWcycles : 3718140
 20:   SWcycles : 3718140
 21:   SWcycles : 3718140
 22:   SWcycles : 3718140
 23:   SWcycles : 3718140
 24:   SWcycles : 3718140
 25:   SWcycles : 3718140
 26:   SWcycles : 3718140
 27:   SWcycles : 3718140
 28:   SWcycles : 3718140
 29:   SWcycles : 3718140
 ENC 100 A
 ENC 100 A bytes 0
 0:   SWcycles : 18557
 1:   SWcycles : 11895
 2:   SWcycles : 11889
 3:   SWcycles : 11888
 4:   SWcycles : 11889
 5:   SWcycles : 11886
 6:   SWcycles : 11886
 7:   SWcycles : 11886
 8:   SWcycles : 11886
 9:   SWcycles : 11886
 10:   SWcycles : 11886
 11:   SWcycles : 11886
 12:   SWcycles : 11886
 13:   SWcycles : 11886
 14:   SWcycles : 11886
 15:   SWcycles : 11886
 16:   SWcycles : 11886
 17:   SWcycles : 11886
 18:   SWcycles : 11886
 19:   SWcycles : 11886
 20:   SWcycles : 11886
 21:   SWcycles : 11886
 22:   SWcycles : 11886
 23:   SWcycles : 11886
 24:   SWcycles : 11886
 25:   SWcycles : 11886
 26:   SWcycles : 11886
 27:   SWcycles : 11886
 28:   SWcycles : 11886
 29:   SWcycles : 11886
 ENC 100 A bytes 8
 0:   SWcycles : 35669
 1:   SWcycles : 17804
 2:   SWcycles : 17791
 3:   SWcycles : 17790
 4:   SWcycles : 17791
 5:   SWcycles : 17791
 6:   SWcycles : 17791
 7:   SWcycles : 17791
 8:   SWcycles : 17791
 9:   SWcycles : 17791
 10:   SWcycles : 17791
 11:   SWcycles : 17791
 12:   SWcycles : 17791
 13:   SWcycles : 17791
 14:   SWcycles : 17791
 15:   SWcycles : 17791
 16:   SWcycles : 17791
 17:   SWcycles : 17791
 18:   SWcycles : 17791
 19:   SWcycles : 17791
 20:   SWcycles : 17791
 21:   SWcycles : 17791
 22:   SWcycles : 17791
 23:   SWcycles : 17791
 24:   SWcycles : 17791
 25:   SWcycles : 17791
 26:   SWcycles : 17791
 27:   SWcycles : 17791
 28:   SWcycles : 17791
 29:   SWcycles : 17791
 ENC 100 A bytes 96
 0:   SWcycles : 54798
 1:   SWcycles : 50242
 2:   SWcycles : 50236
 3:   SWcycles : 50237
 4:   SWcycles : 50236
 5:   SWcycles : 50237
 6:   SWcycles : 50236
 7:   SWcycles : 50237
 8:   SWcycles : 50236
 9:   SWcycles : 50237
 10:   SWcycles : 50236
 11:   SWcycles : 50237
 12:   SWcycles : 50236
 13:   SWcycles : 50237
 14:   SWcycles : 50236
 15:   SWcycles : 50237
 16:   SWcycles : 50236
 17:   SWcycles : 50237
 18:   SWcycles : 50236
 19:   SWcycles : 50237
 20:   SWcycles : 50236
 21:   SWcycles : 50237
 22:   SWcycles : 50236
 23:   SWcycles : 50237
 24:   SWcycles : 50236
 25:   SWcycles : 50237
 26:   SWcycles : 50236
 27:   SWcycles : 50237
 28:   SWcycles : 50236
 29:   SWcycles : 50237
 ENC 100 A bytes 496
 0:   SWcycles : 200104
 1:   SWcycles : 197692
 2:   SWcycles : 197686
 3:   SWcycles : 197687
 4:   SWcycles : 197686
 5:   SWcycles : 197687
 6:   SWcycles : 197686
 7:   SWcycles : 197687
 8:   SWcycles : 197686
 9:   SWcycles : 197687
 10:   SWcycles : 197686
 11:   SWcycles : 197687
 12:   SWcycles : 197686
 13:   SWcycles : 197687
 14:   SWcycles : 197686
 15:   SWcycles : 197687
 16:   SWcycles : 197686
 17:   SWcycles : 197687
 18:   SWcycles : 197686
 19:   SWcycles : 197687
 20:   SWcycles : 197686
 21:   SWcycles : 197687
 22:   SWcycles : 197686
 23:   SWcycles : 197687
 24:   SWcycles : 197686
 25:   SWcycles : 197687
 26:   SWcycles : 197686
 27:   SWcycles : 197687
 28:   SWcycles : 197686
 29:   SWcycles : 197687
 ENC 100 A bytes 1000
 0:   SWcycles : 385891
 1:   SWcycles : 383479
 2:   SWcycles : 383473
 3:   SWcycles : 383474
 4:   SWcycles : 383473
 5:   SWcycles : 383474
 6:   SWcycles : 383473
 7:   SWcycles : 383474
 8:   SWcycles : 383473
 9:   SWcycles : 383474
 10:   SWcycles : 383473
 11:   SWcycles : 383474
 12:   SWcycles : 383473
 13:   SWcycles : 383474
 14:   SWcycles : 383473
 15:   SWcycles : 383474
 16:   SWcycles : 383473
 17:   SWcycles : 383474
 18:   SWcycles : 383473
 19:   SWcycles : 383474
 20:   SWcycles : 383473
 21:   SWcycles : 383474
 22:   SWcycles : 383473
 23:   SWcycles : 383474
 24:   SWcycles : 383473
 25:   SWcycles : 383474
 26:   SWcycles : 383473
 27:   SWcycles : 383474
 28:   SWcycles : 383473
 29:   SWcycles : 383474
 ENC 100 A bytes 5000
 0:   SWcycles : 1857984
 1:   SWcycles : 1857979
 2:   SWcycles : 1857973
 3:   SWcycles : 1857974
 4:   SWcycles : 1857973
 5:   SWcycles : 1857974
 6:   SWcycles : 1857973
 7:   SWcycles : 1857974
 8:   SWcycles : 1857973
 9:   SWcycles : 1857974
 10:   SWcycles : 1857973
 11:   SWcycles : 1857974
 12:   SWcycles : 1857973
 13:   SWcycles : 1857974
 14:   SWcycles : 1857973
 15:   SWcycles : 1857974
 16:   SWcycles : 1857973
 17:   SWcycles : 1857974
 18:   SWcycles : 1857973
 19:   SWcycles : 1857974
 20:   SWcycles : 1857973
 21:   SWcycles : 1857974
 22:   SWcycles : 1857973
 23:   SWcycles : 1857974
 24:   SWcycles : 1857973
 25:   SWcycles : 1857974
 26:   SWcycles : 1857973
 27:   SWcycles : 1857974
 28:   SWcycles : 1857973
 29:   SWcycles : 1857974
 ENC 100 A bytes 10000
 0:   SWcycles : 3701109
 1:   SWcycles : 3701104
 2:   SWcycles : 3701098
 3:   SWcycles : 3701099
 4:   SWcycles : 3701098
 5:   SWcycles : 3701099
 6:   SWcycles : 3701098
 7:   SWcycles : 3701099
 8:   SWcycles : 3701098
 9:   SWcycles : 3701099
 10:   SWcycles : 3701098
 11:   SWcycles : 3701099
 12:   SWcycles : 3701098
 13:   SWcycles : 3701099
 14:   SWcycles : 3701098
 15:   SWcycles : 3701099
 16:   SWcycles : 3701098
 17:   SWcycles : 3701099
 18:   SWcycles : 3701098
 19:   SWcycles : 3701099
 20:   SWcycles : 3701098
 21:   SWcycles : 3701099
 22:   SWcycles : 3701098
 23:   SWcycles : 3701099
 24:   SWcycles : 3701098
 25:   SWcycles : 3701099
 26:   SWcycles : 3701098
 27:   SWcycles : 3701099
 28:   SWcycles : 3701098
 29:   SWcycles : 3701099
 DEC
 DEC bytes 0
 0:   SWcycles : 70954
 1:   SWcycles : 11889
 2:   SWcycles : 11879
 3:   SWcycles : 11866
 4:   SWcycles : 11866
 5:   SWcycles : 11866
 6:   SWcycles : 11866
 7:   SWcycles : 11866
 8:   SWcycles : 11866
 9:   SWcycles : 11866
 10:   SWcycles : 11866
 11:   SWcycles : 11866
 12:   SWcycles : 11866
 13:   SWcycles : 11866
 14:   SWcycles : 11866
 15:   SWcycles : 11866
 16:   SWcycles : 11866
 17:   SWcycles : 11866
 18:   SWcycles : 11866
 19:   SWcycles : 11866
 20:   SWcycles : 11866
 21:   SWcycles : 11866
 22:   SWcycles : 11866
 23:   SWcycles : 11866
 24:   SWcycles : 11866
 25:   SWcycles : 11866
 26:   SWcycles : 11866
 27:   SWcycles : 11866
 28:   SWcycles : 11866
 29:   SWcycles : 11866
 DEC bytes 8
 0:   SWcycles : 30291
 1:   SWcycles : 14838
 2:   SWcycles : 14832
 3:   SWcycles : 14832
 4:   SWcycles : 14832
 5:   SWcycles : 14832
 6:   SWcycles : 14832
 7:   SWcycles : 14832
 8:   SWcycles : 14832
 9:   SWcycles : 14832
 10:   SWcycles : 14832
 11:   SWcycles : 14832
 12:   SWcycles : 14832
 13:   SWcycles : 14832
 14:   SWcycles : 14832
 15:   SWcycles : 14832
 16:   SWcycles : 14832
 17:   SWcycles : 14832
 18:   SWcycles : 14832
 19:   SWcycles : 14832
 20:   SWcycles : 14832
 21:   SWcycles : 14832
 22:   SWcycles : 14832
 23:   SWcycles : 14832
 24:   SWcycles : 14832
 25:   SWcycles : 14832
 26:   SWcycles : 14832
 27:   SWcycles : 14832
 28:   SWcycles : 14832
 29:   SWcycles : 14832
 DEC bytes 96
 0:   SWcycles : 56543
 1:   SWcycles : 47468
 2:   SWcycles : 47465
 3:   SWcycles : 47465
 4:   SWcycles : 47465
 5:   SWcycles : 47465
 6:   SWcycles : 47465
 7:   SWcycles : 47465
 8:   SWcycles : 47465
 9:   SWcycles : 47465
 10:   SWcycles : 47465
 11:   SWcycles : 47465
 12:   SWcycles : 47465
 13:   SWcycles : 47465
 14:   SWcycles : 47465
 15:   SWcycles : 47465
 16:   SWcycles : 47465
 17:   SWcycles : 47465
 18:   SWcycles : 47465
 19:   SWcycles : 47465
 20:   SWcycles : 47465
 21:   SWcycles : 47465
 22:   SWcycles : 47465
 23:   SWcycles : 47465
 24:   SWcycles : 47465
 25:   SWcycles : 47465
 26:   SWcycles : 47465
 27:   SWcycles : 47465
 28:   SWcycles : 47465
 29:   SWcycles : 47465
 DEC bytes 496
 0:   SWcycles : 202441
 1:   SWcycles : 195766
 2:   SWcycles : 195766
 3:   SWcycles : 195766
 4:   SWcycles : 195766
 5:   SWcycles : 195766
 6:   SWcycles : 195766
 7:   SWcycles : 195766
 8:   SWcycles : 195766
 9:   SWcycles : 195766
 10:   SWcycles : 195766
 11:   SWcycles : 195766
 12:   SWcycles : 195766
 13:   SWcycles : 195766
 14:   SWcycles : 195766
 15:   SWcycles : 195766
 16:   SWcycles : 195766
 17:   SWcycles : 195766
 18:   SWcycles : 195766
 19:   SWcycles : 195766
 20:   SWcycles : 195766
 21:   SWcycles : 195766
 22:   SWcycles : 195766
 23:   SWcycles : 195766
 24:   SWcycles : 195766
 25:   SWcycles : 195766
 26:   SWcycles : 195766
 27:   SWcycles : 195766
 28:   SWcycles : 195766
 29:   SWcycles : 195766
 DEC bytes 1000
 0:   SWcycles : 387174
 1:   SWcycles : 382624
 2:   SWcycles : 382624
 3:   SWcycles : 382624
 4:   SWcycles : 382624
 5:   SWcycles : 382624
 6:   SWcycles : 382624
 7:   SWcycles : 382624
 8:   SWcycles : 382624
 9:   SWcycles : 382624
 10:   SWcycles : 382624
 11:   SWcycles : 382624
 12:   SWcycles : 382624
 13:   SWcycles : 382624
 14:   SWcycles : 382624
 15:   SWcycles : 382624
 16:   SWcycles : 382624
 17:   SWcycles : 382624
 18:   SWcycles : 382624
 19:   SWcycles : 382624
 20:   SWcycles : 382624
 21:   SWcycles : 382624
 22:   SWcycles : 382624
 23:   SWcycles : 382624
 24:   SWcycles : 382624
 25:   SWcycles : 382624
 26:   SWcycles : 382624
 27:   SWcycles : 382624
 28:   SWcycles : 382624
 29:   SWcycles : 382624
 DEC bytes 5000
 0:   SWcycles : 1870174
 1:   SWcycles : 1865624
 2:   SWcycles : 1865624
 3:   SWcycles : 1865624
 4:   SWcycles : 1865624
 5:   SWcycles : 1865624
 6:   SWcycles : 1865624
 7:   SWcycles : 1865624
 8:   SWcycles : 1865624
 9:   SWcycles : 1865624
 10:   SWcycles : 1865624
 11:   SWcycles : 1865624
 12:   SWcycles : 1865624
 13:   SWcycles : 1865624
 14:   SWcycles : 1865624
 15:   SWcycles : 1865624
 16:   SWcycles : 1865624
 17:   SWcycles : 1865624
 18:   SWcycles : 1865624
 19:   SWcycles : 1865624
 20:   SWcycles : 1865624
 21:   SWcycles : 1865624
 22:   SWcycles : 1865624
 23:   SWcycles : 1865624
 24:   SWcycles : 1865624
 25:   SWcycles : 1865624
 26:   SWcycles : 1865624
 27:   SWcycles : 1865624
 28:   SWcycles : 1865624
 29:   SWcycles : 1865624
 DEC bytes 10000
 0:   SWcycles : 3723924
 1:   SWcycles : 3719374
 2:   SWcycles : 3719374
 3:   SWcycles : 3719374
 4:   SWcycles : 3719374
 5:   SWcycles : 3719374
 6:   SWcycles : 3719374
 7:   SWcycles : 3719374
 8:   SWcycles : 3719374
 9:   SWcycles : 3719374
 10:   SWcycles : 3719374
 11:   SWcycles : 3719374
 12:   SWcycles : 3719374
 13:   SWcycles : 3719374
 14:   SWcycles : 3719374
 15:   SWcycles : 3719374
 16:   SWcycles : 3719374
 17:   SWcycles : 3719374
 18:   SWcycles : 3719374
 19:   SWcycles : 3719374
 20:   SWcycles : 3719374
 21:   SWcycles : 3719374
 22:   SWcycles : 3719374
 23:   SWcycles : 3719374
 24:   SWcycles : 3719374
 25:   SWcycles : 3719374
 26:   SWcycles : 3719374
 27:   SWcycles : 3719374
 28:   SWcycles : 3719374
 29:   SWcycles : 3719374
 DEC 100 A
 DEC 100 A bytes 0
 0:   SWcycles : 20960
 1:   SWcycles : 11871
 2:   SWcycles : 11866
 3:   SWcycles : 11866
 4:   SWcycles : 11866
 5:   SWcycles : 11866
 6:   SWcycles : 11866
 7:   SWcycles : 11866
 8:   SWcycles : 11866
 9:   SWcycles : 11866
 10:   SWcycles : 11866
 11:   SWcycles : 11866
 12:   SWcycles : 11866
 13:   SWcycles : 11866
 14:   SWcycles : 11866
 15:   SWcycles : 11866
 16:   SWcycles : 11866
 17:   SWcycles : 11866
 18:   SWcycles : 11866
 19:   SWcycles : 11866
 20:   SWcycles : 11866
 21:   SWcycles : 11866
 22:   SWcycles : 11866
 23:   SWcycles : 11866
 24:   SWcycles : 11866
 25:   SWcycles : 11866
 26:   SWcycles : 11866
 27:   SWcycles : 11866
 28:   SWcycles : 11866
 29:   SWcycles : 11866
 DEC 100 A bytes 8
 0:   SWcycles : 42290
 1:   SWcycles : 17793
 2:   SWcycles : 17766
 3:   SWcycles : 17766
 4:   SWcycles : 17766
 5:   SWcycles : 17766
 6:   SWcycles : 17766
 7:   SWcycles : 17766
 8:   SWcycles : 17766
 9:   SWcycles : 17766
 10:   SWcycles : 17766
 11:   SWcycles : 17766
 12:   SWcycles : 17766
 13:   SWcycles : 17766
 14:   SWcycles : 17766
 15:   SWcycles : 17766
 16:   SWcycles : 17766
 17:   SWcycles : 17766
 18:   SWcycles : 17766
 19:   SWcycles : 17766
 20:   SWcycles : 17766
 21:   SWcycles : 17766
 22:   SWcycles : 17766
 23:   SWcycles : 17766
 24:   SWcycles : 17766
 25:   SWcycles : 17766
 26:   SWcycles : 17766
 27:   SWcycles : 17766
 28:   SWcycles : 17766
 29:   SWcycles : 17766
 DEC 100 A bytes 96
 0:   SWcycles : 57173
 1:   SWcycles : 50216
 2:   SWcycles : 50212
 3:   SWcycles : 50212
 4:   SWcycles : 50212
 5:   SWcycles : 50212
 6:   SWcycles : 50212
 7:   SWcycles : 50212
 8:   SWcycles : 50212
 9:   SWcycles : 50212
 10:   SWcycles : 50212
 11:   SWcycles : 50212
 12:   SWcycles : 50212
 13:   SWcycles : 50212
 14:   SWcycles : 50212
 15:   SWcycles : 50212
 16:   SWcycles : 50212
 17:   SWcycles : 50212
 18:   SWcycles : 50212
 19:   SWcycles : 50212
 20:   SWcycles : 50212
 21:   SWcycles : 50212
 22:   SWcycles : 50212
 23:   SWcycles : 50212
 24:   SWcycles : 50212
 25:   SWcycles : 50212
 26:   SWcycles : 50212
 27:   SWcycles : 50212
 28:   SWcycles : 50212
 29:   SWcycles : 50212
 DEC 100 A bytes 496
 0:   SWcycles : 202212
 1:   SWcycles : 197666
 2:   SWcycles : 197662
 3:   SWcycles : 197662
 4:   SWcycles : 197662
 5:   SWcycles : 197662
 6:   SWcycles : 197662
 7:   SWcycles : 197662
 8:   SWcycles : 197662
 9:   SWcycles : 197662
 10:   SWcycles : 197662
 11:   SWcycles : 197662
 12:   SWcycles : 197662
 13:   SWcycles : 197662
 14:   SWcycles : 197662
 15:   SWcycles : 197662
 16:   SWcycles : 197662
 17:   SWcycles : 197662
 18:   SWcycles : 197662
 19:   SWcycles : 197662
 20:   SWcycles : 197662
 21:   SWcycles : 197662
 22:   SWcycles : 197662
 23:   SWcycles : 197662
 24:   SWcycles : 197662
 25:   SWcycles : 197662
 26:   SWcycles : 197662
 27:   SWcycles : 197662
 28:   SWcycles : 197662
 29:   SWcycles : 197662
 DEC 100 A bytes 1000
 0:   SWcycles : 387996
 1:   SWcycles : 383453
 2:   SWcycles : 383449
 3:   SWcycles : 383449
 4:   SWcycles : 383449
 5:   SWcycles : 383449
 6:   SWcycles : 383449
 7:   SWcycles : 383449
 8:   SWcycles : 383449
 9:   SWcycles : 383449
 10:   SWcycles : 383449
 11:   SWcycles : 383449
 12:   SWcycles : 383449
 13:   SWcycles : 383449
 14:   SWcycles : 383449
 15:   SWcycles : 383449
 16:   SWcycles : 383449
 17:   SWcycles : 383449
 18:   SWcycles : 383449
 19:   SWcycles : 383449
 20:   SWcycles : 383449
 21:   SWcycles : 383449
 22:   SWcycles : 383449
 23:   SWcycles : 383449
 24:   SWcycles : 383449
 25:   SWcycles : 383449
 26:   SWcycles : 383449
 27:   SWcycles : 383449
 28:   SWcycles : 383449
 29:   SWcycles : 383449
 DEC 100 A bytes 5000
 0:   SWcycles : 1862496
 1:   SWcycles : 1857953
 2:   SWcycles : 1857949
 3:   SWcycles : 1857949
 4:   SWcycles : 1857949
 5:   SWcycles : 1857949
 6:   SWcycles : 1857949
 7:   SWcycles : 1857949
 8:   SWcycles : 1857949
 9:   SWcycles : 1857949
 10:   SWcycles : 1857949
 11:   SWcycles : 1857949
 12:   SWcycles : 1857949
 13:   SWcycles : 1857949
 14:   SWcycles : 1857949
 15:   SWcycles : 1857949
 16:   SWcycles : 1857949
 17:   SWcycles : 1857949
 18:   SWcycles : 1857949
 19:   SWcycles : 1857949
 20:   SWcycles : 1857949
 21:   SWcycles : 1857949
 22:   SWcycles : 1857949
 23:   SWcycles : 1857949
 24:   SWcycles : 1857949
 25:   SWcycles : 1857949
 26:   SWcycles : 1857949
 27:   SWcycles : 1857949
 28:   SWcycles : 1857949
 29:   SWcycles : 1857949
 DEC 100 A bytes 10000
 0:   SWcycles : 3705621
 1:   SWcycles : 3701078
 2:   SWcycles : 3701074
 3:   SWcycles : 3701074
 4:   SWcycles : 3701074
 5:   SWcycles : 3701074
 6:   SWcycles : 3701074
 7:   SWcycles : 3701074
 8:   SWcycles : 3701074
 9:   SWcycles : 3701074
 10:   SWcycles : 3701074
 11:   SWcycles : 3701074
 12:   SWcycles : 3701074
 13:   SWcycles : 3701074
 14:   SWcycles : 3701074
 15:   SWcycles : 3701074
 16:   SWcycles : 3701074
 17:   SWcycles : 3701074
 18:   SWcycles : 3701074
 19:   SWcycles : 3701074
 20:   SWcycles : 3701074
 21:   SWcycles : 3701074
 22:   SWcycles : 3701074
 23:   SWcycles : 3701074
 24:   SWcycles : 3701074
 25:   SWcycles : 3701074
 26:   SWcycles : 3701074
 27:   SWcycles : 3701074
 28:   SWcycles : 3701074
 29:   SWcycles : 3701074
 HASH
 HASH 100 A bytes 0
 0:   SWcycles : 43949
 1:   SWcycles : 23407
 2:   SWcycles : 23403
 3:   SWcycles : 23403
 4:   SWcycles : 23403
 5:   SWcycles : 23403
 6:   SWcycles : 23403
 7:   SWcycles : 23403
 8:   SWcycles : 23403
 9:   SWcycles : 23403
 10:   SWcycles : 23403
 11:   SWcycles : 23403
 12:   SWcycles : 23403
 13:   SWcycles : 23403
 14:   SWcycles : 23403
 15:   SWcycles : 23403
 16:   SWcycles : 23403
 17:   SWcycles : 23403
 18:   SWcycles : 23403
 19:   SWcycles : 23403
 20:   SWcycles : 23403
 21:   SWcycles : 23403
 22:   SWcycles : 23403
 23:   SWcycles : 23403
 24:   SWcycles : 23403
 25:   SWcycles : 23403
 26:   SWcycles : 23403
 27:   SWcycles : 23403
 28:   SWcycles : 23403
 29:   SWcycles : 23403
 HASH 100 A bytes 8
 0:   SWcycles : 57465
 1:   SWcycles : 35085
 2:   SWcycles : 35080
 3:   SWcycles : 35080
 4:   SWcycles : 35080
 5:   SWcycles : 35080
 6:   SWcycles : 35080
 7:   SWcycles : 35080
 8:   SWcycles : 35080
 9:   SWcycles : 35080
 10:   SWcycles : 35080
 11:   SWcycles : 35080
 12:   SWcycles : 35080
 13:   SWcycles : 35080
 14:   SWcycles : 35080
 15:   SWcycles : 35080
 16:   SWcycles : 35080
 17:   SWcycles : 35080
 18:   SWcycles : 35080
 19:   SWcycles : 35080
 20:   SWcycles : 35080
 21:   SWcycles : 35080
 22:   SWcycles : 35080
 23:   SWcycles : 35080
 24:   SWcycles : 35080
 25:   SWcycles : 35080
 26:   SWcycles : 35080
 27:   SWcycles : 35080
 28:   SWcycles : 35080
 29:   SWcycles : 35080
 HASH 100 A bytes 96
 0:   SWcycles : 108616
 1:   SWcycles : 99254
 2:   SWcycles : 99254
 3:   SWcycles : 99254
 4:   SWcycles : 99254
 5:   SWcycles : 99254
 6:   SWcycles : 99254
 7:   SWcycles : 99254
 8:   SWcycles : 99254
 9:   SWcycles : 99254
 10:   SWcycles : 99254
 11:   SWcycles : 99254
 12:   SWcycles : 99254
 13:   SWcycles : 99254
 14:   SWcycles : 99254
 15:   SWcycles : 99254
 16:   SWcycles : 99254
 17:   SWcycles : 99254
 18:   SWcycles : 99254
 19:   SWcycles : 99254
 20:   SWcycles : 99254
 21:   SWcycles : 99254
 22:   SWcycles : 99254
 23:   SWcycles : 99254
 24:   SWcycles : 99254
 25:   SWcycles : 99254
 26:   SWcycles : 99254
 27:   SWcycles : 99254
 28:   SWcycles : 99254
 29:   SWcycles : 99254
 HASH 100 A bytes 496
 0:   SWcycles : 393366
 1:   SWcycles : 390954
 2:   SWcycles : 390954
 3:   SWcycles : 390954
 4:   SWcycles : 390954
 5:   SWcycles : 390954
 6:   SWcycles : 390954
 7:   SWcycles : 390954
 8:   SWcycles : 390954
 9:   SWcycles : 390954
 10:   SWcycles : 390954
 11:   SWcycles : 390954
 12:   SWcycles : 390954
 13:   SWcycles : 390954
 14:   SWcycles : 390954
 15:   SWcycles : 390954
 16:   SWcycles : 390954
 17:   SWcycles : 390954
 18:   SWcycles : 390954
 19:   SWcycles : 390954
 20:   SWcycles : 390954
 21:   SWcycles : 390954
 22:   SWcycles : 390954
 23:   SWcycles : 390954
 24:   SWcycles : 390954
 25:   SWcycles : 390954
 26:   SWcycles : 390954
 27:   SWcycles : 390954
 28:   SWcycles : 390954
 29:   SWcycles : 390954
 HASH 100 A bytes 1000
 0:   SWcycles : 760908
 1:   SWcycles : 758496
 2:   SWcycles : 758496
 3:   SWcycles : 758496
 4:   SWcycles : 758496
 5:   SWcycles : 758496
 6:   SWcycles : 758496
 7:   SWcycles : 758496
 8:   SWcycles : 758496
 9:   SWcycles : 758496
 10:   SWcycles : 758496
 11:   SWcycles : 758496
 12:   SWcycles : 758496
 13:   SWcycles : 758496
 14:   SWcycles : 758496
 15:   SWcycles : 758496
 16:   SWcycles : 758496
 17:   SWcycles : 758496
 18:   SWcycles : 758496
 19:   SWcycles : 758496
 20:   SWcycles : 758496
 21:   SWcycles : 758496
 22:   SWcycles : 758496
 23:   SWcycles : 758496
 24:   SWcycles : 758496
 25:   SWcycles : 758496
 26:   SWcycles : 758496
 27:   SWcycles : 758496
 28:   SWcycles : 758496
 29:   SWcycles : 758496
 HASH 100 A bytes 5000
 0:   SWcycles : 3675501
 1:   SWcycles : 3675495
 2:   SWcycles : 3675495
 3:   SWcycles : 3675495
 4:   SWcycles : 3675495
 5:   SWcycles : 3675495
 6:   SWcycles : 3675495
 7:   SWcycles : 3675495
 8:   SWcycles : 3675495
 9:   SWcycles : 3675495
 10:   SWcycles : 3675495
 11:   SWcycles : 3675495
 12:   SWcycles : 3675495
 13:   SWcycles : 3675495
 14:   SWcycles : 3675495
 15:   SWcycles : 3675495
 16:   SWcycles : 3675495
 17:   SWcycles : 3675495
 18:   SWcycles : 3675495
 19:   SWcycles : 3675495
 20:   SWcycles : 3675495
 21:   SWcycles : 3675495
 22:   SWcycles : 3675495
 23:   SWcycles : 3675495
 24:   SWcycles : 3675495
 25:   SWcycles : 3675495
 26:   SWcycles : 3675495
 27:   SWcycles : 3675495
 28:   SWcycles : 3675495
 29:   SWcycles : 3675495
 HASH 100 A bytes 10000
 0:   SWcycles : 7321751
 1:   SWcycles : 7321746
 2:   SWcycles : 7321746
 3:   SWcycles : 7321746
 4:   SWcycles : 7321746
 5:   SWcycles : 7321746
 6:   SWcycles : 7321746
 7:   SWcycles : 7321746
 8:   SWcycles : 7321746
 9:   SWcycles : 7321746
 10:   SWcycles : 7321746
 11:   SWcycles : 7321746
 12:   SWcycles : 7321746
 13:   SWcycles : 7321746
 14:   SWcycles : 7321746
 15:   SWcycles : 7321746
 16:   SWcycles : 7321746
 17:   SWcycles : 7321746
 18:   SWcycles : 7321746
 19:   SWcycles : 7321746
 20:   SWcycles : 7321746
 21:   SWcycles : 7321746
 22:   SWcycles : 7321746
 23:   SWcycles : 7321746
 24:   SWcycles : 7321746
 25:   SWcycles : 7321746
 26:   SWcycles : 7321746
 27:   SWcycles : 7321746
 28:   SWcycles : 7321746
 29:   SWcycles : 7321746
 Random
 RANDOM bytes 0
 0:   SWcycles : 29526
 1:   SWcycles : 11677
 2:   SWcycles : 11674
 3:   SWcycles : 11674
 4:   SWcycles : 11674
 5:   SWcycles : 11674
 6:   SWcycles : 11674
 7:   SWcycles : 11674
 8:   SWcycles : 11674
 9:   SWcycles : 11674
 10:   SWcycles : 11674
 11:   SWcycles : 11674
 12:   SWcycles : 11674
 13:   SWcycles : 11674
 14:   SWcycles : 11674
 15:   SWcycles : 11674
 16:   SWcycles : 11674
 17:   SWcycles : 11674
 18:   SWcycles : 11674
 19:   SWcycles : 11674
 20:   SWcycles : 11674
 21:   SWcycles : 11674
 22:   SWcycles : 11674
 23:   SWcycles : 11674
 24:   SWcycles : 11674
 25:   SWcycles : 11674
 26:   SWcycles : 11674
 27:   SWcycles : 11674
 28:   SWcycles : 11674
 29:   SWcycles : 11674
 RANDOM bytes 1
 0:   SWcycles : 22361
 1:   SWcycles : 17544
 2:   SWcycles : 17550
 3:   SWcycles : 17541
 4:   SWcycles : 17547
 5:   SWcycles : 17547
 6:   SWcycles : 17547
 7:   SWcycles : 17541
 8:   SWcycles : 17541
 9:   SWcycles : 17541
 10:   SWcycles : 17541
 11:   SWcycles : 17541
 12:   SWcycles : 17541
 13:   SWcycles : 17541
 14:   SWcycles : 17541
 15:   SWcycles : 17541
 16:   SWcycles : 17541
 17:   SWcycles : 17541
 18:   SWcycles : 17541
 19:   SWcycles : 17541
 20:   SWcycles : 17541
 21:   SWcycles : 17541
 22:   SWcycles : 17541
 23:   SWcycles : 17541
 24:   SWcycles : 17541
 25:   SWcycles : 17541
 26:   SWcycles : 17541
 27:   SWcycles : 17541
 28:   SWcycles : 17541
 29:   SWcycles : 17541
 RANDOM bytes 12
 0:   SWcycles : 81652
 1:   SWcycles : 81647
 2:   SWcycles : 81644
 3:   SWcycles : 81644
 4:   SWcycles : 81644
 5:   SWcycles : 81644
 6:   SWcycles : 81644
 7:   SWcycles : 81644
 8:   SWcycles : 81644
 9:   SWcycles : 81644
 10:   SWcycles : 81644
 11:   SWcycles : 81644
 12:   SWcycles : 81644
 13:   SWcycles : 81644
 14:   SWcycles : 81644
 15:   SWcycles : 81644
 16:   SWcycles : 81644
 17:   SWcycles : 81644
 18:   SWcycles : 81644
 19:   SWcycles : 81644
 20:   SWcycles : 81644
 21:   SWcycles : 81644
 22:   SWcycles : 81644
 23:   SWcycles : 81644
 24:   SWcycles : 81644
 25:   SWcycles : 81644
 26:   SWcycles : 81644
 27:   SWcycles : 81644
 28:   SWcycles : 81644
 29:   SWcycles : 81644
 RANDOM bytes 62
 0:   SWcycles : 373002
 1:   SWcycles : 372997
 2:   SWcycles : 372994
 3:   SWcycles : 372994
 4:   SWcycles : 372994
 5:   SWcycles : 372994
 6:   SWcycles : 372994
 7:   SWcycles : 372994
 8:   SWcycles : 372994
 9:   SWcycles : 372994
 10:   SWcycles : 372994
 11:   SWcycles : 372994
 12:   SWcycles : 372994
 13:   SWcycles : 372994
 14:   SWcycles : 372994
 15:   SWcycles : 372994
 16:   SWcycles : 372994
 17:   SWcycles : 372994
 18:   SWcycles : 372994
 19:   SWcycles : 372994
 20:   SWcycles : 372994
 21:   SWcycles : 372994
 22:   SWcycles : 372994
 23:   SWcycles : 372994
 24:   SWcycles : 372994
 25:   SWcycles : 372994
 26:   SWcycles : 372994
 27:   SWcycles : 372994
 28:   SWcycles : 372994
 29:   SWcycles : 372994
 RANDOM bytes 125
 0:   SWcycles : 740103
 1:   SWcycles : 740098
 2:   SWcycles : 740095
 3:   SWcycles : 740095
 4:   SWcycles : 740095
 5:   SWcycles : 740095
 6:   SWcycles : 740095
 7:   SWcycles : 740095
 8:   SWcycles : 740095
 9:   SWcycles : 740095
 10:   SWcycles : 740095
 11:   SWcycles : 740095
 12:   SWcycles : 740095
 13:   SWcycles : 740095
 14:   SWcycles : 740095
 15:   SWcycles : 740095
 16:   SWcycles : 740095
 17:   SWcycles : 740095
 18:   SWcycles : 740095
 19:   SWcycles : 740095
 20:   SWcycles : 740095
 21:   SWcycles : 740095
 22:   SWcycles : 740095
 23:   SWcycles : 740095
 24:   SWcycles : 740095
 25:   SWcycles : 740095
 26:   SWcycles : 740095
 27:   SWcycles : 740095
 28:   SWcycles : 740095
 29:   SWcycles : 740095
 RANDOM bytes 625
 0:   SWcycles : 3653603
 1:   SWcycles : 3653598
 2:   SWcycles : 3653595
 3:   SWcycles : 3653595
 4:   SWcycles : 3653595
 5:   SWcycles : 3653595
 6:   SWcycles : 3653595
 7:   SWcycles : 3653595
 8:   SWcycles : 3653595
 9:   SWcycles : 3653595
 10:   SWcycles : 3653595
 11:   SWcycles : 3653595
 12:   SWcycles : 3653595
 13:   SWcycles : 3653595
 14:   SWcycles : 3653595
 15:   SWcycles : 3653595
 16:   SWcycles : 3653595
 17:   SWcycles : 3653595
 18:   SWcycles : 3653595
 19:   SWcycles : 3653595
 20:   SWcycles : 3653595
 21:   SWcycles : 3653595
 22:   SWcycles : 3653595
 23:   SWcycles : 3653595
 24:   SWcycles : 3653595
 25:   SWcycles : 3653595
 26:   SWcycles : 3653595
 27:   SWcycles : 3653595
 28:   SWcycles : 3653595
 29:   SWcycles : 3653595
 RANDOM bytes 1250
 0:   SWcycles : 7295478
 1:   SWcycles : 7295473
 2:   SWcycles : 7295470
 3:   SWcycles : 7295470
 4:   SWcycles : 7295470
 5:   SWcycles : 7295470
 6:   SWcycles : 7295470
 7:   SWcycles : 7295470
 8:   SWcycles : 7295470
 9:   SWcycles : 7295470
 10:   SWcycles : 7295470
 11:   SWcycles : 7295470
 12:   SWcycles : 7295470
 13:   SWcycles : 7295470
 14:   SWcycles : 7295470
 15:   SWcycles : 7295470
 16:   SWcycles : 7295470
 17:   SWcycles : 7295470
 18:   SWcycles : 7295470
 19:   SWcycles : 7295470
 20:   SWcycles : 7295470
 21:   SWcycles : 7295470
 22:   SWcycles : 7295470
 23:   SWcycles : 7295470
 24:   SWcycles : 7295470
 25:   SWcycles : 7295470
 26:   SWcycles : 7295470
 27:   SWcycles : 7295470
 28:   SWcycles : 7295470
 29:   SWcycles : 7295470
