ENC 
ENC bytes 0 
0:   SWcycles : 169461   HWcycles : 18008
1:   SWcycles : 11923   HWcycles : 222
2:   SWcycles : 11915   HWcycles : 218
3:   SWcycles : 11909   HWcycles : 218
4:   SWcycles : 11908   HWcycles : 218
5:   SWcycles : 11908   HWcycles : 218
6:   SWcycles : 11908   HWcycles : 218
7:   SWcycles : 11908   HWcycles : 218
8:   SWcycles : 11908   HWcycles : 218
9:   SWcycles : 11908   HWcycles : 218
10:   SWcycles : 11908   HWcycles : 218
11:   SWcycles : 11908   HWcycles : 218
12:   SWcycles : 11908   HWcycles : 218
13:   SWcycles : 11908   HWcycles : 218
14:   SWcycles : 11908   HWcycles : 218
15:   SWcycles : 11908   HWcycles : 218
16:   SWcycles : 11908   HWcycles : 218
17:   SWcycles : 11908   HWcycles : 218
18:   SWcycles : 11908   HWcycles : 218
19:   SWcycles : 11908   HWcycles : 218
20:   SWcycles : 11908   HWcycles : 218
21:   SWcycles : 11908   HWcycles : 218
22:   SWcycles : 11908   HWcycles : 218
23:   SWcycles : 11908   HWcycles : 218
24:   SWcycles : 11908   HWcycles : 218
25:   SWcycles : 11908   HWcycles : 218
26:   SWcycles : 11908   HWcycles : 218
27:   SWcycles : 11908   HWcycles : 218
28:   SWcycles : 11908   HWcycles : 218
29:   SWcycles : 11908   HWcycles : 218
ENC bytes 8 
0:   SWcycles : 19487   HWcycles : 236
1:   SWcycles : 14888   HWcycles : 234
2:   SWcycles : 14879   HWcycles : 234
3:   SWcycles : 14879   HWcycles : 238
4:   SWcycles : 14879   HWcycles : 234
5:   SWcycles : 14879   HWcycles : 234
6:   SWcycles : 14879   HWcycles : 234
7:   SWcycles : 14879   HWcycles : 234
8:   SWcycles : 14879   HWcycles : 234
9:   SWcycles : 14879   HWcycles : 234
10:   SWcycles : 14879   HWcycles : 234
11:   SWcycles : 14879   HWcycles : 234
12:   SWcycles : 14879   HWcycles : 234
13:   SWcycles : 14879   HWcycles : 234
14:   SWcycles : 14879   HWcycles : 234
15:   SWcycles : 14879   HWcycles : 234
16:   SWcycles : 14879   HWcycles : 234
17:   SWcycles : 14879   HWcycles : 234
18:   SWcycles : 14879   HWcycles : 234
19:   SWcycles : 14879   HWcycles : 234
20:   SWcycles : 14879   HWcycles : 234
21:   SWcycles : 14879   HWcycles : 234
22:   SWcycles : 14879   HWcycles : 234
23:   SWcycles : 14879   HWcycles : 234
24:   SWcycles : 14879   HWcycles : 234
25:   SWcycles : 14879   HWcycles : 234
26:   SWcycles : 14879   HWcycles : 234
27:   SWcycles : 14879   HWcycles : 234
28:   SWcycles : 14879   HWcycles : 234
29:   SWcycles : 14879   HWcycles : 234
ENC bytes 96 
0:   SWcycles : 47584   HWcycles : 412
1:   SWcycles : 47570   HWcycles : 410
2:   SWcycles : 47566   HWcycles : 410
3:   SWcycles : 47566   HWcycles : 414
4:   SWcycles : 47566   HWcycles : 410
5:   SWcycles : 47566   HWcycles : 410
6:   SWcycles : 47566   HWcycles : 410
7:   SWcycles : 47566   HWcycles : 410
8:   SWcycles : 47566   HWcycles : 410
9:   SWcycles : 47566   HWcycles : 410
10:   SWcycles : 47566   HWcycles : 410
11:   SWcycles : 47566   HWcycles : 410
12:   SWcycles : 47566   HWcycles : 410
13:   SWcycles : 47566   HWcycles : 410
14:   SWcycles : 47566   HWcycles : 410
15:   SWcycles : 47566   HWcycles : 410
16:   SWcycles : 47566   HWcycles : 410
17:   SWcycles : 47566   HWcycles : 410
18:   SWcycles : 47566   HWcycles : 410
19:   SWcycles : 47566   HWcycles : 410
20:   SWcycles : 47566   HWcycles : 410
21:   SWcycles : 47566   HWcycles : 410
22:   SWcycles : 47566   HWcycles : 410
23:   SWcycles : 47566   HWcycles : 410
24:   SWcycles : 47566   HWcycles : 410
25:   SWcycles : 47566   HWcycles : 410
26:   SWcycles : 47566   HWcycles : 410
27:   SWcycles : 47566   HWcycles : 410
28:   SWcycles : 47566   HWcycles : 410
29:   SWcycles : 47566   HWcycles : 410
ENC bytes 496 
0:   SWcycles : 196131   HWcycles : 1212
1:   SWcycles : 196120   HWcycles : 1210
2:   SWcycles : 196116   HWcycles : 1210
3:   SWcycles : 196116   HWcycles : 1214
4:   SWcycles : 196116   HWcycles : 1210
5:   SWcycles : 196116   HWcycles : 1210
6:   SWcycles : 196116   HWcycles : 1210
7:   SWcycles : 196116   HWcycles : 1210
8:   SWcycles : 196116   HWcycles : 1210
9:   SWcycles : 196116   HWcycles : 1210
10:   SWcycles : 196116   HWcycles : 1210
11:   SWcycles : 196116   HWcycles : 1210
12:   SWcycles : 196116   HWcycles : 1210
13:   SWcycles : 196116   HWcycles : 1210
14:   SWcycles : 196116   HWcycles : 1210
15:   SWcycles : 196116   HWcycles : 1210
16:   SWcycles : 196116   HWcycles : 1210
17:   SWcycles : 196116   HWcycles : 1210
18:   SWcycles : 196116   HWcycles : 1210
19:   SWcycles : 196116   HWcycles : 1210
20:   SWcycles : 196116   HWcycles : 1210
21:   SWcycles : 196116   HWcycles : 1210
22:   SWcycles : 196116   HWcycles : 1210
23:   SWcycles : 196116   HWcycles : 1210
24:   SWcycles : 196116   HWcycles : 1210
25:   SWcycles : 196116   HWcycles : 1210
26:   SWcycles : 196116   HWcycles : 1210
27:   SWcycles : 196116   HWcycles : 1210
28:   SWcycles : 196116   HWcycles : 1210
29:   SWcycles : 196116   HWcycles : 1210
ENC bytes 1000 
0:   SWcycles : 383304   HWcycles : 2220
1:   SWcycles : 383292   HWcycles : 2218
2:   SWcycles : 383289   HWcycles : 2218
3:   SWcycles : 383289   HWcycles : 2222
4:   SWcycles : 383289   HWcycles : 2218
5:   SWcycles : 383289   HWcycles : 2218
6:   SWcycles : 383289   HWcycles : 2218
7:   SWcycles : 383289   HWcycles : 2218
8:   SWcycles : 383289   HWcycles : 2218
9:   SWcycles : 383289   HWcycles : 2218
10:   SWcycles : 383289   HWcycles : 2218
11:   SWcycles : 383289   HWcycles : 2218
12:   SWcycles : 383289   HWcycles : 2218
13:   SWcycles : 383289   HWcycles : 2218
14:   SWcycles : 383289   HWcycles : 2218
15:   SWcycles : 383289   HWcycles : 2218
16:   SWcycles : 383289   HWcycles : 2218
17:   SWcycles : 383289   HWcycles : 2218
18:   SWcycles : 383289   HWcycles : 2218
19:   SWcycles : 383289   HWcycles : 2218
20:   SWcycles : 383289   HWcycles : 2218
21:   SWcycles : 383289   HWcycles : 2218
22:   SWcycles : 383289   HWcycles : 2218
23:   SWcycles : 383289   HWcycles : 2218
24:   SWcycles : 383289   HWcycles : 2218
25:   SWcycles : 383289   HWcycles : 2218
26:   SWcycles : 383289   HWcycles : 2218
27:   SWcycles : 383289   HWcycles : 2218
28:   SWcycles : 383289   HWcycles : 2218
29:   SWcycles : 383289   HWcycles : 2218
ENC bytes 5000 
0:   SWcycles : 1868804   HWcycles : 10220
1:   SWcycles : 1868792   HWcycles : 10218
2:   SWcycles : 1868789   HWcycles : 10218
3:   SWcycles : 1868789   HWcycles : 10222
4:   SWcycles : 1868789   HWcycles : 10218
5:   SWcycles : 1868789   HWcycles : 10218
6:   SWcycles : 1868789   HWcycles : 10218
7:   SWcycles : 1868789   HWcycles : 10218
8:   SWcycles : 1868789   HWcycles : 10218
9:   SWcycles : 1868789   HWcycles : 10218
10:   SWcycles : 1868789   HWcycles : 10218
11:   SWcycles : 1868789   HWcycles : 10218
12:   SWcycles : 1868789   HWcycles : 10218
13:   SWcycles : 1868789   HWcycles : 10218
14:   SWcycles : 1868789   HWcycles : 10218
15:   SWcycles : 1868789   HWcycles : 10218
16:   SWcycles : 1868789   HWcycles : 10218
17:   SWcycles : 1868789   HWcycles : 10218
18:   SWcycles : 1868789   HWcycles : 10218
19:   SWcycles : 1868789   HWcycles : 10218
20:   SWcycles : 1868789   HWcycles : 10218
21:   SWcycles : 1868789   HWcycles : 10218
22:   SWcycles : 1868789   HWcycles : 10218
23:   SWcycles : 1868789   HWcycles : 10218
24:   SWcycles : 1868789   HWcycles : 10218
25:   SWcycles : 1868789   HWcycles : 10218
26:   SWcycles : 1868789   HWcycles : 10218
27:   SWcycles : 1868789   HWcycles : 10218
28:   SWcycles : 1868789   HWcycles : 10218
29:   SWcycles : 1868789   HWcycles : 10218
ENC bytes 10000 
0:   SWcycles : 3725676   HWcycles : 20220
1:   SWcycles : 3725669   HWcycles : 20218
2:   SWcycles : 3725665   HWcycles : 20218
3:   SWcycles : 3725665   HWcycles : 20222
4:   SWcycles : 3725665   HWcycles : 20218
5:   SWcycles : 3725665   HWcycles : 20218
6:   SWcycles : 3725665   HWcycles : 20218
7:   SWcycles : 3725665   HWcycles : 20218
8:   SWcycles : 3725665   HWcycles : 20218
9:   SWcycles : 3725665   HWcycles : 20218
10:   SWcycles : 3725665   HWcycles : 20218
11:   SWcycles : 3725665   HWcycles : 20218
12:   SWcycles : 3725665   HWcycles : 20218
13:   SWcycles : 3725665   HWcycles : 20218
14:   SWcycles : 3725665   HWcycles : 20218
15:   SWcycles : 3725665   HWcycles : 20218
16:   SWcycles : 3725665   HWcycles : 20218
17:   SWcycles : 3725665   HWcycles : 20218
18:   SWcycles : 3725665   HWcycles : 20218
19:   SWcycles : 3725665   HWcycles : 20218
20:   SWcycles : 3725665   HWcycles : 20218
21:   SWcycles : 3725665   HWcycles : 20218
22:   SWcycles : 3725665   HWcycles : 20218
23:   SWcycles : 3725665   HWcycles : 20218
24:   SWcycles : 3725665   HWcycles : 20218
25:   SWcycles : 3725665   HWcycles : 20218
26:   SWcycles : 3725665   HWcycles : 20218
27:   SWcycles : 3725665   HWcycles : 20218
28:   SWcycles : 3725665   HWcycles : 20218
29:   SWcycles : 3725665   HWcycles : 20218
ENC 100 A
ENC 100 A bytes 0 
0:   SWcycles : 16515   HWcycles : 216
1:   SWcycles : 11915   HWcycles : 216
2:   SWcycles : 11909   HWcycles : 216
3:   SWcycles : 11909   HWcycles : 213
4:   SWcycles : 11909   HWcycles : 216
5:   SWcycles : 11909   HWcycles : 213
6:   SWcycles : 11909   HWcycles : 213
7:   SWcycles : 11909   HWcycles : 216
8:   SWcycles : 11909   HWcycles : 213
9:   SWcycles : 11909   HWcycles : 213
10:   SWcycles : 11909   HWcycles : 216
11:   SWcycles : 11909   HWcycles : 213
12:   SWcycles : 11909   HWcycles : 213
13:   SWcycles : 11909   HWcycles : 216
14:   SWcycles : 11909   HWcycles : 213
15:   SWcycles : 11909   HWcycles : 213
16:   SWcycles : 11909   HWcycles : 216
17:   SWcycles : 11909   HWcycles : 213
18:   SWcycles : 11909   HWcycles : 213
19:   SWcycles : 11909   HWcycles : 216
20:   SWcycles : 11909   HWcycles : 213
21:   SWcycles : 11909   HWcycles : 213
22:   SWcycles : 11909   HWcycles : 216
23:   SWcycles : 11909   HWcycles : 213
24:   SWcycles : 11909   HWcycles : 213
25:   SWcycles : 11909   HWcycles : 216
26:   SWcycles : 11909   HWcycles : 213
27:   SWcycles : 11909   HWcycles : 213
28:   SWcycles : 11909   HWcycles : 216
29:   SWcycles : 11909   HWcycles : 213
ENC 100 A bytes 8 
0:   SWcycles : 35360   HWcycles : 242
1:   SWcycles : 17827   HWcycles : 239
2:   SWcycles : 17823   HWcycles : 242
3:   SWcycles : 17823   HWcycles : 242
4:   SWcycles : 17823   HWcycles : 239
5:   SWcycles : 17823   HWcycles : 239
6:   SWcycles : 17823   HWcycles : 239
7:   SWcycles : 17823   HWcycles : 242
8:   SWcycles : 17823   HWcycles : 239
9:   SWcycles : 17823   HWcycles : 242
10:   SWcycles : 17823   HWcycles : 239
11:   SWcycles : 17823   HWcycles : 239
12:   SWcycles : 17823   HWcycles : 239
13:   SWcycles : 17823   HWcycles : 242
14:   SWcycles : 17823   HWcycles : 239
15:   SWcycles : 17823   HWcycles : 242
16:   SWcycles : 17823   HWcycles : 239
17:   SWcycles : 17823   HWcycles : 239
18:   SWcycles : 17823   HWcycles : 239
19:   SWcycles : 17823   HWcycles : 242
20:   SWcycles : 17823   HWcycles : 239
21:   SWcycles : 17823   HWcycles : 242
22:   SWcycles : 17823   HWcycles : 239
23:   SWcycles : 17823   HWcycles : 239
24:   SWcycles : 17823   HWcycles : 239
25:   SWcycles : 17823   HWcycles : 242
26:   SWcycles : 17823   HWcycles : 239
27:   SWcycles : 17823   HWcycles : 242
28:   SWcycles : 17823   HWcycles : 239
29:   SWcycles : 17823   HWcycles : 239
ENC 100 A bytes 96 
0:   SWcycles : 50356   HWcycles : 418
1:   SWcycles : 50351   HWcycles : 415
2:   SWcycles : 50337   HWcycles : 415
3:   SWcycles : 50334   HWcycles : 418
4:   SWcycles : 50334   HWcycles : 418
5:   SWcycles : 50334   HWcycles : 415
6:   SWcycles : 50334   HWcycles : 415
7:   SWcycles : 50334   HWcycles : 415
8:   SWcycles : 50334   HWcycles : 418
9:   SWcycles : 50334   HWcycles : 418
10:   SWcycles : 50334   HWcycles : 415
11:   SWcycles : 50334   HWcycles : 415
12:   SWcycles : 50334   HWcycles : 415
13:   SWcycles : 50334   HWcycles : 418
14:   SWcycles : 50334   HWcycles : 418
15:   SWcycles : 50334   HWcycles : 415
16:   SWcycles : 50334   HWcycles : 415
17:   SWcycles : 50334   HWcycles : 415
18:   SWcycles : 50334   HWcycles : 418
19:   SWcycles : 50334   HWcycles : 418
20:   SWcycles : 50334   HWcycles : 415
21:   SWcycles : 50334   HWcycles : 415
22:   SWcycles : 50334   HWcycles : 415
23:   SWcycles : 50334   HWcycles : 418
24:   SWcycles : 50334   HWcycles : 418
25:   SWcycles : 50334   HWcycles : 415
26:   SWcycles : 50334   HWcycles : 415
27:   SWcycles : 50334   HWcycles : 415
28:   SWcycles : 50334   HWcycles : 418
29:   SWcycles : 50334   HWcycles : 418
ENC 100 A bytes 496 
0:   SWcycles : 198094   HWcycles : 1218
1:   SWcycles : 198085   HWcycles : 1215
2:   SWcycles : 198085   HWcycles : 1215
3:   SWcycles : 198085   HWcycles : 1218
4:   SWcycles : 198085   HWcycles : 1218
5:   SWcycles : 198085   HWcycles : 1215
6:   SWcycles : 198085   HWcycles : 1215
7:   SWcycles : 198085   HWcycles : 1215
8:   SWcycles : 198085   HWcycles : 1218
9:   SWcycles : 198085   HWcycles : 1218
10:   SWcycles : 198085   HWcycles : 1215
11:   SWcycles : 198085   HWcycles : 1215
12:   SWcycles : 198085   HWcycles : 1215
13:   SWcycles : 198085   HWcycles : 1218
14:   SWcycles : 198085   HWcycles : 1218
15:   SWcycles : 198085   HWcycles : 1215
16:   SWcycles : 198085   HWcycles : 1215
17:   SWcycles : 198085   HWcycles : 1215
18:   SWcycles : 198085   HWcycles : 1218
19:   SWcycles : 198085   HWcycles : 1218
20:   SWcycles : 198085   HWcycles : 1215
21:   SWcycles : 198085   HWcycles : 1215
22:   SWcycles : 198085   HWcycles : 1215
23:   SWcycles : 198085   HWcycles : 1218
24:   SWcycles : 198085   HWcycles : 1218
25:   SWcycles : 198085   HWcycles : 1215
26:   SWcycles : 198085   HWcycles : 1215
27:   SWcycles : 198085   HWcycles : 1215
28:   SWcycles : 198085   HWcycles : 1218
29:   SWcycles : 198085   HWcycles : 1218
ENC 100 A bytes 1000 
0:   SWcycles : 384259   HWcycles : 2226
1:   SWcycles : 384250   HWcycles : 2223
2:   SWcycles : 384250   HWcycles : 2223
3:   SWcycles : 384250   HWcycles : 2226
4:   SWcycles : 384250   HWcycles : 2226
5:   SWcycles : 384250   HWcycles : 2223
6:   SWcycles : 384250   HWcycles : 2223
7:   SWcycles : 384250   HWcycles : 2223
8:   SWcycles : 384250   HWcycles : 2226
9:   SWcycles : 384250   HWcycles : 2226
10:   SWcycles : 384250   HWcycles : 2223
11:   SWcycles : 384250   HWcycles : 2223
12:   SWcycles : 384250   HWcycles : 2223
13:   SWcycles : 384250   HWcycles : 2226
14:   SWcycles : 384250   HWcycles : 2226
15:   SWcycles : 384250   HWcycles : 2223
16:   SWcycles : 384250   HWcycles : 2223
17:   SWcycles : 384250   HWcycles : 2223
18:   SWcycles : 384250   HWcycles : 2226
19:   SWcycles : 384250   HWcycles : 2226
20:   SWcycles : 384250   HWcycles : 2223
21:   SWcycles : 384250   HWcycles : 2223
22:   SWcycles : 384250   HWcycles : 2223
23:   SWcycles : 384250   HWcycles : 2226
24:   SWcycles : 384250   HWcycles : 2226
25:   SWcycles : 384250   HWcycles : 2223
26:   SWcycles : 384250   HWcycles : 2223
27:   SWcycles : 384250   HWcycles : 2223
28:   SWcycles : 384250   HWcycles : 2226
29:   SWcycles : 384250   HWcycles : 2226
ENC 100 A bytes 5000 
0:   SWcycles : 1861759   HWcycles : 10226
1:   SWcycles : 1861750   HWcycles : 10223
2:   SWcycles : 1861750   HWcycles : 10223
3:   SWcycles : 1861750   HWcycles : 10226
4:   SWcycles : 1861750   HWcycles : 10226
5:   SWcycles : 1861750   HWcycles : 10223
6:   SWcycles : 1861750   HWcycles : 10223
7:   SWcycles : 1861750   HWcycles : 10223
8:   SWcycles : 1861750   HWcycles : 10226
9:   SWcycles : 1861750   HWcycles : 10226
10:   SWcycles : 1861750   HWcycles : 10223
11:   SWcycles : 1861750   HWcycles : 10223
12:   SWcycles : 1861750   HWcycles : 10223
13:   SWcycles : 1861750   HWcycles : 10226
14:   SWcycles : 1861750   HWcycles : 10226
15:   SWcycles : 1861750   HWcycles : 10223
16:   SWcycles : 1861750   HWcycles : 10223
17:   SWcycles : 1861750   HWcycles : 10223
18:   SWcycles : 1861750   HWcycles : 10226
19:   SWcycles : 1861750   HWcycles : 10226
20:   SWcycles : 1861750   HWcycles : 10223
21:   SWcycles : 1861750   HWcycles : 10223
22:   SWcycles : 1861750   HWcycles : 10223
23:   SWcycles : 1861750   HWcycles : 10226
24:   SWcycles : 1861750   HWcycles : 10226
25:   SWcycles : 1861750   HWcycles : 10223
26:   SWcycles : 1861750   HWcycles : 10223
27:   SWcycles : 1861750   HWcycles : 10223
28:   SWcycles : 1861750   HWcycles : 10226
29:   SWcycles : 1861750   HWcycles : 10226
ENC 100 A bytes 10000 
0:   SWcycles : 3708634   HWcycles : 20226
1:   SWcycles : 3708625   HWcycles : 20223
2:   SWcycles : 3708625   HWcycles : 20223
3:   SWcycles : 3708625   HWcycles : 20226
4:   SWcycles : 3708625   HWcycles : 20226
5:   SWcycles : 3708625   HWcycles : 20223
6:   SWcycles : 3708625   HWcycles : 20223
7:   SWcycles : 3708625   HWcycles : 20223
8:   SWcycles : 3708625   HWcycles : 20226
9:   SWcycles : 3708625   HWcycles : 20226
10:   SWcycles : 3708625   HWcycles : 20223
11:   SWcycles : 3708625   HWcycles : 20223
12:   SWcycles : 3708625   HWcycles : 20223
13:   SWcycles : 3708625   HWcycles : 20226
14:   SWcycles : 3708625   HWcycles : 20226
15:   SWcycles : 3708625   HWcycles : 20223
16:   SWcycles : 3708625   HWcycles : 20223
17:   SWcycles : 3708625   HWcycles : 20223
18:   SWcycles : 3708625   HWcycles : 20226
19:   SWcycles : 3708625   HWcycles : 20226
20:   SWcycles : 3708625   HWcycles : 20223
21:   SWcycles : 3708625   HWcycles : 20223
22:   SWcycles : 3708625   HWcycles : 20223
23:   SWcycles : 3708625   HWcycles : 20226
24:   SWcycles : 3708625   HWcycles : 20226
25:   SWcycles : 3708625   HWcycles : 20223
26:   SWcycles : 3708625   HWcycles : 20223
27:   SWcycles : 3708625   HWcycles : 20223
28:   SWcycles : 3708625   HWcycles : 20226
29:   SWcycles : 3708625   HWcycles : 20226
DEC 
DEC bytes 0 
0:   SWcycles : 82213   HWcycles : 26597
1:   SWcycles : 11905   HWcycles : 232
2:   SWcycles : 11890   HWcycles : 232
3:   SWcycles : 11901   HWcycles : 235
4:   SWcycles : 11903   HWcycles : 232
5:   SWcycles : 11893   HWcycles : 232
6:   SWcycles : 11890   HWcycles : 232
7:   SWcycles : 11890   HWcycles : 232
8:   SWcycles : 11890   HWcycles : 232
9:   SWcycles : 11890   HWcycles : 232
10:   SWcycles : 11890   HWcycles : 232
11:   SWcycles : 11890   HWcycles : 232
12:   SWcycles : 11890   HWcycles : 232
13:   SWcycles : 11890   HWcycles : 232
14:   SWcycles : 11890   HWcycles : 232
15:   SWcycles : 11890   HWcycles : 232
16:   SWcycles : 11890   HWcycles : 232
17:   SWcycles : 11890   HWcycles : 232
18:   SWcycles : 11890   HWcycles : 232
19:   SWcycles : 11890   HWcycles : 232
20:   SWcycles : 11890   HWcycles : 232
21:   SWcycles : 11890   HWcycles : 232
22:   SWcycles : 11890   HWcycles : 232
23:   SWcycles : 11890   HWcycles : 232
24:   SWcycles : 11890   HWcycles : 232
25:   SWcycles : 11890   HWcycles : 232
26:   SWcycles : 11890   HWcycles : 232
27:   SWcycles : 11890   HWcycles : 232
28:   SWcycles : 11890   HWcycles : 232
29:   SWcycles : 11890   HWcycles : 232
DEC bytes 8 
0:   SWcycles : 19466   HWcycles : 252
1:   SWcycles : 14869   HWcycles : 248
2:   SWcycles : 14862   HWcycles : 248
3:   SWcycles : 14862   HWcycles : 248
4:   SWcycles : 14862   HWcycles : 251
5:   SWcycles : 14862   HWcycles : 248
6:   SWcycles : 14862   HWcycles : 248
7:   SWcycles : 14862   HWcycles : 248
8:   SWcycles : 14862   HWcycles : 248
9:   SWcycles : 14862   HWcycles : 248
10:   SWcycles : 14862   HWcycles : 248
11:   SWcycles : 14862   HWcycles : 248
12:   SWcycles : 14862   HWcycles : 248
13:   SWcycles : 14862   HWcycles : 248
14:   SWcycles : 14862   HWcycles : 248
15:   SWcycles : 14862   HWcycles : 248
16:   SWcycles : 14862   HWcycles : 248
17:   SWcycles : 14862   HWcycles : 248
18:   SWcycles : 14862   HWcycles : 248
19:   SWcycles : 14862   HWcycles : 248
20:   SWcycles : 14862   HWcycles : 248
21:   SWcycles : 14862   HWcycles : 248
22:   SWcycles : 14862   HWcycles : 248
23:   SWcycles : 14862   HWcycles : 248
24:   SWcycles : 14862   HWcycles : 248
25:   SWcycles : 14862   HWcycles : 248
26:   SWcycles : 14862   HWcycles : 248
27:   SWcycles : 14862   HWcycles : 248
28:   SWcycles : 14862   HWcycles : 248
29:   SWcycles : 14862   HWcycles : 248
DEC bytes 96 
0:   SWcycles : 47573   HWcycles : 428
1:   SWcycles : 47564   HWcycles : 424
2:   SWcycles : 47561   HWcycles : 424
3:   SWcycles : 47561   HWcycles : 424
4:   SWcycles : 47561   HWcycles : 427
5:   SWcycles : 47561   HWcycles : 424
6:   SWcycles : 47561   HWcycles : 424
7:   SWcycles : 47561   HWcycles : 424
8:   SWcycles : 47561   HWcycles : 424
9:   SWcycles : 47561   HWcycles : 424
10:   SWcycles : 47561   HWcycles : 424
11:   SWcycles : 47561   HWcycles : 424
12:   SWcycles : 47561   HWcycles : 424
13:   SWcycles : 47561   HWcycles : 424
14:   SWcycles : 47561   HWcycles : 424
15:   SWcycles : 47561   HWcycles : 424
16:   SWcycles : 47561   HWcycles : 424
17:   SWcycles : 47561   HWcycles : 424
18:   SWcycles : 47561   HWcycles : 424
19:   SWcycles : 47561   HWcycles : 424
20:   SWcycles : 47561   HWcycles : 424
21:   SWcycles : 47561   HWcycles : 424
22:   SWcycles : 47561   HWcycles : 424
23:   SWcycles : 47561   HWcycles : 424
24:   SWcycles : 47561   HWcycles : 424
25:   SWcycles : 47561   HWcycles : 424
26:   SWcycles : 47561   HWcycles : 424
27:   SWcycles : 47561   HWcycles : 424
28:   SWcycles : 47561   HWcycles : 424
29:   SWcycles : 47561   HWcycles : 424
DEC bytes 496 
0:   SWcycles : 196168   HWcycles : 1228
1:   SWcycles : 196161   HWcycles : 1224
2:   SWcycles : 196161   HWcycles : 1224
3:   SWcycles : 196161   HWcycles : 1224
4:   SWcycles : 196161   HWcycles : 1227
5:   SWcycles : 196161   HWcycles : 1224
6:   SWcycles : 196161   HWcycles : 1224
7:   SWcycles : 196161   HWcycles : 1224
8:   SWcycles : 196161   HWcycles : 1224
9:   SWcycles : 196161   HWcycles : 1224
10:   SWcycles : 196161   HWcycles : 1224
11:   SWcycles : 196161   HWcycles : 1224
12:   SWcycles : 196161   HWcycles : 1224
13:   SWcycles : 196161   HWcycles : 1224
14:   SWcycles : 196161   HWcycles : 1224
15:   SWcycles : 196161   HWcycles : 1224
16:   SWcycles : 196161   HWcycles : 1224
17:   SWcycles : 196161   HWcycles : 1224
18:   SWcycles : 196161   HWcycles : 1224
19:   SWcycles : 196161   HWcycles : 1224
20:   SWcycles : 196161   HWcycles : 1224
21:   SWcycles : 196161   HWcycles : 1224
22:   SWcycles : 196161   HWcycles : 1224
23:   SWcycles : 196161   HWcycles : 1224
24:   SWcycles : 196161   HWcycles : 1224
25:   SWcycles : 196161   HWcycles : 1224
26:   SWcycles : 196161   HWcycles : 1224
27:   SWcycles : 196161   HWcycles : 1224
28:   SWcycles : 196161   HWcycles : 1224
29:   SWcycles : 196161   HWcycles : 1224
DEC bytes 1000 
0:   SWcycles : 383404   HWcycles : 2236
1:   SWcycles : 383397   HWcycles : 2232
2:   SWcycles : 383397   HWcycles : 2232
3:   SWcycles : 383397   HWcycles : 2232
4:   SWcycles : 383397   HWcycles : 2235
5:   SWcycles : 383397   HWcycles : 2232
6:   SWcycles : 383397   HWcycles : 2232
7:   SWcycles : 383397   HWcycles : 2232
8:   SWcycles : 383397   HWcycles : 2232
9:   SWcycles : 383397   HWcycles : 2232
10:   SWcycles : 383397   HWcycles : 2232
11:   SWcycles : 383397   HWcycles : 2232
12:   SWcycles : 383397   HWcycles : 2232
13:   SWcycles : 383397   HWcycles : 2232
14:   SWcycles : 383397   HWcycles : 2232
15:   SWcycles : 383397   HWcycles : 2232
16:   SWcycles : 383397   HWcycles : 2232
17:   SWcycles : 383397   HWcycles : 2232
18:   SWcycles : 383397   HWcycles : 2232
19:   SWcycles : 383397   HWcycles : 2232
20:   SWcycles : 383397   HWcycles : 2232
21:   SWcycles : 383397   HWcycles : 2232
22:   SWcycles : 383397   HWcycles : 2232
23:   SWcycles : 383397   HWcycles : 2232
24:   SWcycles : 383397   HWcycles : 2232
25:   SWcycles : 383397   HWcycles : 2232
26:   SWcycles : 383397   HWcycles : 2232
27:   SWcycles : 383397   HWcycles : 2232
28:   SWcycles : 383397   HWcycles : 2232
29:   SWcycles : 383397   HWcycles : 2232
DEC bytes 5000 
0:   SWcycles : 1869400   HWcycles : 10236
1:   SWcycles : 1869397   HWcycles : 10232
2:   SWcycles : 1869397   HWcycles : 10232
3:   SWcycles : 1869397   HWcycles : 10232
4:   SWcycles : 1869397   HWcycles : 10232
5:   SWcycles : 1869397   HWcycles : 10232
6:   SWcycles : 1869397   HWcycles : 10232
7:   SWcycles : 1869397   HWcycles : 10232
8:   SWcycles : 1869397   HWcycles : 10232
9:   SWcycles : 1869397   HWcycles : 10232
10:   SWcycles : 1869397   HWcycles : 10232
11:   SWcycles : 1869397   HWcycles : 10232
12:   SWcycles : 1869397   HWcycles : 10232
13:   SWcycles : 1869397   HWcycles : 10232
14:   SWcycles : 1869397   HWcycles : 10232
15:   SWcycles : 1869397   HWcycles : 10232
16:   SWcycles : 1869397   HWcycles : 10232
17:   SWcycles : 1869397   HWcycles : 10232
18:   SWcycles : 1869397   HWcycles : 10232
19:   SWcycles : 1869397   HWcycles : 10232
20:   SWcycles : 1869397   HWcycles : 10232
21:   SWcycles : 1869397   HWcycles : 10232
22:   SWcycles : 1869397   HWcycles : 10232
23:   SWcycles : 1869397   HWcycles : 10232
24:   SWcycles : 1869397   HWcycles : 10232
25:   SWcycles : 1869397   HWcycles : 10232
26:   SWcycles : 1869397   HWcycles : 10232
27:   SWcycles : 1869397   HWcycles : 10232
28:   SWcycles : 1869397   HWcycles : 10232
29:   SWcycles : 1869397   HWcycles : 10232
DEC bytes 10000 
0:   SWcycles : 3726912   HWcycles : 20236
1:   SWcycles : 3726897   HWcycles : 20232
2:   SWcycles : 3726897   HWcycles : 20232
3:   SWcycles : 3726897   HWcycles : 20232
4:   SWcycles : 3726897   HWcycles : 20232
5:   SWcycles : 3726897   HWcycles : 20232
6:   SWcycles : 3726897   HWcycles : 20232
7:   SWcycles : 3726897   HWcycles : 20232
8:   SWcycles : 3726897   HWcycles : 20232
9:   SWcycles : 3726897   HWcycles : 20232
10:   SWcycles : 3726897   HWcycles : 20232
11:   SWcycles : 3726897   HWcycles : 20232
12:   SWcycles : 3726897   HWcycles : 20232
13:   SWcycles : 3726897   HWcycles : 20232
14:   SWcycles : 3726897   HWcycles : 20232
15:   SWcycles : 3726897   HWcycles : 20232
16:   SWcycles : 3726897   HWcycles : 20232
17:   SWcycles : 3726897   HWcycles : 20232
18:   SWcycles : 3726897   HWcycles : 20232
19:   SWcycles : 3726897   HWcycles : 20232
20:   SWcycles : 3726897   HWcycles : 20232
21:   SWcycles : 3726897   HWcycles : 20232
22:   SWcycles : 3726897   HWcycles : 20232
23:   SWcycles : 3726897   HWcycles : 20232
24:   SWcycles : 3726897   HWcycles : 20232
25:   SWcycles : 3726897   HWcycles : 20232
26:   SWcycles : 3726897   HWcycles : 20232
27:   SWcycles : 3726897   HWcycles : 20232
28:   SWcycles : 3726897   HWcycles : 20232
29:   SWcycles : 3726897   HWcycles : 20232
DEC 100 A
DEC 100 A bytes 0 
0:   SWcycles : 16490   HWcycles : 4827
1:   SWcycles : 11893   HWcycles : 235
2:   SWcycles : 11889   HWcycles : 232
3:   SWcycles : 11889   HWcycles : 232
4:   SWcycles : 11889   HWcycles : 232
5:   SWcycles : 11889   HWcycles : 232
6:   SWcycles : 11889   HWcycles : 232
7:   SWcycles : 11889   HWcycles : 232
8:   SWcycles : 11889   HWcycles : 232
9:   SWcycles : 11889   HWcycles : 232
10:   SWcycles : 11889   HWcycles : 232
11:   SWcycles : 11889   HWcycles : 232
12:   SWcycles : 11889   HWcycles : 232
13:   SWcycles : 11889   HWcycles : 232
14:   SWcycles : 11889   HWcycles : 232
15:   SWcycles : 11889   HWcycles : 232
16:   SWcycles : 11889   HWcycles : 232
17:   SWcycles : 11889   HWcycles : 232
18:   SWcycles : 11889   HWcycles : 232
19:   SWcycles : 11889   HWcycles : 232
20:   SWcycles : 11889   HWcycles : 232
21:   SWcycles : 11889   HWcycles : 232
22:   SWcycles : 11889   HWcycles : 232
23:   SWcycles : 11889   HWcycles : 232
24:   SWcycles : 11889   HWcycles : 232
25:   SWcycles : 11889   HWcycles : 232
26:   SWcycles : 11889   HWcycles : 232
27:   SWcycles : 11889   HWcycles : 232
28:   SWcycles : 11889   HWcycles : 232
29:   SWcycles : 11889   HWcycles : 232
DEC 100 A bytes 8 
0:   SWcycles : 35901   HWcycles : 262
1:   SWcycles : 17818   HWcycles : 262
2:   SWcycles : 17810   HWcycles : 261
3:   SWcycles : 17810   HWcycles : 258
4:   SWcycles : 17810   HWcycles : 258
5:   SWcycles : 17810   HWcycles : 258
6:   SWcycles : 17810   HWcycles : 258
7:   SWcycles : 17810   HWcycles : 258
8:   SWcycles : 17810   HWcycles : 258
9:   SWcycles : 17810   HWcycles : 258
10:   SWcycles : 17810   HWcycles : 258
11:   SWcycles : 17810   HWcycles : 258
12:   SWcycles : 17810   HWcycles : 258
13:   SWcycles : 17810   HWcycles : 258
14:   SWcycles : 17810   HWcycles : 258
15:   SWcycles : 17810   HWcycles : 258
16:   SWcycles : 17810   HWcycles : 258
17:   SWcycles : 17810   HWcycles : 258
18:   SWcycles : 17810   HWcycles : 258
19:   SWcycles : 17810   HWcycles : 258
20:   SWcycles : 17810   HWcycles : 258
21:   SWcycles : 17810   HWcycles : 258
22:   SWcycles : 17810   HWcycles : 258
23:   SWcycles : 17810   HWcycles : 258
24:   SWcycles : 17810   HWcycles : 258
25:   SWcycles : 17810   HWcycles : 258
26:   SWcycles : 17810   HWcycles : 258
27:   SWcycles : 17810   HWcycles : 258
28:   SWcycles : 17810   HWcycles : 258
29:   SWcycles : 17810   HWcycles : 258
DEC 100 A bytes 96 
0:   SWcycles : 50338   HWcycles : 438
1:   SWcycles : 50324   HWcycles : 437
2:   SWcycles : 50316   HWcycles : 438
3:   SWcycles : 50315   HWcycles : 434
4:   SWcycles : 50315   HWcycles : 434
5:   SWcycles : 50315   HWcycles : 434
6:   SWcycles : 50315   HWcycles : 434
7:   SWcycles : 50315   HWcycles : 434
8:   SWcycles : 50315   HWcycles : 434
9:   SWcycles : 50315   HWcycles : 434
10:   SWcycles : 50315   HWcycles : 434
11:   SWcycles : 50315   HWcycles : 434
12:   SWcycles : 50315   HWcycles : 434
13:   SWcycles : 50315   HWcycles : 434
14:   SWcycles : 50315   HWcycles : 434
15:   SWcycles : 50315   HWcycles : 434
16:   SWcycles : 50315   HWcycles : 434
17:   SWcycles : 50315   HWcycles : 434
18:   SWcycles : 50315   HWcycles : 434
19:   SWcycles : 50315   HWcycles : 434
20:   SWcycles : 50315   HWcycles : 434
21:   SWcycles : 50315   HWcycles : 434
22:   SWcycles : 50315   HWcycles : 434
23:   SWcycles : 50315   HWcycles : 434
24:   SWcycles : 50315   HWcycles : 434
25:   SWcycles : 50315   HWcycles : 434
26:   SWcycles : 50315   HWcycles : 434
27:   SWcycles : 50315   HWcycles : 434
28:   SWcycles : 50315   HWcycles : 434
29:   SWcycles : 50315   HWcycles : 434
DEC 100 A bytes 496 
0:   SWcycles : 198085   HWcycles : 1238
1:   SWcycles : 198065   HWcycles : 1238
2:   SWcycles : 198065   HWcycles : 1237
3:   SWcycles : 198065   HWcycles : 1234
4:   SWcycles : 198065   HWcycles : 1234
5:   SWcycles : 198065   HWcycles : 1234
6:   SWcycles : 198065   HWcycles : 1234
7:   SWcycles : 198065   HWcycles : 1234
8:   SWcycles : 198065   HWcycles : 1234
9:   SWcycles : 198065   HWcycles : 1234
10:   SWcycles : 198065   HWcycles : 1234
11:   SWcycles : 198065   HWcycles : 1234
12:   SWcycles : 198065   HWcycles : 1234
13:   SWcycles : 198065   HWcycles : 1234
14:   SWcycles : 198065   HWcycles : 1234
15:   SWcycles : 198065   HWcycles : 1234
16:   SWcycles : 198065   HWcycles : 1234
17:   SWcycles : 198065   HWcycles : 1234
18:   SWcycles : 198065   HWcycles : 1234
19:   SWcycles : 198065   HWcycles : 1234
20:   SWcycles : 198065   HWcycles : 1234
21:   SWcycles : 198065   HWcycles : 1234
22:   SWcycles : 198065   HWcycles : 1234
23:   SWcycles : 198065   HWcycles : 1234
24:   SWcycles : 198065   HWcycles : 1234
25:   SWcycles : 198065   HWcycles : 1234
26:   SWcycles : 198065   HWcycles : 1234
27:   SWcycles : 198065   HWcycles : 1234
28:   SWcycles : 198065   HWcycles : 1234
29:   SWcycles : 198065   HWcycles : 1234
DEC 100 A bytes 1000 
0:   SWcycles : 384253   HWcycles : 2246
1:   SWcycles : 384230   HWcycles : 2246
2:   SWcycles : 384230   HWcycles : 2245
3:   SWcycles : 384230   HWcycles : 2242
4:   SWcycles : 384230   HWcycles : 2242
5:   SWcycles : 384230   HWcycles : 2242
6:   SWcycles : 384230   HWcycles : 2242
7:   SWcycles : 384230   HWcycles : 2242
8:   SWcycles : 384230   HWcycles : 2242
9:   SWcycles : 384230   HWcycles : 2242
10:   SWcycles : 384230   HWcycles : 2242
11:   SWcycles : 384230   HWcycles : 2242
12:   SWcycles : 384230   HWcycles : 2242
13:   SWcycles : 384230   HWcycles : 2242
14:   SWcycles : 384230   HWcycles : 2242
15:   SWcycles : 384230   HWcycles : 2242
16:   SWcycles : 384230   HWcycles : 2242
17:   SWcycles : 384230   HWcycles : 2242
18:   SWcycles : 384230   HWcycles : 2242
19:   SWcycles : 384230   HWcycles : 2242
20:   SWcycles : 384230   HWcycles : 2242
21:   SWcycles : 384230   HWcycles : 2242
22:   SWcycles : 384230   HWcycles : 2242
23:   SWcycles : 384230   HWcycles : 2242
24:   SWcycles : 384230   HWcycles : 2242
25:   SWcycles : 384230   HWcycles : 2242
26:   SWcycles : 384230   HWcycles : 2242
27:   SWcycles : 384230   HWcycles : 2242
28:   SWcycles : 384230   HWcycles : 2242
29:   SWcycles : 384230   HWcycles : 2242
DEC 100 A bytes 5000 
0:   SWcycles : 1861752   HWcycles : 10246
1:   SWcycles : 1861729   HWcycles : 10245
2:   SWcycles : 1861729   HWcycles : 10246
3:   SWcycles : 1861729   HWcycles : 10242
4:   SWcycles : 1861729   HWcycles : 10242
5:   SWcycles : 1861729   HWcycles : 10242
6:   SWcycles : 1861729   HWcycles : 10242
7:   SWcycles : 1861729   HWcycles : 10242
8:   SWcycles : 1861729   HWcycles : 10242
9:   SWcycles : 1861729   HWcycles : 10242
10:   SWcycles : 1861729   HWcycles : 10242
11:   SWcycles : 1861729   HWcycles : 10242
12:   SWcycles : 1861729   HWcycles : 10242
13:   SWcycles : 1861729   HWcycles : 10242
14:   SWcycles : 1861729   HWcycles : 10242
15:   SWcycles : 1861729   HWcycles : 10242
16:   SWcycles : 1861729   HWcycles : 10242
17:   SWcycles : 1861729   HWcycles : 10242
18:   SWcycles : 1861729   HWcycles : 10242
19:   SWcycles : 1861729   HWcycles : 10242
20:   SWcycles : 1861729   HWcycles : 10242
21:   SWcycles : 1861729   HWcycles : 10242
22:   SWcycles : 1861729   HWcycles : 10242
23:   SWcycles : 1861729   HWcycles : 10242
24:   SWcycles : 1861729   HWcycles : 10242
25:   SWcycles : 1861729   HWcycles : 10242
26:   SWcycles : 1861729   HWcycles : 10242
27:   SWcycles : 1861729   HWcycles : 10242
28:   SWcycles : 1861729   HWcycles : 10242
29:   SWcycles : 1861729   HWcycles : 10242
DEC 100 A bytes 10000 
0:   SWcycles : 3708628   HWcycles : 20246
1:   SWcycles : 3708605   HWcycles : 20245
2:   SWcycles : 3708605   HWcycles : 20245
3:   SWcycles : 3708605   HWcycles : 20242
4:   SWcycles : 3708605   HWcycles : 20242
5:   SWcycles : 3708605   HWcycles : 20242
6:   SWcycles : 3708605   HWcycles : 20242
7:   SWcycles : 3708605   HWcycles : 20242
8:   SWcycles : 3708605   HWcycles : 20242
9:   SWcycles : 3708605   HWcycles : 20242
10:   SWcycles : 3708605   HWcycles : 20242
11:   SWcycles : 3708605   HWcycles : 20242
12:   SWcycles : 3708605   HWcycles : 20242
13:   SWcycles : 3708605   HWcycles : 20242
14:   SWcycles : 3708605   HWcycles : 20242
15:   SWcycles : 3708605   HWcycles : 20242
16:   SWcycles : 3708605   HWcycles : 20242
17:   SWcycles : 3708605   HWcycles : 20242
18:   SWcycles : 3708605   HWcycles : 20242
19:   SWcycles : 3708605   HWcycles : 20242
20:   SWcycles : 3708605   HWcycles : 20242
21:   SWcycles : 3708605   HWcycles : 20242
22:   SWcycles : 3708605   HWcycles : 20242
23:   SWcycles : 3708605   HWcycles : 20242
24:   SWcycles : 3708605   HWcycles : 20242
25:   SWcycles : 3708605   HWcycles : 20242
26:   SWcycles : 3708605   HWcycles : 20242
27:   SWcycles : 3708605   HWcycles : 20242
28:   SWcycles : 3708605   HWcycles : 20242
29:   SWcycles : 3708605   HWcycles : 20242
HASH 
HASH 100 A bytes 0 
0:   SWcycles : 41542   HWcycles : 4757
1:   SWcycles : 23455   HWcycles : 163
2:   SWcycles : 23451   HWcycles : 166
3:   SWcycles : 23451   HWcycles : 166
4:   SWcycles : 23451   HWcycles : 163
5:   SWcycles : 23451   HWcycles : 163
6:   SWcycles : 23451   HWcycles : 163
7:   SWcycles : 23451   HWcycles : 166
8:   SWcycles : 23451   HWcycles : 166
9:   SWcycles : 23451   HWcycles : 163
10:   SWcycles : 23451   HWcycles : 163
11:   SWcycles : 23451   HWcycles : 163
12:   SWcycles : 23451   HWcycles : 166
13:   SWcycles : 23451   HWcycles : 166
14:   SWcycles : 23451   HWcycles : 163
15:   SWcycles : 23451   HWcycles : 163
16:   SWcycles : 23451   HWcycles : 163
17:   SWcycles : 23451   HWcycles : 166
18:   SWcycles : 23451   HWcycles : 166
19:   SWcycles : 23451   HWcycles : 163
20:   SWcycles : 23451   HWcycles : 163
21:   SWcycles : 23451   HWcycles : 163
22:   SWcycles : 23451   HWcycles : 166
23:   SWcycles : 23451   HWcycles : 166
24:   SWcycles : 23451   HWcycles : 163
25:   SWcycles : 23451   HWcycles : 163
26:   SWcycles : 23451   HWcycles : 163
27:   SWcycles : 23451   HWcycles : 166
28:   SWcycles : 23451   HWcycles : 166
29:   SWcycles : 23451   HWcycles : 163
HASH 100 A bytes 8 
0:   SWcycles : 52685   HWcycles : 205
1:   SWcycles : 35165   HWcycles : 205
2:   SWcycles : 35154   HWcycles : 205
3:   SWcycles : 35153   HWcycles : 205
4:   SWcycles : 35153   HWcycles : 205
5:   SWcycles : 35153   HWcycles : 202
6:   SWcycles : 35153   HWcycles : 202
7:   SWcycles : 35153   HWcycles : 202
8:   SWcycles : 35153   HWcycles : 202
9:   SWcycles : 35153   HWcycles : 202
10:   SWcycles : 35153   HWcycles : 202
11:   SWcycles : 35153   HWcycles : 202
12:   SWcycles : 35153   HWcycles : 202
13:   SWcycles : 35153   HWcycles : 202
14:   SWcycles : 35153   HWcycles : 202
15:   SWcycles : 35153   HWcycles : 202
16:   SWcycles : 35153   HWcycles : 202
17:   SWcycles : 35153   HWcycles : 202
18:   SWcycles : 35153   HWcycles : 202
19:   SWcycles : 35153   HWcycles : 202
20:   SWcycles : 35153   HWcycles : 202
21:   SWcycles : 35153   HWcycles : 202
22:   SWcycles : 35153   HWcycles : 202
23:   SWcycles : 35153   HWcycles : 202
24:   SWcycles : 35153   HWcycles : 202
25:   SWcycles : 35153   HWcycles : 202
26:   SWcycles : 35153   HWcycles : 202
27:   SWcycles : 35153   HWcycles : 202
28:   SWcycles : 35153   HWcycles : 202
29:   SWcycles : 35153   HWcycles : 202
HASH 100 A bytes 96 
0:   SWcycles : 99473   HWcycles : 447
1:   SWcycles : 99463   HWcycles : 447
2:   SWcycles : 99461   HWcycles : 447
3:   SWcycles : 99460   HWcycles : 447
4:   SWcycles : 99460   HWcycles : 444
5:   SWcycles : 99460   HWcycles : 444
6:   SWcycles : 99460   HWcycles : 444
7:   SWcycles : 99460   HWcycles : 444
8:   SWcycles : 99460   HWcycles : 444
9:   SWcycles : 99460   HWcycles : 444
10:   SWcycles : 99460   HWcycles : 444
11:   SWcycles : 99460   HWcycles : 444
12:   SWcycles : 99460   HWcycles : 444
13:   SWcycles : 99460   HWcycles : 444
14:   SWcycles : 99460   HWcycles : 444
15:   SWcycles : 99460   HWcycles : 444
16:   SWcycles : 99460   HWcycles : 444
17:   SWcycles : 99460   HWcycles : 444
18:   SWcycles : 99460   HWcycles : 444
19:   SWcycles : 99460   HWcycles : 444
20:   SWcycles : 99460   HWcycles : 444
21:   SWcycles : 99460   HWcycles : 444
22:   SWcycles : 99460   HWcycles : 444
23:   SWcycles : 99460   HWcycles : 444
24:   SWcycles : 99460   HWcycles : 444
25:   SWcycles : 99460   HWcycles : 444
26:   SWcycles : 99460   HWcycles : 444
27:   SWcycles : 99460   HWcycles : 444
28:   SWcycles : 99460   HWcycles : 444
29:   SWcycles : 99460   HWcycles : 444
HASH 100 A bytes 496 
0:   SWcycles : 391771   HWcycles : 1547
1:   SWcycles : 391763   HWcycles : 1547
2:   SWcycles : 391760   HWcycles : 1547
3:   SWcycles : 391760   HWcycles : 1547
4:   SWcycles : 391760   HWcycles : 1544
5:   SWcycles : 391760   HWcycles : 1544
6:   SWcycles : 391760   HWcycles : 1544
7:   SWcycles : 391760   HWcycles : 1544
8:   SWcycles : 391760   HWcycles : 1544
9:   SWcycles : 391760   HWcycles : 1544
10:   SWcycles : 391760   HWcycles : 1544
11:   SWcycles : 391760   HWcycles : 1544
12:   SWcycles : 391760   HWcycles : 1544
13:   SWcycles : 391760   HWcycles : 1544
14:   SWcycles : 391760   HWcycles : 1544
15:   SWcycles : 391760   HWcycles : 1544
16:   SWcycles : 391760   HWcycles : 1544
17:   SWcycles : 391760   HWcycles : 1544
18:   SWcycles : 391760   HWcycles : 1544
19:   SWcycles : 391760   HWcycles : 1544
20:   SWcycles : 391760   HWcycles : 1544
21:   SWcycles : 391760   HWcycles : 1544
22:   SWcycles : 391760   HWcycles : 1544
23:   SWcycles : 391760   HWcycles : 1544
24:   SWcycles : 391760   HWcycles : 1544
25:   SWcycles : 391760   HWcycles : 1544
26:   SWcycles : 391760   HWcycles : 1544
27:   SWcycles : 391760   HWcycles : 1544
28:   SWcycles : 391760   HWcycles : 1544
29:   SWcycles : 391760   HWcycles : 1544
HASH 100 A bytes 1000 
0:   SWcycles : 760067   HWcycles : 2933
1:   SWcycles : 760061   HWcycles : 2933
2:   SWcycles : 760057   HWcycles : 2933
3:   SWcycles : 760057   HWcycles : 2933
4:   SWcycles : 760057   HWcycles : 2930
5:   SWcycles : 760057   HWcycles : 2930
6:   SWcycles : 760057   HWcycles : 2930
7:   SWcycles : 760057   HWcycles : 2930
8:   SWcycles : 760057   HWcycles : 2930
9:   SWcycles : 760057   HWcycles : 2930
10:   SWcycles : 760057   HWcycles : 2930
11:   SWcycles : 760057   HWcycles : 2930
12:   SWcycles : 760057   HWcycles : 2930
13:   SWcycles : 760057   HWcycles : 2930
14:   SWcycles : 760057   HWcycles : 2930
15:   SWcycles : 760057   HWcycles : 2930
16:   SWcycles : 760057   HWcycles : 2930
17:   SWcycles : 760057   HWcycles : 2930
18:   SWcycles : 760057   HWcycles : 2930
19:   SWcycles : 760057   HWcycles : 2930
20:   SWcycles : 760057   HWcycles : 2930
21:   SWcycles : 760057   HWcycles : 2930
22:   SWcycles : 760057   HWcycles : 2930
23:   SWcycles : 760057   HWcycles : 2930
24:   SWcycles : 760057   HWcycles : 2930
25:   SWcycles : 760057   HWcycles : 2930
26:   SWcycles : 760057   HWcycles : 2930
27:   SWcycles : 760057   HWcycles : 2930
28:   SWcycles : 760057   HWcycles : 2930
29:   SWcycles : 760057   HWcycles : 2930
HASH 100 A bytes 5000 
0:   SWcycles : 3683065   HWcycles : 13933
1:   SWcycles : 3683060   HWcycles : 13933
2:   SWcycles : 3683058   HWcycles : 13933
3:   SWcycles : 3683057   HWcycles : 13933
4:   SWcycles : 3683057   HWcycles : 13930
5:   SWcycles : 3683057   HWcycles : 13930
6:   SWcycles : 3683057   HWcycles : 13930
7:   SWcycles : 3683057   HWcycles : 13930
8:   SWcycles : 3683057   HWcycles : 13930
9:   SWcycles : 3683057   HWcycles : 13930
10:   SWcycles : 3683057   HWcycles : 13930
11:   SWcycles : 3683057   HWcycles : 13930
12:   SWcycles : 3683057   HWcycles : 13930
13:   SWcycles : 3683057   HWcycles : 13930
14:   SWcycles : 3683057   HWcycles : 13930
15:   SWcycles : 3683057   HWcycles : 13930
16:   SWcycles : 3683057   HWcycles : 13930
17:   SWcycles : 3683057   HWcycles : 13930
18:   SWcycles : 3683057   HWcycles : 13930
19:   SWcycles : 3683057   HWcycles : 13930
20:   SWcycles : 3683057   HWcycles : 13930
21:   SWcycles : 3683057   HWcycles : 13930
22:   SWcycles : 3683057   HWcycles : 13930
23:   SWcycles : 3683057   HWcycles : 13930
24:   SWcycles : 3683057   HWcycles : 13930
25:   SWcycles : 3683057   HWcycles : 13930
26:   SWcycles : 3683057   HWcycles : 13930
27:   SWcycles : 3683057   HWcycles : 13930
28:   SWcycles : 3683057   HWcycles : 13930
29:   SWcycles : 3683057   HWcycles : 13930
HASH 100 A bytes 10000 
0:   SWcycles : 7336815   HWcycles : 27683
1:   SWcycles : 7336810   HWcycles : 27683
2:   SWcycles : 7336807   HWcycles : 27683
3:   SWcycles : 7336807   HWcycles : 27683
4:   SWcycles : 7336807   HWcycles : 27680
5:   SWcycles : 7336807   HWcycles : 27680
6:   SWcycles : 7336807   HWcycles : 27680
7:   SWcycles : 7336807   HWcycles : 27680
8:   SWcycles : 7336807   HWcycles : 27680
9:   SWcycles : 7336807   HWcycles : 27680
10:   SWcycles : 7336807   HWcycles : 27680
11:   SWcycles : 7336807   HWcycles : 27680
12:   SWcycles : 7336807   HWcycles : 27680
13:   SWcycles : 7336807   HWcycles : 27680
14:   SWcycles : 7336807   HWcycles : 27680
15:   SWcycles : 7336807   HWcycles : 27680
16:   SWcycles : 7336807   HWcycles : 27680
17:   SWcycles : 7336807   HWcycles : 27680
18:   SWcycles : 7336807   HWcycles : 27680
19:   SWcycles : 7336807   HWcycles : 27680
20:   SWcycles : 7336807   HWcycles : 27680
21:   SWcycles : 7336807   HWcycles : 27680
22:   SWcycles : 7336807   HWcycles : 27680
23:   SWcycles : 7336807   HWcycles : 27680
24:   SWcycles : 7336807   HWcycles : 27680
25:   SWcycles : 7336807   HWcycles : 27680
26:   SWcycles : 7336807   HWcycles : 27680
27:   SWcycles : 7336807   HWcycles : 27680
28:   SWcycles : 7336807   HWcycles : 27680
29:   SWcycles : 7336807   HWcycles : 27680
Random 
RANDOM bytes 0 
0:   SWcycles : 29494   HWcycles : 91
1:   SWcycles : 11703   HWcycles : 74
2:   SWcycles : 11698   HWcycles : 71
3:   SWcycles : 11698   HWcycles : 71
4:   SWcycles : 11702   HWcycles : 68
5:   SWcycles : 11698   HWcycles : 71
6:   SWcycles : 11698   HWcycles : 68
7:   SWcycles : 11702   HWcycles : 71
8:   SWcycles : 11698   HWcycles : 68
9:   SWcycles : 11698   HWcycles : 71
10:   SWcycles : 11702   HWcycles : 68
11:   SWcycles : 11698   HWcycles : 71
12:   SWcycles : 11698   HWcycles : 68
13:   SWcycles : 11702   HWcycles : 71
14:   SWcycles : 11698   HWcycles : 68
15:   SWcycles : 11698   HWcycles : 71
16:   SWcycles : 11702   HWcycles : 68
17:   SWcycles : 11698   HWcycles : 71
18:   SWcycles : 11698   HWcycles : 68
19:   SWcycles : 11702   HWcycles : 71
20:   SWcycles : 11698   HWcycles : 68
21:   SWcycles : 11698   HWcycles : 71
22:   SWcycles : 11702   HWcycles : 68
23:   SWcycles : 11698   HWcycles : 71
24:   SWcycles : 11698   HWcycles : 68
25:   SWcycles : 11702   HWcycles : 71
26:   SWcycles : 11698   HWcycles : 68
27:   SWcycles : 11698   HWcycles : 71
28:   SWcycles : 11702   HWcycles : 68
29:   SWcycles : 11698   HWcycles : 71
RANDOM bytes 1 
0:   SWcycles : 22172   HWcycles : 135
1:   SWcycles : 17584   HWcycles : 137
2:   SWcycles : 17591   HWcycles : 137
3:   SWcycles : 17588   HWcycles : 137
4:   SWcycles : 17588   HWcycles : 131
5:   SWcycles : 17588   HWcycles : 131
6:   SWcycles : 17588   HWcycles : 131
7:   SWcycles : 17588   HWcycles : 131
8:   SWcycles : 17588   HWcycles : 131
9:   SWcycles : 17588   HWcycles : 131
10:   SWcycles : 17588   HWcycles : 131
11:   SWcycles : 17588   HWcycles : 131
12:   SWcycles : 17588   HWcycles : 131
13:   SWcycles : 17588   HWcycles : 131
14:   SWcycles : 17588   HWcycles : 131
15:   SWcycles : 17588   HWcycles : 131
16:   SWcycles : 17588   HWcycles : 131
17:   SWcycles : 17588   HWcycles : 131
18:   SWcycles : 17588   HWcycles : 131
19:   SWcycles : 17588   HWcycles : 131
20:   SWcycles : 17588   HWcycles : 131
21:   SWcycles : 17588   HWcycles : 131
22:   SWcycles : 17588   HWcycles : 131
23:   SWcycles : 17588   HWcycles : 131
24:   SWcycles : 17588   HWcycles : 131
25:   SWcycles : 17588   HWcycles : 131
26:   SWcycles : 17588   HWcycles : 131
27:   SWcycles : 17588   HWcycles : 131
28:   SWcycles : 17588   HWcycles : 131
29:   SWcycles : 17588   HWcycles : 131
RANDOM bytes 12 
0:   SWcycles : 81825   HWcycles : 311
1:   SWcycles : 81816   HWcycles : 307
2:   SWcycles : 81813   HWcycles : 307
3:   SWcycles : 81813   HWcycles : 310
4:   SWcycles : 81813   HWcycles : 307
5:   SWcycles : 81813   HWcycles : 307
6:   SWcycles : 81813   HWcycles : 310
7:   SWcycles : 81813   HWcycles : 307
8:   SWcycles : 81813   HWcycles : 307
9:   SWcycles : 81813   HWcycles : 310
10:   SWcycles : 81813   HWcycles : 307
11:   SWcycles : 81813   HWcycles : 307
12:   SWcycles : 81813   HWcycles : 310
13:   SWcycles : 81813   HWcycles : 307
14:   SWcycles : 81813   HWcycles : 307
15:   SWcycles : 81813   HWcycles : 310
16:   SWcycles : 81813   HWcycles : 307
17:   SWcycles : 81813   HWcycles : 307
18:   SWcycles : 81813   HWcycles : 310
19:   SWcycles : 81813   HWcycles : 307
20:   SWcycles : 81813   HWcycles : 307
21:   SWcycles : 81813   HWcycles : 310
22:   SWcycles : 81813   HWcycles : 307
23:   SWcycles : 81813   HWcycles : 307
24:   SWcycles : 81813   HWcycles : 310
25:   SWcycles : 81813   HWcycles : 307
26:   SWcycles : 81813   HWcycles : 307
27:   SWcycles : 81813   HWcycles : 310
28:   SWcycles : 81813   HWcycles : 307
29:   SWcycles : 81813   HWcycles : 307
RANDOM bytes 62
0:   SWcycles : 373769   HWcycles : 1111
1:   SWcycles : 373763   HWcycles : 1107
2:   SWcycles : 373763   HWcycles : 1107
3:   SWcycles : 373763   HWcycles : 1110
4:   SWcycles : 373763   HWcycles : 1107
5:   SWcycles : 373763   HWcycles : 1107
6:   SWcycles : 373763   HWcycles : 1110
7:   SWcycles : 373763   HWcycles : 1107
8:   SWcycles : 373763   HWcycles : 1107
9:   SWcycles : 373763   HWcycles : 1110
10:   SWcycles : 373763   HWcycles : 1107
11:   SWcycles : 373763   HWcycles : 1107
12:   SWcycles : 373763   HWcycles : 1110
13:   SWcycles : 373763   HWcycles : 1107
14:   SWcycles : 373763   HWcycles : 1107
15:   SWcycles : 373763   HWcycles : 1110
16:   SWcycles : 373763   HWcycles : 1107
17:   SWcycles : 373763   HWcycles : 1107
18:   SWcycles : 373763   HWcycles : 1110
19:   SWcycles : 373763   HWcycles : 1107
20:   SWcycles : 373763   HWcycles : 1107
21:   SWcycles : 373763   HWcycles : 1110
22:   SWcycles : 373763   HWcycles : 1107
23:   SWcycles : 373763   HWcycles : 1107
24:   SWcycles : 373763   HWcycles : 1110
25:   SWcycles : 373763   HWcycles : 1107
26:   SWcycles : 373763   HWcycles : 1107
27:   SWcycles : 373763   HWcycles : 1110
28:   SWcycles : 373763   HWcycles : 1107
29:   SWcycles : 373763   HWcycles : 1107
RANDOM bytes 125
0:   SWcycles : 741626   HWcycles : 2119
1:   SWcycles : 741621   HWcycles : 2115
2:   SWcycles : 741620   HWcycles : 2115
3:   SWcycles : 741620   HWcycles : 2118
4:   SWcycles : 741620   HWcycles : 2115
5:   SWcycles : 741620   HWcycles : 2115
6:   SWcycles : 741620   HWcycles : 2118
7:   SWcycles : 741620   HWcycles : 2115
8:   SWcycles : 741620   HWcycles : 2115
9:   SWcycles : 741620   HWcycles : 2118
10:   SWcycles : 741620   HWcycles : 2115
11:   SWcycles : 741620   HWcycles : 2115
12:   SWcycles : 741620   HWcycles : 2118
13:   SWcycles : 741620   HWcycles : 2115
14:   SWcycles : 741620   HWcycles : 2115
15:   SWcycles : 741620   HWcycles : 2118
16:   SWcycles : 741620   HWcycles : 2115
17:   SWcycles : 741620   HWcycles : 2115
18:   SWcycles : 741620   HWcycles : 2118
19:   SWcycles : 741620   HWcycles : 2115
20:   SWcycles : 741620   HWcycles : 2115
21:   SWcycles : 741620   HWcycles : 2118
22:   SWcycles : 741620   HWcycles : 2115
23:   SWcycles : 741620   HWcycles : 2115
24:   SWcycles : 741620   HWcycles : 2118
25:   SWcycles : 741620   HWcycles : 2115
26:   SWcycles : 741620   HWcycles : 2115
27:   SWcycles : 741620   HWcycles : 2118
28:   SWcycles : 741620   HWcycles : 2115
29:   SWcycles : 741620   HWcycles : 2115
RANDOM bytes 625
0:   SWcycles : 3661126   HWcycles : 10119
1:   SWcycles : 3661121   HWcycles : 10115
2:   SWcycles : 3661120   HWcycles : 10115
3:   SWcycles : 3661120   HWcycles : 10118
4:   SWcycles : 3661120   HWcycles : 10115
5:   SWcycles : 3661120   HWcycles : 10115
6:   SWcycles : 3661120   HWcycles : 10118
7:   SWcycles : 3661120   HWcycles : 10115
8:   SWcycles : 3661120   HWcycles : 10115
9:   SWcycles : 3661120   HWcycles : 10118
10:   SWcycles : 3661120   HWcycles : 10115
11:   SWcycles : 3661120   HWcycles : 10115
12:   SWcycles : 3661120   HWcycles : 10118
13:   SWcycles : 3661120   HWcycles : 10115
14:   SWcycles : 3661120   HWcycles : 10115
15:   SWcycles : 3661120   HWcycles : 10118
16:   SWcycles : 3661120   HWcycles : 10115
17:   SWcycles : 3661120   HWcycles : 10115
18:   SWcycles : 3661120   HWcycles : 10118
19:   SWcycles : 3661120   HWcycles : 10115
20:   SWcycles : 3661120   HWcycles : 10115
21:   SWcycles : 3661120   HWcycles : 10118
22:   SWcycles : 3661120   HWcycles : 10115
23:   SWcycles : 3661120   HWcycles : 10115
24:   SWcycles : 3661120   HWcycles : 10118
25:   SWcycles : 3661120   HWcycles : 10115
26:   SWcycles : 3661120   HWcycles : 10115
27:   SWcycles : 3661120   HWcycles : 10118
28:   SWcycles : 3661120   HWcycles : 10115
29:   SWcycles : 3661120   HWcycles : 10115
RANDOM bytes 1250
0:   SWcycles : 7310501   HWcycles : 20119
1:   SWcycles : 7310496   HWcycles : 20115
2:   SWcycles : 7310495   HWcycles : 20115
3:   SWcycles : 7310495   HWcycles : 20118
4:   SWcycles : 7310495   HWcycles : 20115
5:   SWcycles : 7310495   HWcycles : 20115
6:   SWcycles : 7310495   HWcycles : 20118
7:   SWcycles : 7310495   HWcycles : 20115
8:   SWcycles : 7310495   HWcycles : 20115
9:   SWcycles : 7310495   HWcycles : 20118
10:   SWcycles : 7310495   HWcycles : 20115
11:   SWcycles : 7310495   HWcycles : 20115
12:   SWcycles : 7310495   HWcycles : 20118
13:   SWcycles : 7310495   HWcycles : 20115
14:   SWcycles : 7310495   HWcycles : 20115
15:   SWcycles : 7310495   HWcycles : 20118
16:   SWcycles : 7310495   HWcycles : 20115
17:   SWcycles : 7310495   HWcycles : 20115
18:   SWcycles : 7310495   HWcycles : 20118
19:   SWcycles : 7310495   HWcycles : 20115
20:   SWcycles : 7310495   HWcycles : 20115
21:   SWcycles : 7310495   HWcycles : 20118
22:   SWcycles : 7310495   HWcycles : 20115
23:   SWcycles : 7310495   HWcycles : 20115
24:   SWcycles : 7310495   HWcycles : 20118
25:   SWcycles : 7310495   HWcycles : 20115
26:   SWcycles : 7310495   HWcycles : 20115
27:   SWcycles : 7310495   HWcycles : 20118
28:   SWcycles : 7310495   HWcycles : 20115
29:   SWcycles : 7310495   HWcycles : 20115
